
**** Build of configuration Debug for project BSP ****

"C:\\ti\\ccsv7\\utils\\bin\\gmake" -k -j 4 all -O 
gmake[1]: 'BSP.out' is up to date.

**** Build Finished ****

**** Build of configuration Debug for project BSP ****

"C:\\ti\\ccsv7\\utils\\bin\\gmake" -k -j 4 all -O 
gmake[1]: 'BSP.out' is up to date.

**** Build Finished ****

**** Build of configuration Debug for project BSP ****

"C:\\ti\\ccsv7\\utils\\bin\\gmake" -k -j 4 all -O 
'Building file: ../slugTest.c'
'Invoking: ARM Compiler'
"C:/ti/ccsv7/tools/compiler/ti-cgt-arm_17.3.0.STS/bin/armcl" -mv7M4 --code_state=16 --float_support=FPv4SPD16 -me --include_path="C:/ti/ccsv7/tools/compiler/ti-cgt-arm_17.3.0.STS/include" --include_path="C:/ti/TivaWare_C_Series-2.1.4.178" --define=ccs="ccs" --define=PART_TM4C123GH6PM -g --gcc --diag_warning=225 --diag_wrap=off --display_error_number --abi=eabi --preproc_with_compile --preproc_dependency="slugTest.d"  "../slugTest.c"
'Finished building: ../slugTest.c'
' '
'Building target: BSP.out'
'Invoking: ARM Linker'
"C:/ti/ccsv7/tools/compiler/ti-cgt-arm_17.3.0.STS/bin/armcl" -mv7M4 --code_state=16 --float_support=FPv4SPD16 -me --define=ccs="ccs" --define=PART_TM4C123GH6PM -g --gcc --diag_warning=225 --diag_wrap=off --display_error_number --abi=eabi -z -m"BSP.map" --heap_size=0 --stack_size=512 -i"C:/ti/ccsv7/tools/compiler/ti-cgt-arm_17.3.0.STS/lib" -i"C:/ti/ccsv7/tools/compiler/ti-cgt-arm_17.3.0.STS/include" --reread_libs --diag_wrap=off --display_error_number --warn_sections --xml_link_info="BSP_linkInfo.xml" --rom_model -o "BSP.out" "./slug.obj" "./slugTest.obj" "./tm4c123gh6pm_startup_ccs.obj" "../tm4c123gh6pm.cmd"  -llibc.a -l"C:/ti/TivaWare_C_Series-2.1.4.178/driverlib/ccs/Debug/driverlib.lib" 
<Linking>
'Finished building target: BSP.out'
' '

**** Build Finished ****

**** Build of configuration Debug for project BSP ****

"C:\\ti\\ccsv7\\utils\\bin\\gmake" -k -j 4 all -O 
gmake[1]: 'BSP.out' is up to date.

**** Build Finished ****

**** Build of configuration Debug for project BSP ****

"C:\\ti\\ccsv7\\utils\\bin\\gmake" -k -j 4 all -O 
'Building file: ../slugTest.c'
'Invoking: ARM Compiler'
"C:/ti/ccsv7/tools/compiler/ti-cgt-arm_17.3.0.STS/bin/armcl" -mv7M4 --code_state=16 --float_support=FPv4SPD16 -me --include_path="C:/ti/ccsv7/tools/compiler/ti-cgt-arm_17.3.0.STS/include" --include_path="C:/ti/TivaWare_C_Series-2.1.4.178" --define=ccs="ccs" --define=PART_TM4C123GH6PM -g --gcc --diag_warning=225 --diag_wrap=off --display_error_number --abi=eabi --preproc_with_compile --preproc_dependency="slugTest.d"  "../slugTest.c"
'Finished building: ../slugTest.c'
' '
'Building target: BSP.out'
'Invoking: ARM Linker'
"C:/ti/ccsv7/tools/compiler/ti-cgt-arm_17.3.0.STS/bin/armcl" -mv7M4 --code_state=16 --float_support=FPv4SPD16 -me --define=ccs="ccs" --define=PART_TM4C123GH6PM -g --gcc --diag_warning=225 --diag_wrap=off --display_error_number --abi=eabi -z -m"BSP.map" --heap_size=0 --stack_size=512 -i"C:/ti/ccsv7/tools/compiler/ti-cgt-arm_17.3.0.STS/lib" -i"C:/ti/ccsv7/tools/compiler/ti-cgt-arm_17.3.0.STS/include" --reread_libs --diag_wrap=off --display_error_number --warn_sections --xml_link_info="BSP_linkInfo.xml" --rom_model -o "BSP.out" "./slug.obj" "./slugTest.obj" "./tm4c123gh6pm_startup_ccs.obj" "../tm4c123gh6pm.cmd"  -llibc.a -l"C:/ti/TivaWare_C_Series-2.1.4.178/driverlib/ccs/Debug/driverlib.lib" 
<Linking>
'Finished building target: BSP.out'
' '

**** Build Finished ****

**** Build of configuration Debug for project BSP ****

"C:\\ti\\ccsv7\\utils\\bin\\gmake" -k -j 4 all -O 
gmake[1]: 'BSP.out' is up to date.

**** Build Finished ****

**** Build of configuration Debug for project BSP ****

"C:\\ti\\ccsv7\\utils\\bin\\gmake" -k -j 4 all -O 
gmake[1]: 'BSP.out' is up to date.

**** Build Finished ****

**** Build of configuration Debug for project BSP ****

"C:\\ti\\ccsv7\\utils\\bin\\gmake" -k -j 4 all -O 
'Building file: ../slugTest.c'
'Invoking: ARM Compiler'
"C:/ti/ccsv7/tools/compiler/ti-cgt-arm_17.3.0.STS/bin/armcl" -mv7M4 --code_state=16 --float_support=FPv4SPD16 -me --include_path="C:/ti/ccsv7/tools/compiler/ti-cgt-arm_17.3.0.STS/include" --include_path="C:/ti/TivaWare_C_Series-2.1.4.178" --define=ccs="ccs" --define=PART_TM4C123GH6PM -g --gcc --diag_warning=225 --diag_wrap=off --display_error_number --abi=eabi --preproc_with_compile --preproc_dependency="slugTest.d"  "../slugTest.c"
"../slugTest.c", line 7: warning #552-D: variable "period" was set but never used
'Finished building: ../slugTest.c'
' '
'Building target: BSP.out'
'Invoking: ARM Linker'
"C:/ti/ccsv7/tools/compiler/ti-cgt-arm_17.3.0.STS/bin/armcl" -mv7M4 --code_state=16 --float_support=FPv4SPD16 -me --define=ccs="ccs" --define=PART_TM4C123GH6PM -g --gcc --diag_warning=225 --diag_wrap=off --display_error_number --abi=eabi -z -m"BSP.map" --heap_size=0 --stack_size=512 -i"C:/ti/ccsv7/tools/compiler/ti-cgt-arm_17.3.0.STS/lib" -i"C:/ti/ccsv7/tools/compiler/ti-cgt-arm_17.3.0.STS/include" --reread_libs --diag_wrap=off --display_error_number --warn_sections --xml_link_info="BSP_linkInfo.xml" --rom_model -o "BSP.out" "./slug.obj" "./slugTest.obj" "./tm4c123gh6pm_startup_ccs.obj" "../tm4c123gh6pm.cmd"  -llibc.a -l"C:/ti/TivaWare_C_Series-2.1.4.178/driverlib/ccs/Debug/driverlib.lib" 
<Linking>
'Finished building target: BSP.out'
' '

**** Build Finished ****

**** Build of configuration Debug for project BSP ****

"C:\\ti\\ccsv7\\utils\\bin\\gmake" -k -j 4 all -O 
gmake[1]: 'BSP.out' is up to date.

**** Build Finished ****

**** Build of configuration Debug for project BSP ****

"C:\\ti\\ccsv7\\utils\\bin\\gmake" -k -j 4 all -O 
gmake[1]: 'BSP.out' is up to date.

**** Build Finished ****

**** Build of configuration Debug for project BSP ****

"C:\\ti\\ccsv7\\utils\\bin\\gmake" -k -j 4 all -O 
'Building file: ../slugTest.c'
'Invoking: ARM Compiler'
"C:/ti/ccsv7/tools/compiler/ti-cgt-arm_17.3.0.STS/bin/armcl" -mv7M4 --code_state=16 --float_support=FPv4SPD16 -me --include_path="C:/ti/ccsv7/tools/compiler/ti-cgt-arm_17.3.0.STS/include" --include_path="C:/ti/TivaWare_C_Series-2.1.4.178" --define=ccs="ccs" --define=PART_TM4C123GH6PM -g --gcc --diag_warning=225 --diag_wrap=off --display_error_number --abi=eabi --preproc_with_compile --preproc_dependency="slugTest.d"  "../slugTest.c"
"../slugTest.c", line 7: warning #552-D: variable "period" was set but never used
'Finished building: ../slugTest.c'
' '
'Building target: BSP.out'
'Invoking: ARM Linker'
"C:/ti/ccsv7/tools/compiler/ti-cgt-arm_17.3.0.STS/bin/armcl" -mv7M4 --code_state=16 --float_support=FPv4SPD16 -me --define=ccs="ccs" --define=PART_TM4C123GH6PM -g --gcc --diag_warning=225 --diag_wrap=off --display_error_number --abi=eabi -z -m"BSP.map" --heap_size=0 --stack_size=512 -i"C:/ti/ccsv7/tools/compiler/ti-cgt-arm_17.3.0.STS/lib" -i"C:/ti/ccsv7/tools/compiler/ti-cgt-arm_17.3.0.STS/include" --reread_libs --diag_wrap=off --display_error_number --warn_sections --xml_link_info="BSP_linkInfo.xml" --rom_model -o "BSP.out" "./slug.obj" "./slugTest.obj" "./tm4c123gh6pm_startup_ccs.obj" "../tm4c123gh6pm.cmd"  -llibc.a -l"C:/ti/TivaWare_C_Series-2.1.4.178/driverlib/ccs/Debug/driverlib.lib" 
<Linking>
'Finished building target: BSP.out'
' '

**** Build Finished ****

**** Build of configuration Debug for project BSP ****

"C:\\ti\\ccsv7\\utils\\bin\\gmake" -k -j 4 all -O 
'Building file: ../slug.c'
'Invoking: ARM Compiler'
"C:/ti/ccsv7/tools/compiler/ti-cgt-arm_17.3.0.STS/bin/armcl" -mv7M4 --code_state=16 --float_support=FPv4SPD16 -me --include_path="C:/ti/ccsv7/tools/compiler/ti-cgt-arm_17.3.0.STS/include" --include_path="C:/ti/TivaWare_C_Series-2.1.4.178" --define=ccs="ccs" --define=PART_TM4C123GH6PM -g --gcc --diag_warning=225 --diag_wrap=off --display_error_number --abi=eabi --preproc_with_compile --preproc_dependency="slug.d"  "../slug.c"
"../slug.c", line 70: warning #994-D: missing return statement at end of non-void function "Button1_Init"
"../slug.c", line 206: warning #179-D: variable "MotorPWM" was declared but never referenced
"../slug.c", line 57: warning #179-D: variable "ClockFrequency" was declared but never referenced
'Finished building: ../slug.c'
' '
'Building target: BSP.out'
'Invoking: ARM Linker'
"C:/ti/ccsv7/tools/compiler/ti-cgt-arm_17.3.0.STS/bin/armcl" -mv7M4 --code_state=16 --float_support=FPv4SPD16 -me --define=ccs="ccs" --define=PART_TM4C123GH6PM -g --gcc --diag_warning=225 --diag_wrap=off --display_error_number --abi=eabi -z -m"BSP.map" --heap_size=0 --stack_size=512 -i"C:/ti/ccsv7/tools/compiler/ti-cgt-arm_17.3.0.STS/lib" -i"C:/ti/ccsv7/tools/compiler/ti-cgt-arm_17.3.0.STS/include" --reread_libs --diag_wrap=off --display_error_number --warn_sections --xml_link_info="BSP_linkInfo.xml" --rom_model -o "BSP.out" "./slug.obj" "./slugTest.obj" "./tm4c123gh6pm_startup_ccs.obj" "../tm4c123gh6pm.cmd"  -llibc.a -l"C:/ti/TivaWare_C_Series-2.1.4.178/driverlib/ccs/Debug/driverlib.lib" 
<Linking>
'Finished building target: BSP.out'
' '

**** Build Finished ****

**** Build of configuration Debug for project BSP ****

"C:\\ti\\ccsv7\\utils\\bin\\gmake" -k -j 4 all -O 
'Building file: ../slug.c'
'Invoking: ARM Compiler'
"C:/ti/ccsv7/tools/compiler/ti-cgt-arm_17.3.0.STS/bin/armcl" -mv7M4 --code_state=16 --float_support=FPv4SPD16 -me --include_path="C:/ti/ccsv7/tools/compiler/ti-cgt-arm_17.3.0.STS/include" --include_path="C:/ti/TivaWare_C_Series-2.1.4.178" --define=ccs="ccs" --define=PART_TM4C123GH6PM -g --gcc --diag_warning=225 --diag_wrap=off --display_error_number --abi=eabi --preproc_with_compile --preproc_dependency="slug.d"  "../slug.c"

>> Compilation failure
subdir_rules.mk:9: recipe for target 'slug.obj' failed
"../slug.c", line 70: warning #994-D: missing return statement at end of non-void function "Button1_Init"
"../slug.c", line 205: error #148: declaration is incompatible with "uint32_t Motor_Init(uint32_t)" (declared at line 101 of "..\slug.h")
"../slug.c", line 210: error #20: identifier "MotorDirectionPin" is undefined
"../slug.c", line 213: error #20: identifier "MotorPWMPin" is undefined
"../slug.c", line 232: error #167: too few arguments in function call
"../slug.c", line 233: error #66: expected a ";"
"../slug.c", line 231: warning #179-D: variable "dutyCycle" was declared but never referenced
"../slug.c", line 57: warning #179-D: variable "ClockFrequency" was declared but never referenced
5 errors detected in the compilation of "../slug.c".
gmake: *** [slug.obj] Error 1
gmake: Target 'all' not remade because of errors.

**** Build Finished ****

**** Build of configuration Debug for project BSP ****

"C:\\ti\\ccsv7\\utils\\bin\\gmake" -k -j 4 all -O 
'Building file: ../slugTest.c'
'Invoking: ARM Compiler'
"C:/ti/ccsv7/tools/compiler/ti-cgt-arm_17.3.0.STS/bin/armcl" -mv7M4 --code_state=16 --float_support=FPv4SPD16 -me --include_path="C:/ti/ccsv7/tools/compiler/ti-cgt-arm_17.3.0.STS/include" --include_path="C:/ti/TivaWare_C_Series-2.1.4.178" --define=ccs="ccs" --define=PART_TM4C123GH6PM -g --gcc --diag_warning=225 --diag_wrap=off --display_error_number --abi=eabi --preproc_with_compile --preproc_dependency="slugTest.d"  "../slugTest.c"

>> Compilation failure
subdir_rules.mk:16: recipe for target 'slugTest.obj' failed
"../slugTest.c", line 11: error #515: a value of type "void" cannot be assigned to an entity of type "uint32_t"
"../slugTest.c", line 7: warning #552-D: variable "period" was set but never used
1 error detected in the compilation of "../slugTest.c".
gmake: *** [slugTest.obj] Error 1
'Building file: ../slug.c'
'Invoking: ARM Compiler'
"C:/ti/ccsv7/tools/compiler/ti-cgt-arm_17.3.0.STS/bin/armcl" -mv7M4 --code_state=16 --float_support=FPv4SPD16 -me --include_path="C:/ti/ccsv7/tools/compiler/ti-cgt-arm_17.3.0.STS/include" --include_path="C:/ti/TivaWare_C_Series-2.1.4.178" --define=ccs="ccs" --define=PART_TM4C123GH6PM -g --gcc --diag_warning=225 --diag_wrap=off --display_error_number --abi=eabi --preproc_with_compile --preproc_dependency="slug.d"  "../slug.c"

>> Compilation failure
subdir_rules.mk:9: recipe for target 'slug.obj' failed
"../slug.c", line 70: warning #994-D: missing return statement at end of non-void function "Button1_Init"
"../slug.c", line 187: error #18: expected a ")"
"../slug.c", line 187: error #142-D: unnamed prototyped parameters not allowed when body is present
"../slug.c", line 232: error #167: too few arguments in function call
"../slug.c", line 233: error #66: expected a ";"
"../slug.c", line 231: warning #179-D: variable "dutyCycle" was declared but never referenced
"../slug.c", line 57: warning #179-D: variable "ClockFrequency" was declared but never referenced
4 errors detected in the compilation of "../slug.c".
gmake: *** [slug.obj] Error 1
gmake: Target 'all' not remade because of errors.

**** Build Finished ****

**** Build of configuration Debug for project BSP ****

"C:\\ti\\ccsv7\\utils\\bin\\gmake" -k -j 4 all -O 
'Building file: ../slugTest.c'
'Invoking: ARM Compiler'
"C:/ti/ccsv7/tools/compiler/ti-cgt-arm_17.3.0.STS/bin/armcl" -mv7M4 --code_state=16 --float_support=FPv4SPD16 -me --include_path="C:/ti/ccsv7/tools/compiler/ti-cgt-arm_17.3.0.STS/include" --include_path="C:/ti/TivaWare_C_Series-2.1.4.178" --define=ccs="ccs" --define=PART_TM4C123GH6PM -g --gcc --diag_warning=225 --diag_wrap=off --display_error_number --abi=eabi --preproc_with_compile --preproc_dependency="slugTest.d"  "../slugTest.c"

>> Compilation failure
subdir_rules.mk:16: recipe for target 'slugTest.obj' failed
"../slugTest.c", line 11: error #515: a value of type "void" cannot be assigned to an entity of type "uint32_t"
"../slugTest.c", line 7: warning #552-D: variable "period" was set but never used
1 error detected in the compilation of "../slugTest.c".
gmake: *** [slugTest.obj] Error 1
'Building file: ../slug.c'
'Invoking: ARM Compiler'
"C:/ti/ccsv7/tools/compiler/ti-cgt-arm_17.3.0.STS/bin/armcl" -mv7M4 --code_state=16 --float_support=FPv4SPD16 -me --include_path="C:/ti/ccsv7/tools/compiler/ti-cgt-arm_17.3.0.STS/include" --include_path="C:/ti/TivaWare_C_Series-2.1.4.178" --define=ccs="ccs" --define=PART_TM4C123GH6PM -g --gcc --diag_warning=225 --diag_wrap=off --display_error_number --abi=eabi --preproc_with_compile --preproc_dependency="slug.d"  "../slug.c"

>> Compilation failure
subdir_rules.mk:9: recipe for target 'slug.obj' failed
"../slug.c", line 70: warning #994-D: missing return statement at end of non-void function "Button1_Init"
"../slug.c", line 187: error #18: expected a ")"
"../slug.c", line 187: error #142-D: unnamed prototyped parameters not allowed when body is present
"../slug.c", line 219: error #20: identifier "MotorDirection" is undefined
"../slug.c", line 223: error #20: identifier "MotorDirection" is undefined
"../slug.c", line 233: error #66: expected a ";"
"../slug.c", line 231: warning #179-D: variable "dutyCycle" was declared but never referenced
"../slug.c", line 57: warning #179-D: variable "ClockFrequency" was declared but never referenced
5 errors detected in the compilation of "../slug.c".
gmake: *** [slug.obj] Error 1
gmake: Target 'all' not remade because of errors.

**** Build Finished ****

**** Build of configuration Debug for project BSP ****

"C:\\ti\\ccsv7\\utils\\bin\\gmake" -k -j 4 all -O 
'Building file: ../slugTest.c'
'Invoking: ARM Compiler'
"C:/ti/ccsv7/tools/compiler/ti-cgt-arm_17.3.0.STS/bin/armcl" -mv7M4 --code_state=16 --float_support=FPv4SPD16 -me --include_path="C:/ti/ccsv7/tools/compiler/ti-cgt-arm_17.3.0.STS/include" --include_path="C:/ti/TivaWare_C_Series-2.1.4.178" --define=ccs="ccs" --define=PART_TM4C123GH6PM -g --gcc --diag_warning=225 --diag_wrap=off --display_error_number --abi=eabi --preproc_with_compile --preproc_dependency="slugTest.d"  "../slugTest.c"

>> Compilation failure
subdir_rules.mk:16: recipe for target 'slugTest.obj' failed
"../slugTest.c", line 11: error #515: a value of type "void" cannot be assigned to an entity of type "uint32_t"
"../slugTest.c", line 7: warning #552-D: variable "period" was set but never used
1 error detected in the compilation of "../slugTest.c".
gmake: *** [slugTest.obj] Error 1
'Building file: ../slug.c'
'Invoking: ARM Compiler'
"C:/ti/ccsv7/tools/compiler/ti-cgt-arm_17.3.0.STS/bin/armcl" -mv7M4 --code_state=16 --float_support=FPv4SPD16 -me --include_path="C:/ti/ccsv7/tools/compiler/ti-cgt-arm_17.3.0.STS/include" --include_path="C:/ti/TivaWare_C_Series-2.1.4.178" --define=ccs="ccs" --define=PART_TM4C123GH6PM -g --gcc --diag_warning=225 --diag_wrap=off --display_error_number --abi=eabi --preproc_with_compile --preproc_dependency="slug.d"  "../slug.c"

>> Compilation failure
subdir_rules.mk:9: recipe for target 'slug.obj' failed
"../slug.c", line 70: warning #994-D: missing return statement at end of non-void function "Button1_Init"
"../slug.c", line 187: error #18: expected a ")"
"../slug.c", line 187: error #142-D: unnamed prototyped parameters not allowed when body is present
"../slug.c", line 219: error #20: identifier "MotorDirection" is undefined
"../slug.c", line 223: error #20: identifier "MotorDirection" is undefined
"../slug.c", line 234: error #66: expected a ";"
"../slug.c", line 231: warning #552-D: variable "dutyCycle" was set but never used
"../slug.c", line 57: warning #179-D: variable "ClockFrequency" was declared but never referenced
5 errors detected in the compilation of "../slug.c".
gmake: *** [slug.obj] Error 1
gmake: Target 'all' not remade because of errors.

**** Build Finished ****

**** Build of configuration Debug for project BSP ****

"C:\\ti\\ccsv7\\utils\\bin\\gmake" -k -j 4 all -O 
'Building file: ../slugTest.c'
'Invoking: ARM Compiler'
"C:/ti/ccsv7/tools/compiler/ti-cgt-arm_17.3.0.STS/bin/armcl" -mv7M4 --code_state=16 --float_support=FPv4SPD16 -me --include_path="C:/ti/ccsv7/tools/compiler/ti-cgt-arm_17.3.0.STS/include" --include_path="C:/ti/TivaWare_C_Series-2.1.4.178" --define=ccs="ccs" --define=PART_TM4C123GH6PM -g --gcc --diag_warning=225 --diag_wrap=off --display_error_number --abi=eabi --preproc_with_compile --preproc_dependency="slugTest.d"  "../slugTest.c"

>> Compilation failure
subdir_rules.mk:16: recipe for target 'slugTest.obj' failed
"../slugTest.c", line 11: error #515: a value of type "void" cannot be assigned to an entity of type "uint32_t"
"../slugTest.c", line 7: warning #552-D: variable "period" was set but never used
1 error detected in the compilation of "../slugTest.c".
gmake: *** [slugTest.obj] Error 1
'Building file: ../slug.c'
'Invoking: ARM Compiler'
"C:/ti/ccsv7/tools/compiler/ti-cgt-arm_17.3.0.STS/bin/armcl" -mv7M4 --code_state=16 --float_support=FPv4SPD16 -me --include_path="C:/ti/ccsv7/tools/compiler/ti-cgt-arm_17.3.0.STS/include" --include_path="C:/ti/TivaWare_C_Series-2.1.4.178" --define=ccs="ccs" --define=PART_TM4C123GH6PM -g --gcc --diag_warning=225 --diag_wrap=off --display_error_number --abi=eabi --preproc_with_compile --preproc_dependency="slug.d"  "../slug.c"

>> Compilation failure
subdir_rules.mk:9: recipe for target 'slug.obj' failed
"../slug.c", line 70: warning #994-D: missing return statement at end of non-void function "Button1_Init"
"../slug.c", line 187: error #18: expected a ")"
"../slug.c", line 187: error #142-D: unnamed prototyped parameters not allowed when body is present
"../slug.c", line 223: warning #70-D: integer conversion resulted in truncation
"../slug.c", line 234: error #66: expected a ";"
"../slug.c", line 231: warning #552-D: variable "dutyCycle" was set but never used
"../slug.c", line 57: warning #179-D: variable "ClockFrequency" was declared but never referenced
3 errors detected in the compilation of "../slug.c".
gmake: *** [slug.obj] Error 1
gmake: Target 'all' not remade because of errors.

**** Build Finished ****

**** Build of configuration Debug for project BSP ****

"C:\\ti\\ccsv7\\utils\\bin\\gmake" -k -j 4 all -O 
'Building file: ../slugTest.c'
'Invoking: ARM Compiler'
"C:/ti/ccsv7/tools/compiler/ti-cgt-arm_17.3.0.STS/bin/armcl" -mv7M4 --code_state=16 --float_support=FPv4SPD16 -me --include_path="C:/ti/ccsv7/tools/compiler/ti-cgt-arm_17.3.0.STS/include" --include_path="C:/ti/TivaWare_C_Series-2.1.4.178" --define=ccs="ccs" --define=PART_TM4C123GH6PM -g --gcc --diag_warning=225 --diag_wrap=off --display_error_number --abi=eabi --preproc_with_compile --preproc_dependency="slugTest.d"  "../slugTest.c"

>> Compilation failure
subdir_rules.mk:16: recipe for target 'slugTest.obj' failed
"../slugTest.c", line 11: error #515: a value of type "void" cannot be assigned to an entity of type "uint32_t"
"../slugTest.c", line 7: warning #552-D: variable "period" was set but never used
1 error detected in the compilation of "../slugTest.c".
gmake: *** [slugTest.obj] Error 1
'Building file: ../slug.c'
'Invoking: ARM Compiler'
"C:/ti/ccsv7/tools/compiler/ti-cgt-arm_17.3.0.STS/bin/armcl" -mv7M4 --code_state=16 --float_support=FPv4SPD16 -me --include_path="C:/ti/ccsv7/tools/compiler/ti-cgt-arm_17.3.0.STS/include" --include_path="C:/ti/TivaWare_C_Series-2.1.4.178" --define=ccs="ccs" --define=PART_TM4C123GH6PM -g --gcc --diag_warning=225 --diag_wrap=off --display_error_number --abi=eabi --preproc_with_compile --preproc_dependency="slug.d"  "../slug.c"

>> Compilation failure
subdir_rules.mk:9: recipe for target 'slug.obj' failed
"../slug.c", line 70: warning #994-D: missing return statement at end of non-void function "Button1_Init"
"../slug.c", line 223: warning #70-D: integer conversion resulted in truncation
"../slug.c", line 234: error #66: expected a ";"
"../slug.c", line 231: warning #552-D: variable "dutyCycle" was set but never used
"../slug.c", line 57: warning #179-D: variable "ClockFrequency" was declared but never referenced
1 error detected in the compilation of "../slug.c".
gmake: *** [slug.obj] Error 1
gmake: Target 'all' not remade because of errors.

**** Build Finished ****

**** Build of configuration Debug for project BSP ****

"C:\\ti\\ccsv7\\utils\\bin\\gmake" -k -j 4 all -O 
'Building file: ../slugTest.c'
'Invoking: ARM Compiler'
"C:/ti/ccsv7/tools/compiler/ti-cgt-arm_17.3.0.STS/bin/armcl" -mv7M4 --code_state=16 --float_support=FPv4SPD16 -me --include_path="C:/ti/ccsv7/tools/compiler/ti-cgt-arm_17.3.0.STS/include" --include_path="C:/ti/TivaWare_C_Series-2.1.4.178" --define=ccs="ccs" --define=PART_TM4C123GH6PM -g --gcc --diag_warning=225 --diag_wrap=off --display_error_number --abi=eabi --preproc_with_compile --preproc_dependency="slugTest.d"  "../slugTest.c"

>> Compilation failure
subdir_rules.mk:16: recipe for target 'slugTest.obj' failed
"../slugTest.c", line 11: error #515: a value of type "void" cannot be assigned to an entity of type "uint32_t"
"../slugTest.c", line 7: warning #552-D: variable "period" was set but never used
1 error detected in the compilation of "../slugTest.c".
gmake: *** [slugTest.obj] Error 1
'Building file: ../slug.c'
'Invoking: ARM Compiler'
"C:/ti/ccsv7/tools/compiler/ti-cgt-arm_17.3.0.STS/bin/armcl" -mv7M4 --code_state=16 --float_support=FPv4SPD16 -me --include_path="C:/ti/ccsv7/tools/compiler/ti-cgt-arm_17.3.0.STS/include" --include_path="C:/ti/TivaWare_C_Series-2.1.4.178" --define=ccs="ccs" --define=PART_TM4C123GH6PM -g --gcc --diag_warning=225 --diag_wrap=off --display_error_number --abi=eabi --preproc_with_compile --preproc_dependency="slug.d"  "../slug.c"
"../slug.c", line 70: warning #994-D: missing return statement at end of non-void function "Button1_Init"
"../slug.c", line 223: warning #70-D: integer conversion resulted in truncation
"../slug.c", line 57: warning #179-D: variable "ClockFrequency" was declared but never referenced
'Finished building: ../slug.c'
' '
gmake: Target 'all' not remade because of errors.

**** Build Finished ****

**** Build of configuration Debug for project BSP ****

"C:\\ti\\ccsv7\\utils\\bin\\gmake" -k -j 4 all -O 
'Building file: ../slugTest.c'
'Invoking: ARM Compiler'
"C:/ti/ccsv7/tools/compiler/ti-cgt-arm_17.3.0.STS/bin/armcl" -mv7M4 --code_state=16 --float_support=FPv4SPD16 -me --include_path="C:/ti/ccsv7/tools/compiler/ti-cgt-arm_17.3.0.STS/include" --include_path="C:/ti/TivaWare_C_Series-2.1.4.178" --define=ccs="ccs" --define=PART_TM4C123GH6PM -g --gcc --diag_warning=225 --diag_wrap=off --display_error_number --abi=eabi --preproc_with_compile --preproc_dependency="slugTest.d"  "../slugTest.c"
'Finished building: ../slugTest.c'
' '
'Building target: BSP.out'
'Invoking: ARM Linker'
"C:/ti/ccsv7/tools/compiler/ti-cgt-arm_17.3.0.STS/bin/armcl" -mv7M4 --code_state=16 --float_support=FPv4SPD16 -me --define=ccs="ccs" --define=PART_TM4C123GH6PM -g --gcc --diag_warning=225 --diag_wrap=off --display_error_number --abi=eabi -z -m"BSP.map" --heap_size=0 --stack_size=512 -i"C:/ti/ccsv7/tools/compiler/ti-cgt-arm_17.3.0.STS/lib" -i"C:/ti/ccsv7/tools/compiler/ti-cgt-arm_17.3.0.STS/include" --reread_libs --diag_wrap=off --display_error_number --warn_sections --xml_link_info="BSP_linkInfo.xml" --rom_model -o "BSP.out" "./slug.obj" "./slugTest.obj" "./tm4c123gh6pm_startup_ccs.obj" "../tm4c123gh6pm.cmd"  -llibc.a -l"C:/ti/TivaWare_C_Series-2.1.4.178/driverlib/ccs/Debug/driverlib.lib" 
<Linking>
'Finished building target: BSP.out'
' '

**** Build Finished ****

**** Build of configuration Debug for project BSP ****

"C:\\ti\\ccsv7\\utils\\bin\\gmake" -k -j 4 all -O 
gmake[1]: 'BSP.out' is up to date.

**** Build Finished ****

**** Build of configuration Debug for project BSP ****

"C:\\ti\\ccsv7\\utils\\bin\\gmake" -k -j 4 all -O 
gmake[1]: 'BSP.out' is up to date.

**** Build Finished ****

**** Build of configuration Debug for project BSP ****

"C:\\ti\\ccsv7\\utils\\bin\\gmake" -k -j 4 all -O 
'Building file: ../slug.c'
'Invoking: ARM Compiler'
"C:/ti/ccsv7/tools/compiler/ti-cgt-arm_17.3.0.STS/bin/armcl" -mv7M4 --code_state=16 --float_support=FPv4SPD16 -me --include_path="C:/ti/ccsv7/tools/compiler/ti-cgt-arm_17.3.0.STS/include" --include_path="C:/ti/TivaWare_C_Series-2.1.4.178" --define=ccs="ccs" --define=PART_TM4C123GH6PM -g --gcc --diag_warning=225 --diag_wrap=off --display_error_number --abi=eabi --preproc_with_compile --preproc_dependency="slug.d"  "../slug.c"

>> Compilation failure
subdir_rules.mk:9: recipe for target 'slug.obj' failed
"../slug.c", line 70: warning #994-D: missing return statement at end of non-void function "Button1_Init"
"../slug.c", line 223: warning #70-D: integer conversion resulted in truncation
"../slug.c", line 230: error #148: declaration is incompatible with "void Motor_SetDuty(uint16_t, uint32_t)" (declared at line 110 of "..\slug.h")
"../slug.c", line 57: warning #179-D: variable "ClockFrequency" was declared but never referenced
1 error detected in the compilation of "../slug.c".
gmake: *** [slug.obj] Error 1
gmake: Target 'all' not remade because of errors.

**** Build Finished ****

**** Build of configuration Debug for project BSP ****

"C:\\ti\\ccsv7\\utils\\bin\\gmake" -k -j 4 all -O 
'Building file: ../slugTest.c'
'Invoking: ARM Compiler'
"C:/ti/ccsv7/tools/compiler/ti-cgt-arm_17.3.0.STS/bin/armcl" -mv7M4 --code_state=16 --float_support=FPv4SPD16 -me --include_path="C:/ti/ccsv7/tools/compiler/ti-cgt-arm_17.3.0.STS/include" --include_path="C:/ti/TivaWare_C_Series-2.1.4.178" --define=ccs="ccs" --define=PART_TM4C123GH6PM -g --gcc --diag_warning=225 --diag_wrap=off --display_error_number --abi=eabi --preproc_with_compile --preproc_dependency="slugTest.d"  "../slugTest.c"
'Finished building: ../slugTest.c'
' '
'Building file: ../slug.c'
'Invoking: ARM Compiler'
"C:/ti/ccsv7/tools/compiler/ti-cgt-arm_17.3.0.STS/bin/armcl" -mv7M4 --code_state=16 --float_support=FPv4SPD16 -me --include_path="C:/ti/ccsv7/tools/compiler/ti-cgt-arm_17.3.0.STS/include" --include_path="C:/ti/TivaWare_C_Series-2.1.4.178" --define=ccs="ccs" --define=PART_TM4C123GH6PM -g --gcc --diag_warning=225 --diag_wrap=off --display_error_number --abi=eabi --preproc_with_compile --preproc_dependency="slug.d"  "../slug.c"
"../slug.c", line 70: warning #994-D: missing return statement at end of non-void function "Button1_Init"
"../slug.c", line 223: warning #70-D: integer conversion resulted in truncation
"../slug.c", line 57: warning #179-D: variable "ClockFrequency" was declared but never referenced
'Finished building: ../slug.c'
' '
'Building target: BSP.out'
'Invoking: ARM Linker'
"C:/ti/ccsv7/tools/compiler/ti-cgt-arm_17.3.0.STS/bin/armcl" -mv7M4 --code_state=16 --float_support=FPv4SPD16 -me --define=ccs="ccs" --define=PART_TM4C123GH6PM -g --gcc --diag_warning=225 --diag_wrap=off --display_error_number --abi=eabi -z -m"BSP.map" --heap_size=0 --stack_size=512 -i"C:/ti/ccsv7/tools/compiler/ti-cgt-arm_17.3.0.STS/lib" -i"C:/ti/ccsv7/tools/compiler/ti-cgt-arm_17.3.0.STS/include" --reread_libs --diag_wrap=off --display_error_number --warn_sections --xml_link_info="BSP_linkInfo.xml" --rom_model -o "BSP.out" "./slug.obj" "./slugTest.obj" "./tm4c123gh6pm_startup_ccs.obj" "../tm4c123gh6pm.cmd"  -llibc.a -l"C:/ti/TivaWare_C_Series-2.1.4.178/driverlib/ccs/Debug/driverlib.lib" 
<Linking>
'Finished building target: BSP.out'
' '

**** Build Finished ****

**** Build of configuration Debug for project BSP ****

"C:\\ti\\ccsv7\\utils\\bin\\gmake" -k -j 4 all -O 
'Building file: ../slugTest.c'
'Invoking: ARM Compiler'
"C:/ti/ccsv7/tools/compiler/ti-cgt-arm_17.3.0.STS/bin/armcl" -mv7M4 --code_state=16 --float_support=FPv4SPD16 -me --include_path="C:/ti/ccsv7/tools/compiler/ti-cgt-arm_17.3.0.STS/include" --include_path="C:/ti/TivaWare_C_Series-2.1.4.178" --define=ccs="ccs" --define=PART_TM4C123GH6PM -g --gcc --diag_warning=225 --diag_wrap=off --display_error_number --abi=eabi --preproc_with_compile --preproc_dependency="slugTest.d"  "../slugTest.c"
'Finished building: ../slugTest.c'
' '
'Building target: BSP.out'
'Invoking: ARM Linker'
"C:/ti/ccsv7/tools/compiler/ti-cgt-arm_17.3.0.STS/bin/armcl" -mv7M4 --code_state=16 --float_support=FPv4SPD16 -me --define=ccs="ccs" --define=PART_TM4C123GH6PM -g --gcc --diag_warning=225 --diag_wrap=off --display_error_number --abi=eabi -z -m"BSP.map" --heap_size=0 --stack_size=512 -i"C:/ti/ccsv7/tools/compiler/ti-cgt-arm_17.3.0.STS/lib" -i"C:/ti/ccsv7/tools/compiler/ti-cgt-arm_17.3.0.STS/include" --reread_libs --diag_wrap=off --display_error_number --warn_sections --xml_link_info="BSP_linkInfo.xml" --rom_model -o "BSP.out" "./slug.obj" "./slugTest.obj" "./tm4c123gh6pm_startup_ccs.obj" "../tm4c123gh6pm.cmd"  -llibc.a -l"C:/ti/TivaWare_C_Series-2.1.4.178/driverlib/ccs/Debug/driverlib.lib" 
<Linking>
'Finished building target: BSP.out'
' '

**** Build Finished ****

**** Build of configuration Debug for project BSP ****

"C:\\ti\\ccsv7\\utils\\bin\\gmake" -k -j 4 all -O 
gmake[1]: 'BSP.out' is up to date.

**** Build Finished ****

**** Build of configuration Debug for project BSP ****

"C:\\ti\\ccsv7\\utils\\bin\\gmake" -k -j 4 all -O 
gmake[1]: 'BSP.out' is up to date.

**** Build Finished ****

**** Build of configuration Debug for project BSP ****

"C:\\ti\\ccsv7\\utils\\bin\\gmake" -k -j 4 all -O 
'Building file: ../slugTest.c'
'Invoking: ARM Compiler'
"C:/ti/ccsv7/tools/compiler/ti-cgt-arm_17.3.0.STS/bin/armcl" -mv7M4 --code_state=16 --float_support=FPv4SPD16 -me --include_path="C:/ti/ccsv7/tools/compiler/ti-cgt-arm_17.3.0.STS/include" --include_path="C:/ti/TivaWare_C_Series-2.1.4.178" --define=ccs="ccs" --define=PART_TM4C123GH6PM -g --gcc --diag_warning=225 --diag_wrap=off --display_error_number --abi=eabi --preproc_with_compile --preproc_dependency="slugTest.d"  "../slugTest.c"
'Finished building: ../slugTest.c'
' '
'Building target: BSP.out'
'Invoking: ARM Linker'
"C:/ti/ccsv7/tools/compiler/ti-cgt-arm_17.3.0.STS/bin/armcl" -mv7M4 --code_state=16 --float_support=FPv4SPD16 -me --define=ccs="ccs" --define=PART_TM4C123GH6PM -g --gcc --diag_warning=225 --diag_wrap=off --display_error_number --abi=eabi -z -m"BSP.map" --heap_size=0 --stack_size=512 -i"C:/ti/ccsv7/tools/compiler/ti-cgt-arm_17.3.0.STS/lib" -i"C:/ti/ccsv7/tools/compiler/ti-cgt-arm_17.3.0.STS/include" --reread_libs --diag_wrap=off --display_error_number --warn_sections --xml_link_info="BSP_linkInfo.xml" --rom_model -o "BSP.out" "./slug.obj" "./slugTest.obj" "./tm4c123gh6pm_startup_ccs.obj" "../tm4c123gh6pm.cmd"  -llibc.a -l"C:/ti/TivaWare_C_Series-2.1.4.178/driverlib/ccs/Debug/driverlib.lib" 
<Linking>
'Finished building target: BSP.out'
' '

**** Build Finished ****

**** Build of configuration Debug for project BSP ****

"C:\\ti\\ccsv7\\utils\\bin\\gmake" -k -j 4 all -O 
gmake[1]: 'BSP.out' is up to date.

**** Build Finished ****

**** Build of configuration Debug for project BSP ****

"C:\\ti\\ccsv7\\utils\\bin\\gmake" -k -j 4 all -O 
gmake[1]: 'BSP.out' is up to date.

**** Build Finished ****

**** Build of configuration Debug for project BSP ****

"C:\\ti\\ccsv7\\utils\\bin\\gmake" -k -j 4 all -O 
'Building file: ../slugTest.c'
'Invoking: ARM Compiler'
"C:/ti/ccsv7/tools/compiler/ti-cgt-arm_17.3.0.STS/bin/armcl" -mv7M4 --code_state=16 --float_support=FPv4SPD16 -me --include_path="C:/ti/ccsv7/tools/compiler/ti-cgt-arm_17.3.0.STS/include" --include_path="C:/ti/TivaWare_C_Series-2.1.4.178" --define=ccs="ccs" --define=PART_TM4C123GH6PM -g --gcc --diag_warning=225 --diag_wrap=off --display_error_number --abi=eabi --preproc_with_compile --preproc_dependency="slugTest.d"  "../slugTest.c"
'Finished building: ../slugTest.c'
' '
'Building target: BSP.out'
'Invoking: ARM Linker'
"C:/ti/ccsv7/tools/compiler/ti-cgt-arm_17.3.0.STS/bin/armcl" -mv7M4 --code_state=16 --float_support=FPv4SPD16 -me --define=ccs="ccs" --define=PART_TM4C123GH6PM -g --gcc --diag_warning=225 --diag_wrap=off --display_error_number --abi=eabi -z -m"BSP.map" --heap_size=0 --stack_size=512 -i"C:/ti/ccsv7/tools/compiler/ti-cgt-arm_17.3.0.STS/lib" -i"C:/ti/ccsv7/tools/compiler/ti-cgt-arm_17.3.0.STS/include" --reread_libs --diag_wrap=off --display_error_number --warn_sections --xml_link_info="BSP_linkInfo.xml" --rom_model -o "BSP.out" "./slug.obj" "./slugTest.obj" "./tm4c123gh6pm_startup_ccs.obj" "../tm4c123gh6pm.cmd"  -llibc.a -l"C:/ti/TivaWare_C_Series-2.1.4.178/driverlib/ccs/Debug/driverlib.lib" 
<Linking>
'Finished building target: BSP.out'
' '

**** Build Finished ****

**** Build of configuration Debug for project BSP ****

"C:\\ti\\ccsv7\\utils\\bin\\gmake" -k -j 4 all -O 
gmake[1]: 'BSP.out' is up to date.

**** Build Finished ****

**** Build of configuration Debug for project BSP ****

"C:\\ti\\ccsv7\\utils\\bin\\gmake" -k -j 4 all -O 
gmake[1]: 'BSP.out' is up to date.

**** Build Finished ****

**** Build of configuration Debug for project BSP ****

"C:\\ti\\ccsv7\\utils\\bin\\gmake" -k -j 4 all -O 
'Building file: ../slug.c'
'Invoking: ARM Compiler'
"C:/ti/ccsv7/tools/compiler/ti-cgt-arm_17.3.0.STS/bin/armcl" -mv7M4 --code_state=16 --float_support=FPv4SPD16 -me --include_path="C:/ti/ccsv7/tools/compiler/ti-cgt-arm_17.3.0.STS/include" --include_path="C:/ti/TivaWare_C_Series-2.1.4.178" --define=ccs="ccs" --define=PART_TM4C123GH6PM -g --gcc --diag_warning=225 --diag_wrap=off --display_error_number --abi=eabi --preproc_with_compile --preproc_dependency="slug.d"  "../slug.c"

>> Compilation failure
subdir_rules.mk:9: recipe for target 'slug.obj' failed
"../slug.c", line 70: warning #994-D: missing return statement at end of non-void function "Button1_Init"
"../slug.c", line 210: error #171: expected a declaration
At end of source: warning #12-D: parsing restarts here after previous syntax error
"../slug.c", line 57: warning #179-D: variable "ClockFrequency" was declared but never referenced
1 error detected in the compilation of "../slug.c".
gmake: *** [slug.obj] Error 1
gmake: Target 'all' not remade because of errors.

**** Build Finished ****

**** Build of configuration Debug for project BSP ****

"C:\\ti\\ccsv7\\utils\\bin\\gmake" -k -j 4 all -O 
'Building file: ../slug.c'
'Invoking: ARM Compiler'
"C:/ti/ccsv7/tools/compiler/ti-cgt-arm_17.3.0.STS/bin/armcl" -mv7M4 --code_state=16 --float_support=FPv4SPD16 -me --include_path="C:/ti/ccsv7/tools/compiler/ti-cgt-arm_17.3.0.STS/include" --include_path="C:/ti/TivaWare_C_Series-2.1.4.178" --define=ccs="ccs" --define=PART_TM4C123GH6PM -g --gcc --diag_warning=225 --diag_wrap=off --display_error_number --abi=eabi --preproc_with_compile --preproc_dependency="slug.d"  "../slug.c"
"../slug.c", line 70: warning #994-D: missing return statement at end of non-void function "Button1_Init"
"../slug.c", line 229: warning #70-D: integer conversion resulted in truncation
"../slug.c", line 57: warning #179-D: variable "ClockFrequency" was declared but never referenced
'Finished building: ../slug.c'
' '
'Building target: BSP.out'
'Invoking: ARM Linker'
"C:/ti/ccsv7/tools/compiler/ti-cgt-arm_17.3.0.STS/bin/armcl" -mv7M4 --code_state=16 --float_support=FPv4SPD16 -me --define=ccs="ccs" --define=PART_TM4C123GH6PM -g --gcc --diag_warning=225 --diag_wrap=off --display_error_number --abi=eabi -z -m"BSP.map" --heap_size=0 --stack_size=512 -i"C:/ti/ccsv7/tools/compiler/ti-cgt-arm_17.3.0.STS/lib" -i"C:/ti/ccsv7/tools/compiler/ti-cgt-arm_17.3.0.STS/include" --reread_libs --diag_wrap=off --display_error_number --warn_sections --xml_link_info="BSP_linkInfo.xml" --rom_model -o "BSP.out" "./slug.obj" "./slugTest.obj" "./tm4c123gh6pm_startup_ccs.obj" "../tm4c123gh6pm.cmd"  -llibc.a -l"C:/ti/TivaWare_C_Series-2.1.4.178/driverlib/ccs/Debug/driverlib.lib" 
<Linking>
'Finished building target: BSP.out'
' '

**** Build Finished ****

**** Build of configuration Debug for project BSP ****

"C:\\ti\\ccsv7\\utils\\bin\\gmake" -k -j 4 all -O 
'Building file: ../slug.c'
'Invoking: ARM Compiler'
"C:/ti/ccsv7/tools/compiler/ti-cgt-arm_17.3.0.STS/bin/armcl" -mv7M4 --code_state=16 --float_support=FPv4SPD16 -me --include_path="C:/ti/ccsv7/tools/compiler/ti-cgt-arm_17.3.0.STS/include" --include_path="C:/ti/TivaWare_C_Series-2.1.4.178" --define=ccs="ccs" --define=PART_TM4C123GH6PM -g --gcc --diag_warning=225 --diag_wrap=off --display_error_number --abi=eabi --preproc_with_compile --preproc_dependency="slug.d"  "../slug.c"
"../slug.c", line 70: warning #994-D: missing return statement at end of non-void function "Button1_Init"
"../slug.c", line 229: warning #70-D: integer conversion resulted in truncation
"../slug.c", line 57: warning #179-D: variable "ClockFrequency" was declared but never referenced
'Finished building: ../slug.c'
' '
'Building target: BSP.out'
'Invoking: ARM Linker'
"C:/ti/ccsv7/tools/compiler/ti-cgt-arm_17.3.0.STS/bin/armcl" -mv7M4 --code_state=16 --float_support=FPv4SPD16 -me --define=ccs="ccs" --define=PART_TM4C123GH6PM -g --gcc --diag_warning=225 --diag_wrap=off --display_error_number --abi=eabi -z -m"BSP.map" --heap_size=0 --stack_size=512 -i"C:/ti/ccsv7/tools/compiler/ti-cgt-arm_17.3.0.STS/lib" -i"C:/ti/ccsv7/tools/compiler/ti-cgt-arm_17.3.0.STS/include" --reread_libs --diag_wrap=off --display_error_number --warn_sections --xml_link_info="BSP_linkInfo.xml" --rom_model -o "BSP.out" "./slug.obj" "./slugTest.obj" "./tm4c123gh6pm_startup_ccs.obj" "../tm4c123gh6pm.cmd"  -llibc.a -l"C:/ti/TivaWare_C_Series-2.1.4.178/driverlib/ccs/Debug/driverlib.lib" 
<Linking>
'Finished building target: BSP.out'
' '

**** Build Finished ****

**** Build of configuration Debug for project BSP ****

"C:\\ti\\ccsv7\\utils\\bin\\gmake" -k -j 4 all -O 
'Building file: ../slugTest.c'
'Invoking: ARM Compiler'
"C:/ti/ccsv7/tools/compiler/ti-cgt-arm_17.3.0.STS/bin/armcl" -mv7M4 --code_state=16 --float_support=FPv4SPD16 -me --include_path="C:/ti/ccsv7/tools/compiler/ti-cgt-arm_17.3.0.STS/include" --include_path="C:/ti/TivaWare_C_Series-2.1.4.178" --define=ccs="ccs" --define=PART_TM4C123GH6PM -g --gcc --diag_warning=225 --diag_wrap=off --display_error_number --abi=eabi --preproc_with_compile --preproc_dependency="slugTest.d"  "../slugTest.c"

>> Compilation failure
subdir_rules.mk:16: recipe for target 'slugTest.obj' failed
"../slugTest.c", line 38: warning #225-D: function "Motor_turnOFF" declared implicitly
"../slugTest.c", line 40: error #66: expected a ";"
1 error detected in the compilation of "../slugTest.c".
gmake: *** [slugTest.obj] Error 1
gmake: Target 'all' not remade because of errors.

**** Build Finished ****

**** Build of configuration Debug for project BSP ****

"C:\\ti\\ccsv7\\utils\\bin\\gmake" -k -j 4 all -O 
'Building file: ../slugTest.c'
'Invoking: ARM Compiler'
"C:/ti/ccsv7/tools/compiler/ti-cgt-arm_17.3.0.STS/bin/armcl" -mv7M4 --code_state=16 --float_support=FPv4SPD16 -me --include_path="C:/ti/ccsv7/tools/compiler/ti-cgt-arm_17.3.0.STS/include" --include_path="C:/ti/TivaWare_C_Series-2.1.4.178" --define=ccs="ccs" --define=PART_TM4C123GH6PM -g --gcc --diag_warning=225 --diag_wrap=off --display_error_number --abi=eabi --preproc_with_compile --preproc_dependency="slugTest.d"  "../slugTest.c"

>> Compilation failure
subdir_rules.mk:16: recipe for target 'slugTest.obj' failed
"../slugTest.c", line 38: warning #225-D: function "Motor_turnOFF" declared implicitly
"../slugTest.c", line 40: error #66: expected a ";"
1 error detected in the compilation of "../slugTest.c".
gmake: *** [slugTest.obj] Error 1
gmake: Target 'all' not remade because of errors.

**** Build Finished ****

**** Build of configuration Debug for project BSP ****

"C:\\ti\\ccsv7\\utils\\bin\\gmake" -k -j 4 all -O 
'Building file: ../slugTest.c'
'Invoking: ARM Compiler'
"C:/ti/ccsv7/tools/compiler/ti-cgt-arm_17.3.0.STS/bin/armcl" -mv7M4 --code_state=16 --float_support=FPv4SPD16 -me --include_path="C:/ti/ccsv7/tools/compiler/ti-cgt-arm_17.3.0.STS/include" --include_path="C:/ti/TivaWare_C_Series-2.1.4.178" --define=ccs="ccs" --define=PART_TM4C123GH6PM -g --gcc --diag_warning=225 --diag_wrap=off --display_error_number --abi=eabi --preproc_with_compile --preproc_dependency="slugTest.d"  "../slugTest.c"
"../slugTest.c", line 38: warning #225-D: function "Motor_turnOFF" declared implicitly
'Finished building: ../slugTest.c'
' '
'Building target: BSP.out'
'Invoking: ARM Linker'
"C:/ti/ccsv7/tools/compiler/ti-cgt-arm_17.3.0.STS/bin/armcl" -mv7M4 --code_state=16 --float_support=FPv4SPD16 -me --define=ccs="ccs" --define=PART_TM4C123GH6PM -g --gcc --diag_warning=225 --diag_wrap=off --display_error_number --abi=eabi -z -m"BSP.map" --heap_size=0 --stack_size=512 -i"C:/ti/ccsv7/tools/compiler/ti-cgt-arm_17.3.0.STS/lib" -i"C:/ti/ccsv7/tools/compiler/ti-cgt-arm_17.3.0.STS/include" --reread_libs --diag_wrap=off --display_error_number --warn_sections --xml_link_info="BSP_linkInfo.xml" --rom_model -o "BSP.out" "./slug.obj" "./slugTest.obj" "./tm4c123gh6pm_startup_ccs.obj" "../tm4c123gh6pm.cmd"  -llibc.a -l"C:/ti/TivaWare_C_Series-2.1.4.178/driverlib/ccs/Debug/driverlib.lib" 
<Linking>
'Finished building target: BSP.out'
' '

**** Build Finished ****

**** Build of configuration Debug for project BSP ****

"C:\\ti\\ccsv7\\utils\\bin\\gmake" -k -j 4 all -O 
gmake[1]: 'BSP.out' is up to date.

**** Build Finished ****

**** Build of configuration Debug for project BSP ****

"C:\\ti\\ccsv7\\utils\\bin\\gmake" -k -j 4 all -O 
gmake[1]: 'BSP.out' is up to date.

**** Build Finished ****

**** Build of configuration Debug for project BSP ****

"C:\\ti\\ccsv7\\utils\\bin\\gmake" -k -j 4 all -O 
'Building file: ../slug.c'
'Invoking: ARM Compiler'
"C:/ti/ccsv7/tools/compiler/ti-cgt-arm_17.3.0.STS/bin/armcl" -mv7M4 --code_state=16 --float_support=FPv4SPD16 -me --include_path="C:/ti/ccsv7/tools/compiler/ti-cgt-arm_17.3.0.STS/include" --include_path="C:/ti/TivaWare_C_Series-2.1.4.178" --define=ccs="ccs" --define=PART_TM4C123GH6PM -g --gcc --diag_warning=225 --diag_wrap=off --display_error_number --abi=eabi --preproc_with_compile --preproc_dependency="slug.d"  "../slug.c"
"../slug.c", line 70: warning #994-D: missing return statement at end of non-void function "Button1_Init"
"../slug.c", line 233: warning #70-D: integer conversion resulted in truncation
"../slug.c", line 57: warning #179-D: variable "ClockFrequency" was declared but never referenced
'Finished building: ../slug.c'
' '
'Building target: BSP.out'
'Invoking: ARM Linker'
"C:/ti/ccsv7/tools/compiler/ti-cgt-arm_17.3.0.STS/bin/armcl" -mv7M4 --code_state=16 --float_support=FPv4SPD16 -me --define=ccs="ccs" --define=PART_TM4C123GH6PM -g --gcc --diag_warning=225 --diag_wrap=off --display_error_number --abi=eabi -z -m"BSP.map" --heap_size=0 --stack_size=512 -i"C:/ti/ccsv7/tools/compiler/ti-cgt-arm_17.3.0.STS/lib" -i"C:/ti/ccsv7/tools/compiler/ti-cgt-arm_17.3.0.STS/include" --reread_libs --diag_wrap=off --display_error_number --warn_sections --xml_link_info="BSP_linkInfo.xml" --rom_model -o "BSP.out" "./slug.obj" "./slugTest.obj" "./tm4c123gh6pm_startup_ccs.obj" "../tm4c123gh6pm.cmd"  -llibc.a -l"C:/ti/TivaWare_C_Series-2.1.4.178/driverlib/ccs/Debug/driverlib.lib" 
<Linking>
'Finished building target: BSP.out'
' '

**** Build Finished ****

**** Build of configuration Debug for project BSP ****

"C:\\ti\\ccsv7\\utils\\bin\\gmake" -k -j 4 all -O 
'Building file: ../slug.c'
'Invoking: ARM Compiler'
"C:/ti/ccsv7/tools/compiler/ti-cgt-arm_17.3.0.STS/bin/armcl" -mv7M4 --code_state=16 --float_support=FPv4SPD16 -me --include_path="C:/ti/ccsv7/tools/compiler/ti-cgt-arm_17.3.0.STS/include" --include_path="C:/ti/TivaWare_C_Series-2.1.4.178" --define=ccs="ccs" --define=PART_TM4C123GH6PM -g --gcc --diag_warning=225 --diag_wrap=off --display_error_number --abi=eabi --preproc_with_compile --preproc_dependency="slug.d"  "../slug.c"
"../slug.c", line 70: warning #994-D: missing return statement at end of non-void function "Button1_Init"
"../slug.c", line 213: warning #225-D: function "setDirection" declared implicitly
"../slug.c", line 234: warning #161-D: declaration is incompatible with previous "setDirection" (declared at line 213)
"../slug.c", line 239: warning #70-D: integer conversion resulted in truncation
"../slug.c", line 57: warning #179-D: variable "ClockFrequency" was declared but never referenced
'Finished building: ../slug.c'
' '
'Building target: BSP.out'
'Invoking: ARM Linker'
"C:/ti/ccsv7/tools/compiler/ti-cgt-arm_17.3.0.STS/bin/armcl" -mv7M4 --code_state=16 --float_support=FPv4SPD16 -me --define=ccs="ccs" --define=PART_TM4C123GH6PM -g --gcc --diag_warning=225 --diag_wrap=off --display_error_number --abi=eabi -z -m"BSP.map" --heap_size=0 --stack_size=512 -i"C:/ti/ccsv7/tools/compiler/ti-cgt-arm_17.3.0.STS/lib" -i"C:/ti/ccsv7/tools/compiler/ti-cgt-arm_17.3.0.STS/include" --reread_libs --diag_wrap=off --display_error_number --warn_sections --xml_link_info="BSP_linkInfo.xml" --rom_model -o "BSP.out" "./slug.obj" "./slugTest.obj" "./tm4c123gh6pm_startup_ccs.obj" "../tm4c123gh6pm.cmd"  -llibc.a -l"C:/ti/TivaWare_C_Series-2.1.4.178/driverlib/ccs/Debug/driverlib.lib" 
<Linking>
'Finished building target: BSP.out'
' '

**** Build Finished ****

**** Build of configuration Debug for project BSP ****

"C:\\ti\\ccsv7\\utils\\bin\\gmake" -k -j 4 all -O 
'Building file: ../slugTest.c'
'Invoking: ARM Compiler'
"C:/ti/ccsv7/tools/compiler/ti-cgt-arm_17.3.0.STS/bin/armcl" -mv7M4 --code_state=16 --float_support=FPv4SPD16 -me --include_path="C:/ti/ccsv7/tools/compiler/ti-cgt-arm_17.3.0.STS/include" --include_path="C:/ti/TivaWare_C_Series-2.1.4.178" --define=ccs="ccs" --define=PART_TM4C123GH6PM -g --gcc --diag_warning=225 --diag_wrap=off --display_error_number --abi=eabi --preproc_with_compile --preproc_dependency="slugTest.d"  "../slugTest.c"
"../slugTest.c", line 36: warning #225-D: function "enableMotor" declared implicitly
"../slugTest.c", line 38: warning #225-D: function "delayMS" declared implicitly
"../slugTest.c", line 39: warning #225-D: function "disableMotor" declared implicitly
'Finished building: ../slugTest.c'
' '
'Building target: BSP.out'
'Invoking: ARM Linker'
"C:/ti/ccsv7/tools/compiler/ti-cgt-arm_17.3.0.STS/bin/armcl" -mv7M4 --code_state=16 --float_support=FPv4SPD16 -me --define=ccs="ccs" --define=PART_TM4C123GH6PM -g --gcc --diag_warning=225 --diag_wrap=off --display_error_number --abi=eabi -z -m"BSP.map" --heap_size=0 --stack_size=512 -i"C:/ti/ccsv7/tools/compiler/ti-cgt-arm_17.3.0.STS/lib" -i"C:/ti/ccsv7/tools/compiler/ti-cgt-arm_17.3.0.STS/include" --reread_libs --diag_wrap=off --display_error_number --warn_sections --xml_link_info="BSP_linkInfo.xml" --rom_model -o "BSP.out" "./slug.obj" "./slugTest.obj" "./tm4c123gh6pm_startup_ccs.obj" "../tm4c123gh6pm.cmd"  -llibc.a -l"C:/ti/TivaWare_C_Series-2.1.4.178/driverlib/ccs/Debug/driverlib.lib" 
<Linking>

 undefined    first referenced
  symbol          in file     
 ---------    ----------------
 disableMotor ./slugTest.obj  

error #10234-D: unresolved symbols remain
error #10010: errors encountered during linking; "BSP.out" not built

>> Compilation failure
makefile:144: recipe for target 'BSP.out' failed
gmake[1]: *** [BSP.out] Error 1
makefile:140: recipe for target 'all' failed
gmake: *** [all] Error 2

**** Build Finished ****

**** Build of configuration Debug for project BSP ****

"C:\\ti\\ccsv7\\utils\\bin\\gmake" -k -j 4 all -O 
'Building file: ../slugTest.c'
'Invoking: ARM Compiler'
"C:/ti/ccsv7/tools/compiler/ti-cgt-arm_17.3.0.STS/bin/armcl" -mv7M4 --code_state=16 --float_support=FPv4SPD16 -me --include_path="C:/ti/ccsv7/tools/compiler/ti-cgt-arm_17.3.0.STS/include" --include_path="C:/ti/TivaWare_C_Series-2.1.4.178" --define=ccs="ccs" --define=PART_TM4C123GH6PM -g --gcc --diag_warning=225 --diag_wrap=off --display_error_number --abi=eabi --preproc_with_compile --preproc_dependency="slugTest.d"  "../slugTest.c"
"../slugTest.c", line 38: warning #225-D: function "delayMS" declared implicitly
'Finished building: ../slugTest.c'
' '
'Building file: ../slug.c'
'Invoking: ARM Compiler'
"C:/ti/ccsv7/tools/compiler/ti-cgt-arm_17.3.0.STS/bin/armcl" -mv7M4 --code_state=16 --float_support=FPv4SPD16 -me --include_path="C:/ti/ccsv7/tools/compiler/ti-cgt-arm_17.3.0.STS/include" --include_path="C:/ti/TivaWare_C_Series-2.1.4.178" --define=ccs="ccs" --define=PART_TM4C123GH6PM -g --gcc --diag_warning=225 --diag_wrap=off --display_error_number --abi=eabi --preproc_with_compile --preproc_dependency="slug.d"  "../slug.c"
"../slug.c", line 70: warning #994-D: missing return statement at end of non-void function "Button1_Init"
"../slug.c", line 213: warning #225-D: function "setDirection" declared implicitly
"../slug.c", line 234: warning #161-D: declaration is incompatible with previous "setDirection" (declared at line 213)
"../slug.c", line 239: warning #70-D: integer conversion resulted in truncation
"../slug.c", line 57: warning #179-D: variable "ClockFrequency" was declared but never referenced
'Finished building: ../slug.c'
' '
'Building target: BSP.out'
'Invoking: ARM Linker'
"C:/ti/ccsv7/tools/compiler/ti-cgt-arm_17.3.0.STS/bin/armcl" -mv7M4 --code_state=16 --float_support=FPv4SPD16 -me --define=ccs="ccs" --define=PART_TM4C123GH6PM -g --gcc --diag_warning=225 --diag_wrap=off --display_error_number --abi=eabi -z -m"BSP.map" --heap_size=0 --stack_size=512 -i"C:/ti/ccsv7/tools/compiler/ti-cgt-arm_17.3.0.STS/lib" -i"C:/ti/ccsv7/tools/compiler/ti-cgt-arm_17.3.0.STS/include" --reread_libs --diag_wrap=off --display_error_number --warn_sections --xml_link_info="BSP_linkInfo.xml" --rom_model -o "BSP.out" "./slug.obj" "./slugTest.obj" "./tm4c123gh6pm_startup_ccs.obj" "../tm4c123gh6pm.cmd"  -llibc.a -l"C:/ti/TivaWare_C_Series-2.1.4.178/driverlib/ccs/Debug/driverlib.lib" 
<Linking>

 undefined    first referenced
  symbol          in file     
 ---------    ----------------
 disableMotor ./slugTest.obj  

error #10234-D: unresolved symbols remain
error #10010: errors encountered during linking; "BSP.out" not built

>> Compilation failure
makefile:144: recipe for target 'BSP.out' failed
gmake[1]: *** [BSP.out] Error 1
makefile:140: recipe for target 'all' failed
gmake: *** [all] Error 2

**** Build Finished ****

**** Build of configuration Debug for project BSP ****

"C:\\ti\\ccsv7\\utils\\bin\\gmake" -k -j 4 all -O 
'Building file: ../slug.c'
'Invoking: ARM Compiler'
"C:/ti/ccsv7/tools/compiler/ti-cgt-arm_17.3.0.STS/bin/armcl" -mv7M4 --code_state=16 --float_support=FPv4SPD16 -me --include_path="C:/ti/ccsv7/tools/compiler/ti-cgt-arm_17.3.0.STS/include" --include_path="C:/ti/TivaWare_C_Series-2.1.4.178" --define=ccs="ccs" --define=PART_TM4C123GH6PM -g --gcc --diag_warning=225 --diag_wrap=off --display_error_number --abi=eabi --preproc_with_compile --preproc_dependency="slug.d"  "../slug.c"
"../slug.c", line 70: warning #994-D: missing return statement at end of non-void function "Button1_Init"
"../slug.c", line 210: warning #225-D: function "setDirection" declared implicitly
"../slug.c", line 217: warning #225-D: function "clearDirection" declared implicitly
"../slug.c", line 236: warning #161-D: declaration is incompatible with previous "setDirection" (declared at line 210)
"../slug.c", line 240: warning #161-D: declaration is incompatible with previous "clearDirection" (declared at line 217)
"../slug.c", line 241: warning #70-D: integer conversion resulted in truncation
"../slug.c", line 57: warning #179-D: variable "ClockFrequency" was declared but never referenced
'Finished building: ../slug.c'
' '
'Building target: BSP.out'
'Invoking: ARM Linker'
"C:/ti/ccsv7/tools/compiler/ti-cgt-arm_17.3.0.STS/bin/armcl" -mv7M4 --code_state=16 --float_support=FPv4SPD16 -me --define=ccs="ccs" --define=PART_TM4C123GH6PM -g --gcc --diag_warning=225 --diag_wrap=off --display_error_number --abi=eabi -z -m"BSP.map" --heap_size=0 --stack_size=512 -i"C:/ti/ccsv7/tools/compiler/ti-cgt-arm_17.3.0.STS/lib" -i"C:/ti/ccsv7/tools/compiler/ti-cgt-arm_17.3.0.STS/include" --reread_libs --diag_wrap=off --display_error_number --warn_sections --xml_link_info="BSP_linkInfo.xml" --rom_model -o "BSP.out" "./slug.obj" "./slugTest.obj" "./tm4c123gh6pm_startup_ccs.obj" "../tm4c123gh6pm.cmd"  -llibc.a -l"C:/ti/TivaWare_C_Series-2.1.4.178/driverlib/ccs/Debug/driverlib.lib" 
<Linking>
'Finished building target: BSP.out'
' '

**** Build Finished ****

**** Build of configuration Debug for project BSP ****

"C:\\ti\\ccsv7\\utils\\bin\\gmake" -k -j 4 all -O 
'Building file: ../slug.c'
'Invoking: ARM Compiler'
"C:/ti/ccsv7/tools/compiler/ti-cgt-arm_17.3.0.STS/bin/armcl" -mv7M4 --code_state=16 --float_support=FPv4SPD16 -me --include_path="C:/ti/ccsv7/tools/compiler/ti-cgt-arm_17.3.0.STS/include" --include_path="C:/ti/TivaWare_C_Series-2.1.4.178" --define=ccs="ccs" --define=PART_TM4C123GH6PM -g --gcc --diag_warning=225 --diag_wrap=off --display_error_number --abi=eabi --preproc_with_compile --preproc_dependency="slug.d"  "../slug.c"
"../slug.c", line 70: warning #994-D: missing return statement at end of non-void function "Button1_Init"
"../slug.c", line 215: warning #70-D: integer conversion resulted in truncation
"../slug.c", line 57: warning #179-D: variable "ClockFrequency" was declared but never referenced
'Finished building: ../slug.c'
' '
'Building target: BSP.out'
'Invoking: ARM Linker'
"C:/ti/ccsv7/tools/compiler/ti-cgt-arm_17.3.0.STS/bin/armcl" -mv7M4 --code_state=16 --float_support=FPv4SPD16 -me --define=ccs="ccs" --define=PART_TM4C123GH6PM -g --gcc --diag_warning=225 --diag_wrap=off --display_error_number --abi=eabi -z -m"BSP.map" --heap_size=0 --stack_size=512 -i"C:/ti/ccsv7/tools/compiler/ti-cgt-arm_17.3.0.STS/lib" -i"C:/ti/ccsv7/tools/compiler/ti-cgt-arm_17.3.0.STS/include" --reread_libs --diag_wrap=off --display_error_number --warn_sections --xml_link_info="BSP_linkInfo.xml" --rom_model -o "BSP.out" "./slug.obj" "./slugTest.obj" "./tm4c123gh6pm_startup_ccs.obj" "../tm4c123gh6pm.cmd"  -llibc.a -l"C:/ti/TivaWare_C_Series-2.1.4.178/driverlib/ccs/Debug/driverlib.lib" 
<Linking>
'Finished building target: BSP.out'
' '

**** Build Finished ****

**** Build of configuration Debug for project BSP ****

"C:\\ti\\ccsv7\\utils\\bin\\gmake" -k -j 4 all -O 
gmake[1]: 'BSP.out' is up to date.

**** Build Finished ****

**** Build of configuration Debug for project BSP ****

"C:\\ti\\ccsv7\\utils\\bin\\gmake" -k -j 4 all -O 
gmake[1]: 'BSP.out' is up to date.

**** Build Finished ****

**** Build of configuration Debug for project BSP ****

"C:\\ti\\ccsv7\\utils\\bin\\gmake" -k -j 4 all -O 
'Building file: ../slugTest.c'
'Invoking: ARM Compiler'
"C:/ti/ccsv7/tools/compiler/ti-cgt-arm_17.3.0.STS/bin/armcl" -mv7M4 --code_state=16 --float_support=FPv4SPD16 -me --include_path="C:/ti/ccsv7/tools/compiler/ti-cgt-arm_17.3.0.STS/include" --include_path="C:/ti/TivaWare_C_Series-2.1.4.178" --define=ccs="ccs" --define=PART_TM4C123GH6PM -g --gcc --diag_warning=225 --diag_wrap=off --display_error_number --abi=eabi --preproc_with_compile --preproc_dependency="slugTest.d"  "../slugTest.c"
"../slugTest.c", line 38: warning #225-D: function "delayMS" declared implicitly
'Finished building: ../slugTest.c'
' '
'Building target: BSP.out'
'Invoking: ARM Linker'
"C:/ti/ccsv7/tools/compiler/ti-cgt-arm_17.3.0.STS/bin/armcl" -mv7M4 --code_state=16 --float_support=FPv4SPD16 -me --define=ccs="ccs" --define=PART_TM4C123GH6PM -g --gcc --diag_warning=225 --diag_wrap=off --display_error_number --abi=eabi -z -m"BSP.map" --heap_size=0 --stack_size=512 -i"C:/ti/ccsv7/tools/compiler/ti-cgt-arm_17.3.0.STS/lib" -i"C:/ti/ccsv7/tools/compiler/ti-cgt-arm_17.3.0.STS/include" --reread_libs --diag_wrap=off --display_error_number --warn_sections --xml_link_info="BSP_linkInfo.xml" --rom_model -o "BSP.out" "./slug.obj" "./slugTest.obj" "./tm4c123gh6pm_startup_ccs.obj" "../tm4c123gh6pm.cmd"  -llibc.a -l"C:/ti/TivaWare_C_Series-2.1.4.178/driverlib/ccs/Debug/driverlib.lib" 
<Linking>
'Finished building target: BSP.out'
' '

**** Build Finished ****

**** Build of configuration Debug for project BSP ****

"C:\\ti\\ccsv7\\utils\\bin\\gmake" -k -j 4 all -O 
gmake[1]: 'BSP.out' is up to date.

**** Build Finished ****

**** Build of configuration Debug for project BSP ****

"C:\\ti\\ccsv7\\utils\\bin\\gmake" -k -j 4 all -O 
gmake[1]: 'BSP.out' is up to date.

**** Build Finished ****

**** Build of configuration Debug for project BSP ****

"C:\\ti\\ccsv7\\utils\\bin\\gmake" -k -j 4 all -O 
'Building file: ../slugTest.c'
'Invoking: ARM Compiler'
"C:/ti/ccsv7/tools/compiler/ti-cgt-arm_17.3.0.STS/bin/armcl" -mv7M4 --code_state=16 --float_support=FPv4SPD16 -me --include_path="C:/ti/ccsv7/tools/compiler/ti-cgt-arm_17.3.0.STS/include" --include_path="C:/ti/TivaWare_C_Series-2.1.4.178" --define=ccs="ccs" --define=PART_TM4C123GH6PM -g --gcc --diag_warning=225 --diag_wrap=off --display_error_number --abi=eabi --preproc_with_compile --preproc_dependency="slugTest.d"  "../slugTest.c"
"../slugTest.c", line 38: warning #225-D: function "delayMS" declared implicitly
'Finished building: ../slugTest.c'
' '
'Building target: BSP.out'
'Invoking: ARM Linker'
"C:/ti/ccsv7/tools/compiler/ti-cgt-arm_17.3.0.STS/bin/armcl" -mv7M4 --code_state=16 --float_support=FPv4SPD16 -me --define=ccs="ccs" --define=PART_TM4C123GH6PM -g --gcc --diag_warning=225 --diag_wrap=off --display_error_number --abi=eabi -z -m"BSP.map" --heap_size=0 --stack_size=512 -i"C:/ti/ccsv7/tools/compiler/ti-cgt-arm_17.3.0.STS/lib" -i"C:/ti/ccsv7/tools/compiler/ti-cgt-arm_17.3.0.STS/include" --reread_libs --diag_wrap=off --display_error_number --warn_sections --xml_link_info="BSP_linkInfo.xml" --rom_model -o "BSP.out" "./slug.obj" "./slugTest.obj" "./tm4c123gh6pm_startup_ccs.obj" "../tm4c123gh6pm.cmd"  -llibc.a -l"C:/ti/TivaWare_C_Series-2.1.4.178/driverlib/ccs/Debug/driverlib.lib" 
<Linking>
'Finished building target: BSP.out'
' '

**** Build Finished ****
