
**** Build of configuration Debug for project BSP ****

"C:\\ti\\ccsv7\\utils\\bin\\gmake" -k -j 4 all -O 
gmake[1]: 'BSP.out' is up to date.

**** Build Finished ****

**** Build of configuration Debug for project BSP ****

"C:\\ti\\ccsv7\\utils\\bin\\gmake" -k -j 4 all -O 
gmake[1]: 'BSP.out' is up to date.

**** Build Finished ****

**** Build of configuration Debug for project BSP ****

"C:\\ti\\ccsv7\\utils\\bin\\gmake" -k -j 4 all -O 
'Building file: ../slugTest.c'
'Invoking: ARM Compiler'
"C:/ti/ccsv7/tools/compiler/ti-cgt-arm_17.3.0.STS/bin/armcl" -mv7M4 --code_state=16 --float_support=FPv4SPD16 -me --include_path="C:/ti/ccsv7/tools/compiler/ti-cgt-arm_17.3.0.STS/include" --include_path="C:/ti/TivaWare_C_Series-2.1.4.178" --define=ccs="ccs" --define=PART_TM4C123GH6PM -g --gcc --diag_warning=225 --diag_wrap=off --display_error_number --abi=eabi --preproc_with_compile --preproc_dependency="slugTest.d"  "../slugTest.c"
'Finished building: ../slugTest.c'
' '
'Building target: BSP.out'
'Invoking: ARM Linker'
"C:/ti/ccsv7/tools/compiler/ti-cgt-arm_17.3.0.STS/bin/armcl" -mv7M4 --code_state=16 --float_support=FPv4SPD16 -me --define=ccs="ccs" --define=PART_TM4C123GH6PM -g --gcc --diag_warning=225 --diag_wrap=off --display_error_number --abi=eabi -z -m"BSP.map" --heap_size=0 --stack_size=512 -i"C:/ti/ccsv7/tools/compiler/ti-cgt-arm_17.3.0.STS/lib" -i"C:/ti/ccsv7/tools/compiler/ti-cgt-arm_17.3.0.STS/include" --reread_libs --diag_wrap=off --display_error_number --warn_sections --xml_link_info="BSP_linkInfo.xml" --rom_model -o "BSP.out" "./slug.obj" "./slugTest.obj" "./tm4c123gh6pm_startup_ccs.obj" "../tm4c123gh6pm.cmd"  -llibc.a -l"C:/ti/TivaWare_C_Series-2.1.4.178/driverlib/ccs/Debug/driverlib.lib" 
<Linking>
'Finished building target: BSP.out'
' '

**** Build Finished ****

**** Build of configuration Debug for project BSP ****

"C:\\ti\\ccsv7\\utils\\bin\\gmake" -k -j 4 all -O 
gmake[1]: 'BSP.out' is up to date.

**** Build Finished ****

**** Build of configuration Debug for project BSP ****

"C:\\ti\\ccsv7\\utils\\bin\\gmake" -k -j 4 all -O 
'Building file: ../slugTest.c'
'Invoking: ARM Compiler'
"C:/ti/ccsv7/tools/compiler/ti-cgt-arm_17.3.0.STS/bin/armcl" -mv7M4 --code_state=16 --float_support=FPv4SPD16 -me --include_path="C:/ti/ccsv7/tools/compiler/ti-cgt-arm_17.3.0.STS/include" --include_path="C:/ti/TivaWare_C_Series-2.1.4.178" --define=ccs="ccs" --define=PART_TM4C123GH6PM -g --gcc --diag_warning=225 --diag_wrap=off --display_error_number --abi=eabi --preproc_with_compile --preproc_dependency="slugTest.d"  "../slugTest.c"
'Finished building: ../slugTest.c'
' '
'Building target: BSP.out'
'Invoking: ARM Linker'
"C:/ti/ccsv7/tools/compiler/ti-cgt-arm_17.3.0.STS/bin/armcl" -mv7M4 --code_state=16 --float_support=FPv4SPD16 -me --define=ccs="ccs" --define=PART_TM4C123GH6PM -g --gcc --diag_warning=225 --diag_wrap=off --display_error_number --abi=eabi -z -m"BSP.map" --heap_size=0 --stack_size=512 -i"C:/ti/ccsv7/tools/compiler/ti-cgt-arm_17.3.0.STS/lib" -i"C:/ti/ccsv7/tools/compiler/ti-cgt-arm_17.3.0.STS/include" --reread_libs --diag_wrap=off --display_error_number --warn_sections --xml_link_info="BSP_linkInfo.xml" --rom_model -o "BSP.out" "./slug.obj" "./slugTest.obj" "./tm4c123gh6pm_startup_ccs.obj" "../tm4c123gh6pm.cmd"  -llibc.a -l"C:/ti/TivaWare_C_Series-2.1.4.178/driverlib/ccs/Debug/driverlib.lib" 
<Linking>
'Finished building target: BSP.out'
' '

**** Build Finished ****

**** Build of configuration Debug for project BSP ****

"C:\\ti\\ccsv7\\utils\\bin\\gmake" -k -j 4 all -O 
gmake[1]: 'BSP.out' is up to date.

**** Build Finished ****

**** Build of configuration Debug for project BSP ****

"C:\\ti\\ccsv7\\utils\\bin\\gmake" -k -j 4 all -O 
gmake[1]: 'BSP.out' is up to date.

**** Build Finished ****

**** Build of configuration Debug for project BSP ****

"C:\\ti\\ccsv7\\utils\\bin\\gmake" -k -j 4 all -O 
'Building file: ../slugTest.c'
'Invoking: ARM Compiler'
"C:/ti/ccsv7/tools/compiler/ti-cgt-arm_17.3.0.STS/bin/armcl" -mv7M4 --code_state=16 --float_support=FPv4SPD16 -me --include_path="C:/ti/ccsv7/tools/compiler/ti-cgt-arm_17.3.0.STS/include" --include_path="C:/ti/TivaWare_C_Series-2.1.4.178" --define=ccs="ccs" --define=PART_TM4C123GH6PM -g --gcc --diag_warning=225 --diag_wrap=off --display_error_number --abi=eabi --preproc_with_compile --preproc_dependency="slugTest.d"  "../slugTest.c"
"../slugTest.c", line 7: warning #552-D: variable "period" was set but never used
'Finished building: ../slugTest.c'
' '
'Building target: BSP.out'
'Invoking: ARM Linker'
"C:/ti/ccsv7/tools/compiler/ti-cgt-arm_17.3.0.STS/bin/armcl" -mv7M4 --code_state=16 --float_support=FPv4SPD16 -me --define=ccs="ccs" --define=PART_TM4C123GH6PM -g --gcc --diag_warning=225 --diag_wrap=off --display_error_number --abi=eabi -z -m"BSP.map" --heap_size=0 --stack_size=512 -i"C:/ti/ccsv7/tools/compiler/ti-cgt-arm_17.3.0.STS/lib" -i"C:/ti/ccsv7/tools/compiler/ti-cgt-arm_17.3.0.STS/include" --reread_libs --diag_wrap=off --display_error_number --warn_sections --xml_link_info="BSP_linkInfo.xml" --rom_model -o "BSP.out" "./slug.obj" "./slugTest.obj" "./tm4c123gh6pm_startup_ccs.obj" "../tm4c123gh6pm.cmd"  -llibc.a -l"C:/ti/TivaWare_C_Series-2.1.4.178/driverlib/ccs/Debug/driverlib.lib" 
<Linking>
'Finished building target: BSP.out'
' '

**** Build Finished ****

**** Build of configuration Debug for project BSP ****

"C:\\ti\\ccsv7\\utils\\bin\\gmake" -k -j 4 all -O 
gmake[1]: 'BSP.out' is up to date.

**** Build Finished ****

**** Build of configuration Debug for project BSP ****

"C:\\ti\\ccsv7\\utils\\bin\\gmake" -k -j 4 all -O 
gmake[1]: 'BSP.out' is up to date.

**** Build Finished ****

**** Build of configuration Debug for project BSP ****

"C:\\ti\\ccsv7\\utils\\bin\\gmake" -k -j 4 all -O 
'Building file: ../slugTest.c'
'Invoking: ARM Compiler'
"C:/ti/ccsv7/tools/compiler/ti-cgt-arm_17.3.0.STS/bin/armcl" -mv7M4 --code_state=16 --float_support=FPv4SPD16 -me --include_path="C:/ti/ccsv7/tools/compiler/ti-cgt-arm_17.3.0.STS/include" --include_path="C:/ti/TivaWare_C_Series-2.1.4.178" --define=ccs="ccs" --define=PART_TM4C123GH6PM -g --gcc --diag_warning=225 --diag_wrap=off --display_error_number --abi=eabi --preproc_with_compile --preproc_dependency="slugTest.d"  "../slugTest.c"
"../slugTest.c", line 7: warning #552-D: variable "period" was set but never used
'Finished building: ../slugTest.c'
' '
'Building target: BSP.out'
'Invoking: ARM Linker'
"C:/ti/ccsv7/tools/compiler/ti-cgt-arm_17.3.0.STS/bin/armcl" -mv7M4 --code_state=16 --float_support=FPv4SPD16 -me --define=ccs="ccs" --define=PART_TM4C123GH6PM -g --gcc --diag_warning=225 --diag_wrap=off --display_error_number --abi=eabi -z -m"BSP.map" --heap_size=0 --stack_size=512 -i"C:/ti/ccsv7/tools/compiler/ti-cgt-arm_17.3.0.STS/lib" -i"C:/ti/ccsv7/tools/compiler/ti-cgt-arm_17.3.0.STS/include" --reread_libs --diag_wrap=off --display_error_number --warn_sections --xml_link_info="BSP_linkInfo.xml" --rom_model -o "BSP.out" "./slug.obj" "./slugTest.obj" "./tm4c123gh6pm_startup_ccs.obj" "../tm4c123gh6pm.cmd"  -llibc.a -l"C:/ti/TivaWare_C_Series-2.1.4.178/driverlib/ccs/Debug/driverlib.lib" 
<Linking>
'Finished building target: BSP.out'
' '

**** Build Finished ****

**** Build of configuration Debug for project BSP ****

"C:\\ti\\ccsv7\\utils\\bin\\gmake" -k -j 4 all -O 
'Building file: ../slug.c'
'Invoking: ARM Compiler'
"C:/ti/ccsv7/tools/compiler/ti-cgt-arm_17.3.0.STS/bin/armcl" -mv7M4 --code_state=16 --float_support=FPv4SPD16 -me --include_path="C:/ti/ccsv7/tools/compiler/ti-cgt-arm_17.3.0.STS/include" --include_path="C:/ti/TivaWare_C_Series-2.1.4.178" --define=ccs="ccs" --define=PART_TM4C123GH6PM -g --gcc --diag_warning=225 --diag_wrap=off --display_error_number --abi=eabi --preproc_with_compile --preproc_dependency="slug.d"  "../slug.c"
"../slug.c", line 70: warning #994-D: missing return statement at end of non-void function "Button1_Init"
"../slug.c", line 206: warning #179-D: variable "MotorPWM" was declared but never referenced
"../slug.c", line 57: warning #179-D: variable "ClockFrequency" was declared but never referenced
'Finished building: ../slug.c'
' '
'Building target: BSP.out'
'Invoking: ARM Linker'
"C:/ti/ccsv7/tools/compiler/ti-cgt-arm_17.3.0.STS/bin/armcl" -mv7M4 --code_state=16 --float_support=FPv4SPD16 -me --define=ccs="ccs" --define=PART_TM4C123GH6PM -g --gcc --diag_warning=225 --diag_wrap=off --display_error_number --abi=eabi -z -m"BSP.map" --heap_size=0 --stack_size=512 -i"C:/ti/ccsv7/tools/compiler/ti-cgt-arm_17.3.0.STS/lib" -i"C:/ti/ccsv7/tools/compiler/ti-cgt-arm_17.3.0.STS/include" --reread_libs --diag_wrap=off --display_error_number --warn_sections --xml_link_info="BSP_linkInfo.xml" --rom_model -o "BSP.out" "./slug.obj" "./slugTest.obj" "./tm4c123gh6pm_startup_ccs.obj" "../tm4c123gh6pm.cmd"  -llibc.a -l"C:/ti/TivaWare_C_Series-2.1.4.178/driverlib/ccs/Debug/driverlib.lib" 
<Linking>
'Finished building target: BSP.out'
' '

**** Build Finished ****

**** Build of configuration Debug for project BSP ****

"C:\\ti\\ccsv7\\utils\\bin\\gmake" -k -j 4 all -O 
'Building file: ../slug.c'
'Invoking: ARM Compiler'
"C:/ti/ccsv7/tools/compiler/ti-cgt-arm_17.3.0.STS/bin/armcl" -mv7M4 --code_state=16 --float_support=FPv4SPD16 -me --include_path="C:/ti/ccsv7/tools/compiler/ti-cgt-arm_17.3.0.STS/include" --include_path="C:/ti/TivaWare_C_Series-2.1.4.178" --define=ccs="ccs" --define=PART_TM4C123GH6PM -g --gcc --diag_warning=225 --diag_wrap=off --display_error_number --abi=eabi --preproc_with_compile --preproc_dependency="slug.d"  "../slug.c"

>> Compilation failure
subdir_rules.mk:9: recipe for target 'slug.obj' failed
"../slug.c", line 70: warning #994-D: missing return statement at end of non-void function "Button1_Init"
"../slug.c", line 205: error #148: declaration is incompatible with "uint32_t Motor_Init(uint32_t)" (declared at line 101 of "..\slug.h")
"../slug.c", line 210: error #20: identifier "MotorDirectionPin" is undefined
"../slug.c", line 213: error #20: identifier "MotorPWMPin" is undefined
"../slug.c", line 232: error #167: too few arguments in function call
"../slug.c", line 233: error #66: expected a ";"
"../slug.c", line 231: warning #179-D: variable "dutyCycle" was declared but never referenced
"../slug.c", line 57: warning #179-D: variable "ClockFrequency" was declared but never referenced
5 errors detected in the compilation of "../slug.c".
gmake: *** [slug.obj] Error 1
gmake: Target 'all' not remade because of errors.

**** Build Finished ****

**** Build of configuration Debug for project BSP ****

"C:\\ti\\ccsv7\\utils\\bin\\gmake" -k -j 4 all -O 
'Building file: ../slugTest.c'
'Invoking: ARM Compiler'
"C:/ti/ccsv7/tools/compiler/ti-cgt-arm_17.3.0.STS/bin/armcl" -mv7M4 --code_state=16 --float_support=FPv4SPD16 -me --include_path="C:/ti/ccsv7/tools/compiler/ti-cgt-arm_17.3.0.STS/include" --include_path="C:/ti/TivaWare_C_Series-2.1.4.178" --define=ccs="ccs" --define=PART_TM4C123GH6PM -g --gcc --diag_warning=225 --diag_wrap=off --display_error_number --abi=eabi --preproc_with_compile --preproc_dependency="slugTest.d"  "../slugTest.c"

>> Compilation failure
subdir_rules.mk:16: recipe for target 'slugTest.obj' failed
"../slugTest.c", line 11: error #515: a value of type "void" cannot be assigned to an entity of type "uint32_t"
"../slugTest.c", line 7: warning #552-D: variable "period" was set but never used
1 error detected in the compilation of "../slugTest.c".
gmake: *** [slugTest.obj] Error 1
'Building file: ../slug.c'
'Invoking: ARM Compiler'
"C:/ti/ccsv7/tools/compiler/ti-cgt-arm_17.3.0.STS/bin/armcl" -mv7M4 --code_state=16 --float_support=FPv4SPD16 -me --include_path="C:/ti/ccsv7/tools/compiler/ti-cgt-arm_17.3.0.STS/include" --include_path="C:/ti/TivaWare_C_Series-2.1.4.178" --define=ccs="ccs" --define=PART_TM4C123GH6PM -g --gcc --diag_warning=225 --diag_wrap=off --display_error_number --abi=eabi --preproc_with_compile --preproc_dependency="slug.d"  "../slug.c"

>> Compilation failure
subdir_rules.mk:9: recipe for target 'slug.obj' failed
"../slug.c", line 70: warning #994-D: missing return statement at end of non-void function "Button1_Init"
"../slug.c", line 187: error #18: expected a ")"
"../slug.c", line 187: error #142-D: unnamed prototyped parameters not allowed when body is present
"../slug.c", line 232: error #167: too few arguments in function call
"../slug.c", line 233: error #66: expected a ";"
"../slug.c", line 231: warning #179-D: variable "dutyCycle" was declared but never referenced
"../slug.c", line 57: warning #179-D: variable "ClockFrequency" was declared but never referenced
4 errors detected in the compilation of "../slug.c".
gmake: *** [slug.obj] Error 1
gmake: Target 'all' not remade because of errors.

**** Build Finished ****

**** Build of configuration Debug for project BSP ****

"C:\\ti\\ccsv7\\utils\\bin\\gmake" -k -j 4 all -O 
'Building file: ../slugTest.c'
'Invoking: ARM Compiler'
"C:/ti/ccsv7/tools/compiler/ti-cgt-arm_17.3.0.STS/bin/armcl" -mv7M4 --code_state=16 --float_support=FPv4SPD16 -me --include_path="C:/ti/ccsv7/tools/compiler/ti-cgt-arm_17.3.0.STS/include" --include_path="C:/ti/TivaWare_C_Series-2.1.4.178" --define=ccs="ccs" --define=PART_TM4C123GH6PM -g --gcc --diag_warning=225 --diag_wrap=off --display_error_number --abi=eabi --preproc_with_compile --preproc_dependency="slugTest.d"  "../slugTest.c"

>> Compilation failure
subdir_rules.mk:16: recipe for target 'slugTest.obj' failed
"../slugTest.c", line 11: error #515: a value of type "void" cannot be assigned to an entity of type "uint32_t"
"../slugTest.c", line 7: warning #552-D: variable "period" was set but never used
1 error detected in the compilation of "../slugTest.c".
gmake: *** [slugTest.obj] Error 1
'Building file: ../slug.c'
'Invoking: ARM Compiler'
"C:/ti/ccsv7/tools/compiler/ti-cgt-arm_17.3.0.STS/bin/armcl" -mv7M4 --code_state=16 --float_support=FPv4SPD16 -me --include_path="C:/ti/ccsv7/tools/compiler/ti-cgt-arm_17.3.0.STS/include" --include_path="C:/ti/TivaWare_C_Series-2.1.4.178" --define=ccs="ccs" --define=PART_TM4C123GH6PM -g --gcc --diag_warning=225 --diag_wrap=off --display_error_number --abi=eabi --preproc_with_compile --preproc_dependency="slug.d"  "../slug.c"

>> Compilation failure
subdir_rules.mk:9: recipe for target 'slug.obj' failed
"../slug.c", line 70: warning #994-D: missing return statement at end of non-void function "Button1_Init"
"../slug.c", line 187: error #18: expected a ")"
"../slug.c", line 187: error #142-D: unnamed prototyped parameters not allowed when body is present
"../slug.c", line 219: error #20: identifier "MotorDirection" is undefined
"../slug.c", line 223: error #20: identifier "MotorDirection" is undefined
"../slug.c", line 233: error #66: expected a ";"
"../slug.c", line 231: warning #179-D: variable "dutyCycle" was declared but never referenced
"../slug.c", line 57: warning #179-D: variable "ClockFrequency" was declared but never referenced
5 errors detected in the compilation of "../slug.c".
gmake: *** [slug.obj] Error 1
gmake: Target 'all' not remade because of errors.

**** Build Finished ****

**** Build of configuration Debug for project BSP ****

"C:\\ti\\ccsv7\\utils\\bin\\gmake" -k -j 4 all -O 
'Building file: ../slugTest.c'
'Invoking: ARM Compiler'
"C:/ti/ccsv7/tools/compiler/ti-cgt-arm_17.3.0.STS/bin/armcl" -mv7M4 --code_state=16 --float_support=FPv4SPD16 -me --include_path="C:/ti/ccsv7/tools/compiler/ti-cgt-arm_17.3.0.STS/include" --include_path="C:/ti/TivaWare_C_Series-2.1.4.178" --define=ccs="ccs" --define=PART_TM4C123GH6PM -g --gcc --diag_warning=225 --diag_wrap=off --display_error_number --abi=eabi --preproc_with_compile --preproc_dependency="slugTest.d"  "../slugTest.c"

>> Compilation failure
subdir_rules.mk:16: recipe for target 'slugTest.obj' failed
"../slugTest.c", line 11: error #515: a value of type "void" cannot be assigned to an entity of type "uint32_t"
"../slugTest.c", line 7: warning #552-D: variable "period" was set but never used
1 error detected in the compilation of "../slugTest.c".
gmake: *** [slugTest.obj] Error 1
'Building file: ../slug.c'
'Invoking: ARM Compiler'
"C:/ti/ccsv7/tools/compiler/ti-cgt-arm_17.3.0.STS/bin/armcl" -mv7M4 --code_state=16 --float_support=FPv4SPD16 -me --include_path="C:/ti/ccsv7/tools/compiler/ti-cgt-arm_17.3.0.STS/include" --include_path="C:/ti/TivaWare_C_Series-2.1.4.178" --define=ccs="ccs" --define=PART_TM4C123GH6PM -g --gcc --diag_warning=225 --diag_wrap=off --display_error_number --abi=eabi --preproc_with_compile --preproc_dependency="slug.d"  "../slug.c"

>> Compilation failure
subdir_rules.mk:9: recipe for target 'slug.obj' failed
"../slug.c", line 70: warning #994-D: missing return statement at end of non-void function "Button1_Init"
"../slug.c", line 187: error #18: expected a ")"
"../slug.c", line 187: error #142-D: unnamed prototyped parameters not allowed when body is present
"../slug.c", line 219: error #20: identifier "MotorDirection" is undefined
"../slug.c", line 223: error #20: identifier "MotorDirection" is undefined
"../slug.c", line 234: error #66: expected a ";"
"../slug.c", line 231: warning #552-D: variable "dutyCycle" was set but never used
"../slug.c", line 57: warning #179-D: variable "ClockFrequency" was declared but never referenced
5 errors detected in the compilation of "../slug.c".
gmake: *** [slug.obj] Error 1
gmake: Target 'all' not remade because of errors.

**** Build Finished ****

**** Build of configuration Debug for project BSP ****

"C:\\ti\\ccsv7\\utils\\bin\\gmake" -k -j 4 all -O 
'Building file: ../slugTest.c'
'Invoking: ARM Compiler'
"C:/ti/ccsv7/tools/compiler/ti-cgt-arm_17.3.0.STS/bin/armcl" -mv7M4 --code_state=16 --float_support=FPv4SPD16 -me --include_path="C:/ti/ccsv7/tools/compiler/ti-cgt-arm_17.3.0.STS/include" --include_path="C:/ti/TivaWare_C_Series-2.1.4.178" --define=ccs="ccs" --define=PART_TM4C123GH6PM -g --gcc --diag_warning=225 --diag_wrap=off --display_error_number --abi=eabi --preproc_with_compile --preproc_dependency="slugTest.d"  "../slugTest.c"

>> Compilation failure
subdir_rules.mk:16: recipe for target 'slugTest.obj' failed
"../slugTest.c", line 11: error #515: a value of type "void" cannot be assigned to an entity of type "uint32_t"
"../slugTest.c", line 7: warning #552-D: variable "period" was set but never used
1 error detected in the compilation of "../slugTest.c".
gmake: *** [slugTest.obj] Error 1
'Building file: ../slug.c'
'Invoking: ARM Compiler'
"C:/ti/ccsv7/tools/compiler/ti-cgt-arm_17.3.0.STS/bin/armcl" -mv7M4 --code_state=16 --float_support=FPv4SPD16 -me --include_path="C:/ti/ccsv7/tools/compiler/ti-cgt-arm_17.3.0.STS/include" --include_path="C:/ti/TivaWare_C_Series-2.1.4.178" --define=ccs="ccs" --define=PART_TM4C123GH6PM -g --gcc --diag_warning=225 --diag_wrap=off --display_error_number --abi=eabi --preproc_with_compile --preproc_dependency="slug.d"  "../slug.c"

>> Compilation failure
subdir_rules.mk:9: recipe for target 'slug.obj' failed
"../slug.c", line 70: warning #994-D: missing return statement at end of non-void function "Button1_Init"
"../slug.c", line 187: error #18: expected a ")"
"../slug.c", line 187: error #142-D: unnamed prototyped parameters not allowed when body is present
"../slug.c", line 223: warning #70-D: integer conversion resulted in truncation
"../slug.c", line 234: error #66: expected a ";"
"../slug.c", line 231: warning #552-D: variable "dutyCycle" was set but never used
"../slug.c", line 57: warning #179-D: variable "ClockFrequency" was declared but never referenced
3 errors detected in the compilation of "../slug.c".
gmake: *** [slug.obj] Error 1
gmake: Target 'all' not remade because of errors.

**** Build Finished ****

**** Build of configuration Debug for project BSP ****

"C:\\ti\\ccsv7\\utils\\bin\\gmake" -k -j 4 all -O 
'Building file: ../slugTest.c'
'Invoking: ARM Compiler'
"C:/ti/ccsv7/tools/compiler/ti-cgt-arm_17.3.0.STS/bin/armcl" -mv7M4 --code_state=16 --float_support=FPv4SPD16 -me --include_path="C:/ti/ccsv7/tools/compiler/ti-cgt-arm_17.3.0.STS/include" --include_path="C:/ti/TivaWare_C_Series-2.1.4.178" --define=ccs="ccs" --define=PART_TM4C123GH6PM -g --gcc --diag_warning=225 --diag_wrap=off --display_error_number --abi=eabi --preproc_with_compile --preproc_dependency="slugTest.d"  "../slugTest.c"

>> Compilation failure
subdir_rules.mk:16: recipe for target 'slugTest.obj' failed
"../slugTest.c", line 11: error #515: a value of type "void" cannot be assigned to an entity of type "uint32_t"
"../slugTest.c", line 7: warning #552-D: variable "period" was set but never used
1 error detected in the compilation of "../slugTest.c".
gmake: *** [slugTest.obj] Error 1
'Building file: ../slug.c'
'Invoking: ARM Compiler'
"C:/ti/ccsv7/tools/compiler/ti-cgt-arm_17.3.0.STS/bin/armcl" -mv7M4 --code_state=16 --float_support=FPv4SPD16 -me --include_path="C:/ti/ccsv7/tools/compiler/ti-cgt-arm_17.3.0.STS/include" --include_path="C:/ti/TivaWare_C_Series-2.1.4.178" --define=ccs="ccs" --define=PART_TM4C123GH6PM -g --gcc --diag_warning=225 --diag_wrap=off --display_error_number --abi=eabi --preproc_with_compile --preproc_dependency="slug.d"  "../slug.c"

>> Compilation failure
subdir_rules.mk:9: recipe for target 'slug.obj' failed
"../slug.c", line 70: warning #994-D: missing return statement at end of non-void function "Button1_Init"
"../slug.c", line 223: warning #70-D: integer conversion resulted in truncation
"../slug.c", line 234: error #66: expected a ";"
"../slug.c", line 231: warning #552-D: variable "dutyCycle" was set but never used
"../slug.c", line 57: warning #179-D: variable "ClockFrequency" was declared but never referenced
1 error detected in the compilation of "../slug.c".
gmake: *** [slug.obj] Error 1
gmake: Target 'all' not remade because of errors.

**** Build Finished ****

**** Build of configuration Debug for project BSP ****

"C:\\ti\\ccsv7\\utils\\bin\\gmake" -k -j 4 all -O 
'Building file: ../slugTest.c'
'Invoking: ARM Compiler'
"C:/ti/ccsv7/tools/compiler/ti-cgt-arm_17.3.0.STS/bin/armcl" -mv7M4 --code_state=16 --float_support=FPv4SPD16 -me --include_path="C:/ti/ccsv7/tools/compiler/ti-cgt-arm_17.3.0.STS/include" --include_path="C:/ti/TivaWare_C_Series-2.1.4.178" --define=ccs="ccs" --define=PART_TM4C123GH6PM -g --gcc --diag_warning=225 --diag_wrap=off --display_error_number --abi=eabi --preproc_with_compile --preproc_dependency="slugTest.d"  "../slugTest.c"

>> Compilation failure
subdir_rules.mk:16: recipe for target 'slugTest.obj' failed
"../slugTest.c", line 11: error #515: a value of type "void" cannot be assigned to an entity of type "uint32_t"
"../slugTest.c", line 7: warning #552-D: variable "period" was set but never used
1 error detected in the compilation of "../slugTest.c".
gmake: *** [slugTest.obj] Error 1
'Building file: ../slug.c'
'Invoking: ARM Compiler'
"C:/ti/ccsv7/tools/compiler/ti-cgt-arm_17.3.0.STS/bin/armcl" -mv7M4 --code_state=16 --float_support=FPv4SPD16 -me --include_path="C:/ti/ccsv7/tools/compiler/ti-cgt-arm_17.3.0.STS/include" --include_path="C:/ti/TivaWare_C_Series-2.1.4.178" --define=ccs="ccs" --define=PART_TM4C123GH6PM -g --gcc --diag_warning=225 --diag_wrap=off --display_error_number --abi=eabi --preproc_with_compile --preproc_dependency="slug.d"  "../slug.c"
"../slug.c", line 70: warning #994-D: missing return statement at end of non-void function "Button1_Init"
"../slug.c", line 223: warning #70-D: integer conversion resulted in truncation
"../slug.c", line 57: warning #179-D: variable "ClockFrequency" was declared but never referenced
'Finished building: ../slug.c'
' '
gmake: Target 'all' not remade because of errors.

**** Build Finished ****

**** Build of configuration Debug for project BSP ****

"C:\\ti\\ccsv7\\utils\\bin\\gmake" -k -j 4 all -O 
'Building file: ../slugTest.c'
'Invoking: ARM Compiler'
"C:/ti/ccsv7/tools/compiler/ti-cgt-arm_17.3.0.STS/bin/armcl" -mv7M4 --code_state=16 --float_support=FPv4SPD16 -me --include_path="C:/ti/ccsv7/tools/compiler/ti-cgt-arm_17.3.0.STS/include" --include_path="C:/ti/TivaWare_C_Series-2.1.4.178" --define=ccs="ccs" --define=PART_TM4C123GH6PM -g --gcc --diag_warning=225 --diag_wrap=off --display_error_number --abi=eabi --preproc_with_compile --preproc_dependency="slugTest.d"  "../slugTest.c"
'Finished building: ../slugTest.c'
' '
'Building target: BSP.out'
'Invoking: ARM Linker'
"C:/ti/ccsv7/tools/compiler/ti-cgt-arm_17.3.0.STS/bin/armcl" -mv7M4 --code_state=16 --float_support=FPv4SPD16 -me --define=ccs="ccs" --define=PART_TM4C123GH6PM -g --gcc --diag_warning=225 --diag_wrap=off --display_error_number --abi=eabi -z -m"BSP.map" --heap_size=0 --stack_size=512 -i"C:/ti/ccsv7/tools/compiler/ti-cgt-arm_17.3.0.STS/lib" -i"C:/ti/ccsv7/tools/compiler/ti-cgt-arm_17.3.0.STS/include" --reread_libs --diag_wrap=off --display_error_number --warn_sections --xml_link_info="BSP_linkInfo.xml" --rom_model -o "BSP.out" "./slug.obj" "./slugTest.obj" "./tm4c123gh6pm_startup_ccs.obj" "../tm4c123gh6pm.cmd"  -llibc.a -l"C:/ti/TivaWare_C_Series-2.1.4.178/driverlib/ccs/Debug/driverlib.lib" 
<Linking>
'Finished building target: BSP.out'
' '

**** Build Finished ****

**** Build of configuration Debug for project BSP ****

"C:\\ti\\ccsv7\\utils\\bin\\gmake" -k -j 4 all -O 
gmake[1]: 'BSP.out' is up to date.

**** Build Finished ****

**** Build of configuration Debug for project BSP ****

"C:\\ti\\ccsv7\\utils\\bin\\gmake" -k -j 4 all -O 
gmake[1]: 'BSP.out' is up to date.

**** Build Finished ****

**** Build of configuration Debug for project BSP ****

"C:\\ti\\ccsv7\\utils\\bin\\gmake" -k -j 4 all -O 
'Building file: ../slug.c'
'Invoking: ARM Compiler'
"C:/ti/ccsv7/tools/compiler/ti-cgt-arm_17.3.0.STS/bin/armcl" -mv7M4 --code_state=16 --float_support=FPv4SPD16 -me --include_path="C:/ti/ccsv7/tools/compiler/ti-cgt-arm_17.3.0.STS/include" --include_path="C:/ti/TivaWare_C_Series-2.1.4.178" --define=ccs="ccs" --define=PART_TM4C123GH6PM -g --gcc --diag_warning=225 --diag_wrap=off --display_error_number --abi=eabi --preproc_with_compile --preproc_dependency="slug.d"  "../slug.c"

>> Compilation failure
subdir_rules.mk:9: recipe for target 'slug.obj' failed
"../slug.c", line 70: warning #994-D: missing return statement at end of non-void function "Button1_Init"
"../slug.c", line 223: warning #70-D: integer conversion resulted in truncation
"../slug.c", line 230: error #148: declaration is incompatible with "void Motor_SetDuty(uint16_t, uint32_t)" (declared at line 110 of "..\slug.h")
"../slug.c", line 57: warning #179-D: variable "ClockFrequency" was declared but never referenced
1 error detected in the compilation of "../slug.c".
gmake: *** [slug.obj] Error 1
gmake: Target 'all' not remade because of errors.

**** Build Finished ****

**** Build of configuration Debug for project BSP ****

"C:\\ti\\ccsv7\\utils\\bin\\gmake" -k -j 4 all -O 
'Building file: ../slugTest.c'
'Invoking: ARM Compiler'
"C:/ti/ccsv7/tools/compiler/ti-cgt-arm_17.3.0.STS/bin/armcl" -mv7M4 --code_state=16 --float_support=FPv4SPD16 -me --include_path="C:/ti/ccsv7/tools/compiler/ti-cgt-arm_17.3.0.STS/include" --include_path="C:/ti/TivaWare_C_Series-2.1.4.178" --define=ccs="ccs" --define=PART_TM4C123GH6PM -g --gcc --diag_warning=225 --diag_wrap=off --display_error_number --abi=eabi --preproc_with_compile --preproc_dependency="slugTest.d"  "../slugTest.c"
'Finished building: ../slugTest.c'
' '
'Building file: ../slug.c'
'Invoking: ARM Compiler'
"C:/ti/ccsv7/tools/compiler/ti-cgt-arm_17.3.0.STS/bin/armcl" -mv7M4 --code_state=16 --float_support=FPv4SPD16 -me --include_path="C:/ti/ccsv7/tools/compiler/ti-cgt-arm_17.3.0.STS/include" --include_path="C:/ti/TivaWare_C_Series-2.1.4.178" --define=ccs="ccs" --define=PART_TM4C123GH6PM -g --gcc --diag_warning=225 --diag_wrap=off --display_error_number --abi=eabi --preproc_with_compile --preproc_dependency="slug.d"  "../slug.c"
"../slug.c", line 70: warning #994-D: missing return statement at end of non-void function "Button1_Init"
"../slug.c", line 223: warning #70-D: integer conversion resulted in truncation
"../slug.c", line 57: warning #179-D: variable "ClockFrequency" was declared but never referenced
'Finished building: ../slug.c'
' '
'Building target: BSP.out'
'Invoking: ARM Linker'
"C:/ti/ccsv7/tools/compiler/ti-cgt-arm_17.3.0.STS/bin/armcl" -mv7M4 --code_state=16 --float_support=FPv4SPD16 -me --define=ccs="ccs" --define=PART_TM4C123GH6PM -g --gcc --diag_warning=225 --diag_wrap=off --display_error_number --abi=eabi -z -m"BSP.map" --heap_size=0 --stack_size=512 -i"C:/ti/ccsv7/tools/compiler/ti-cgt-arm_17.3.0.STS/lib" -i"C:/ti/ccsv7/tools/compiler/ti-cgt-arm_17.3.0.STS/include" --reread_libs --diag_wrap=off --display_error_number --warn_sections --xml_link_info="BSP_linkInfo.xml" --rom_model -o "BSP.out" "./slug.obj" "./slugTest.obj" "./tm4c123gh6pm_startup_ccs.obj" "../tm4c123gh6pm.cmd"  -llibc.a -l"C:/ti/TivaWare_C_Series-2.1.4.178/driverlib/ccs/Debug/driverlib.lib" 
<Linking>
'Finished building target: BSP.out'
' '

**** Build Finished ****

**** Build of configuration Debug for project BSP ****

"C:\\ti\\ccsv7\\utils\\bin\\gmake" -k -j 4 all -O 
'Building file: ../slugTest.c'
'Invoking: ARM Compiler'
"C:/ti/ccsv7/tools/compiler/ti-cgt-arm_17.3.0.STS/bin/armcl" -mv7M4 --code_state=16 --float_support=FPv4SPD16 -me --include_path="C:/ti/ccsv7/tools/compiler/ti-cgt-arm_17.3.0.STS/include" --include_path="C:/ti/TivaWare_C_Series-2.1.4.178" --define=ccs="ccs" --define=PART_TM4C123GH6PM -g --gcc --diag_warning=225 --diag_wrap=off --display_error_number --abi=eabi --preproc_with_compile --preproc_dependency="slugTest.d"  "../slugTest.c"
'Finished building: ../slugTest.c'
' '
'Building target: BSP.out'
'Invoking: ARM Linker'
"C:/ti/ccsv7/tools/compiler/ti-cgt-arm_17.3.0.STS/bin/armcl" -mv7M4 --code_state=16 --float_support=FPv4SPD16 -me --define=ccs="ccs" --define=PART_TM4C123GH6PM -g --gcc --diag_warning=225 --diag_wrap=off --display_error_number --abi=eabi -z -m"BSP.map" --heap_size=0 --stack_size=512 -i"C:/ti/ccsv7/tools/compiler/ti-cgt-arm_17.3.0.STS/lib" -i"C:/ti/ccsv7/tools/compiler/ti-cgt-arm_17.3.0.STS/include" --reread_libs --diag_wrap=off --display_error_number --warn_sections --xml_link_info="BSP_linkInfo.xml" --rom_model -o "BSP.out" "./slug.obj" "./slugTest.obj" "./tm4c123gh6pm_startup_ccs.obj" "../tm4c123gh6pm.cmd"  -llibc.a -l"C:/ti/TivaWare_C_Series-2.1.4.178/driverlib/ccs/Debug/driverlib.lib" 
<Linking>
'Finished building target: BSP.out'
' '

**** Build Finished ****

**** Build of configuration Debug for project BSP ****

"C:\\ti\\ccsv7\\utils\\bin\\gmake" -k -j 4 all -O 
gmake[1]: 'BSP.out' is up to date.

**** Build Finished ****

**** Build of configuration Debug for project BSP ****

"C:\\ti\\ccsv7\\utils\\bin\\gmake" -k -j 4 all -O 
gmake[1]: 'BSP.out' is up to date.

**** Build Finished ****

**** Build of configuration Debug for project BSP ****

"C:\\ti\\ccsv7\\utils\\bin\\gmake" -k -j 4 all -O 
'Building file: ../slugTest.c'
'Invoking: ARM Compiler'
"C:/ti/ccsv7/tools/compiler/ti-cgt-arm_17.3.0.STS/bin/armcl" -mv7M4 --code_state=16 --float_support=FPv4SPD16 -me --include_path="C:/ti/ccsv7/tools/compiler/ti-cgt-arm_17.3.0.STS/include" --include_path="C:/ti/TivaWare_C_Series-2.1.4.178" --define=ccs="ccs" --define=PART_TM4C123GH6PM -g --gcc --diag_warning=225 --diag_wrap=off --display_error_number --abi=eabi --preproc_with_compile --preproc_dependency="slugTest.d"  "../slugTest.c"
'Finished building: ../slugTest.c'
' '
'Building target: BSP.out'
'Invoking: ARM Linker'
"C:/ti/ccsv7/tools/compiler/ti-cgt-arm_17.3.0.STS/bin/armcl" -mv7M4 --code_state=16 --float_support=FPv4SPD16 -me --define=ccs="ccs" --define=PART_TM4C123GH6PM -g --gcc --diag_warning=225 --diag_wrap=off --display_error_number --abi=eabi -z -m"BSP.map" --heap_size=0 --stack_size=512 -i"C:/ti/ccsv7/tools/compiler/ti-cgt-arm_17.3.0.STS/lib" -i"C:/ti/ccsv7/tools/compiler/ti-cgt-arm_17.3.0.STS/include" --reread_libs --diag_wrap=off --display_error_number --warn_sections --xml_link_info="BSP_linkInfo.xml" --rom_model -o "BSP.out" "./slug.obj" "./slugTest.obj" "./tm4c123gh6pm_startup_ccs.obj" "../tm4c123gh6pm.cmd"  -llibc.a -l"C:/ti/TivaWare_C_Series-2.1.4.178/driverlib/ccs/Debug/driverlib.lib" 
<Linking>
'Finished building target: BSP.out'
' '

**** Build Finished ****

**** Build of configuration Debug for project BSP ****

"C:\\ti\\ccsv7\\utils\\bin\\gmake" -k -j 4 all -O 
gmake[1]: 'BSP.out' is up to date.

**** Build Finished ****

**** Build of configuration Debug for project BSP ****

"C:\\ti\\ccsv7\\utils\\bin\\gmake" -k -j 4 all -O 
gmake[1]: 'BSP.out' is up to date.

**** Build Finished ****

**** Build of configuration Debug for project BSP ****

"C:\\ti\\ccsv7\\utils\\bin\\gmake" -k -j 4 all -O 
'Building file: ../slugTest.c'
'Invoking: ARM Compiler'
"C:/ti/ccsv7/tools/compiler/ti-cgt-arm_17.3.0.STS/bin/armcl" -mv7M4 --code_state=16 --float_support=FPv4SPD16 -me --include_path="C:/ti/ccsv7/tools/compiler/ti-cgt-arm_17.3.0.STS/include" --include_path="C:/ti/TivaWare_C_Series-2.1.4.178" --define=ccs="ccs" --define=PART_TM4C123GH6PM -g --gcc --diag_warning=225 --diag_wrap=off --display_error_number --abi=eabi --preproc_with_compile --preproc_dependency="slugTest.d"  "../slugTest.c"
'Finished building: ../slugTest.c'
' '
'Building target: BSP.out'
'Invoking: ARM Linker'
"C:/ti/ccsv7/tools/compiler/ti-cgt-arm_17.3.0.STS/bin/armcl" -mv7M4 --code_state=16 --float_support=FPv4SPD16 -me --define=ccs="ccs" --define=PART_TM4C123GH6PM -g --gcc --diag_warning=225 --diag_wrap=off --display_error_number --abi=eabi -z -m"BSP.map" --heap_size=0 --stack_size=512 -i"C:/ti/ccsv7/tools/compiler/ti-cgt-arm_17.3.0.STS/lib" -i"C:/ti/ccsv7/tools/compiler/ti-cgt-arm_17.3.0.STS/include" --reread_libs --diag_wrap=off --display_error_number --warn_sections --xml_link_info="BSP_linkInfo.xml" --rom_model -o "BSP.out" "./slug.obj" "./slugTest.obj" "./tm4c123gh6pm_startup_ccs.obj" "../tm4c123gh6pm.cmd"  -llibc.a -l"C:/ti/TivaWare_C_Series-2.1.4.178/driverlib/ccs/Debug/driverlib.lib" 
<Linking>
'Finished building target: BSP.out'
' '

**** Build Finished ****

**** Build of configuration Debug for project BSP ****

"C:\\ti\\ccsv7\\utils\\bin\\gmake" -k -j 4 all -O 
gmake[1]: 'BSP.out' is up to date.

**** Build Finished ****

**** Build of configuration Debug for project BSP ****

"C:\\ti\\ccsv7\\utils\\bin\\gmake" -k -j 4 all -O 
gmake[1]: 'BSP.out' is up to date.

**** Build Finished ****

**** Build of configuration Debug for project BSP ****

"C:\\ti\\ccsv7\\utils\\bin\\gmake" -k -j 4 all -O 
'Building file: ../slug.c'
'Invoking: ARM Compiler'
"C:/ti/ccsv7/tools/compiler/ti-cgt-arm_17.3.0.STS/bin/armcl" -mv7M4 --code_state=16 --float_support=FPv4SPD16 -me --include_path="C:/ti/ccsv7/tools/compiler/ti-cgt-arm_17.3.0.STS/include" --include_path="C:/ti/TivaWare_C_Series-2.1.4.178" --define=ccs="ccs" --define=PART_TM4C123GH6PM -g --gcc --diag_warning=225 --diag_wrap=off --display_error_number --abi=eabi --preproc_with_compile --preproc_dependency="slug.d"  "../slug.c"

>> Compilation failure
subdir_rules.mk:9: recipe for target 'slug.obj' failed
"../slug.c", line 70: warning #994-D: missing return statement at end of non-void function "Button1_Init"
"../slug.c", line 210: error #171: expected a declaration
At end of source: warning #12-D: parsing restarts here after previous syntax error
"../slug.c", line 57: warning #179-D: variable "ClockFrequency" was declared but never referenced
1 error detected in the compilation of "../slug.c".
gmake: *** [slug.obj] Error 1
gmake: Target 'all' not remade because of errors.

**** Build Finished ****

**** Build of configuration Debug for project BSP ****

"C:\\ti\\ccsv7\\utils\\bin\\gmake" -k -j 4 all -O 
'Building file: ../slug.c'
'Invoking: ARM Compiler'
"C:/ti/ccsv7/tools/compiler/ti-cgt-arm_17.3.0.STS/bin/armcl" -mv7M4 --code_state=16 --float_support=FPv4SPD16 -me --include_path="C:/ti/ccsv7/tools/compiler/ti-cgt-arm_17.3.0.STS/include" --include_path="C:/ti/TivaWare_C_Series-2.1.4.178" --define=ccs="ccs" --define=PART_TM4C123GH6PM -g --gcc --diag_warning=225 --diag_wrap=off --display_error_number --abi=eabi --preproc_with_compile --preproc_dependency="slug.d"  "../slug.c"
"../slug.c", line 70: warning #994-D: missing return statement at end of non-void function "Button1_Init"
"../slug.c", line 229: warning #70-D: integer conversion resulted in truncation
"../slug.c", line 57: warning #179-D: variable "ClockFrequency" was declared but never referenced
'Finished building: ../slug.c'
' '
'Building target: BSP.out'
'Invoking: ARM Linker'
"C:/ti/ccsv7/tools/compiler/ti-cgt-arm_17.3.0.STS/bin/armcl" -mv7M4 --code_state=16 --float_support=FPv4SPD16 -me --define=ccs="ccs" --define=PART_TM4C123GH6PM -g --gcc --diag_warning=225 --diag_wrap=off --display_error_number --abi=eabi -z -m"BSP.map" --heap_size=0 --stack_size=512 -i"C:/ti/ccsv7/tools/compiler/ti-cgt-arm_17.3.0.STS/lib" -i"C:/ti/ccsv7/tools/compiler/ti-cgt-arm_17.3.0.STS/include" --reread_libs --diag_wrap=off --display_error_number --warn_sections --xml_link_info="BSP_linkInfo.xml" --rom_model -o "BSP.out" "./slug.obj" "./slugTest.obj" "./tm4c123gh6pm_startup_ccs.obj" "../tm4c123gh6pm.cmd"  -llibc.a -l"C:/ti/TivaWare_C_Series-2.1.4.178/driverlib/ccs/Debug/driverlib.lib" 
<Linking>
'Finished building target: BSP.out'
' '

**** Build Finished ****

**** Build of configuration Debug for project BSP ****

"C:\\ti\\ccsv7\\utils\\bin\\gmake" -k -j 4 all -O 
'Building file: ../slug.c'
'Invoking: ARM Compiler'
"C:/ti/ccsv7/tools/compiler/ti-cgt-arm_17.3.0.STS/bin/armcl" -mv7M4 --code_state=16 --float_support=FPv4SPD16 -me --include_path="C:/ti/ccsv7/tools/compiler/ti-cgt-arm_17.3.0.STS/include" --include_path="C:/ti/TivaWare_C_Series-2.1.4.178" --define=ccs="ccs" --define=PART_TM4C123GH6PM -g --gcc --diag_warning=225 --diag_wrap=off --display_error_number --abi=eabi --preproc_with_compile --preproc_dependency="slug.d"  "../slug.c"
"../slug.c", line 70: warning #994-D: missing return statement at end of non-void function "Button1_Init"
"../slug.c", line 229: warning #70-D: integer conversion resulted in truncation
"../slug.c", line 57: warning #179-D: variable "ClockFrequency" was declared but never referenced
'Finished building: ../slug.c'
' '
'Building target: BSP.out'
'Invoking: ARM Linker'
"C:/ti/ccsv7/tools/compiler/ti-cgt-arm_17.3.0.STS/bin/armcl" -mv7M4 --code_state=16 --float_support=FPv4SPD16 -me --define=ccs="ccs" --define=PART_TM4C123GH6PM -g --gcc --diag_warning=225 --diag_wrap=off --display_error_number --abi=eabi -z -m"BSP.map" --heap_size=0 --stack_size=512 -i"C:/ti/ccsv7/tools/compiler/ti-cgt-arm_17.3.0.STS/lib" -i"C:/ti/ccsv7/tools/compiler/ti-cgt-arm_17.3.0.STS/include" --reread_libs --diag_wrap=off --display_error_number --warn_sections --xml_link_info="BSP_linkInfo.xml" --rom_model -o "BSP.out" "./slug.obj" "./slugTest.obj" "./tm4c123gh6pm_startup_ccs.obj" "../tm4c123gh6pm.cmd"  -llibc.a -l"C:/ti/TivaWare_C_Series-2.1.4.178/driverlib/ccs/Debug/driverlib.lib" 
<Linking>
'Finished building target: BSP.out'
' '

**** Build Finished ****

**** Build of configuration Debug for project BSP ****

"C:\\ti\\ccsv7\\utils\\bin\\gmake" -k -j 4 all -O 
'Building file: ../slugTest.c'
'Invoking: ARM Compiler'
"C:/ti/ccsv7/tools/compiler/ti-cgt-arm_17.3.0.STS/bin/armcl" -mv7M4 --code_state=16 --float_support=FPv4SPD16 -me --include_path="C:/ti/ccsv7/tools/compiler/ti-cgt-arm_17.3.0.STS/include" --include_path="C:/ti/TivaWare_C_Series-2.1.4.178" --define=ccs="ccs" --define=PART_TM4C123GH6PM -g --gcc --diag_warning=225 --diag_wrap=off --display_error_number --abi=eabi --preproc_with_compile --preproc_dependency="slugTest.d"  "../slugTest.c"

>> Compilation failure
subdir_rules.mk:16: recipe for target 'slugTest.obj' failed
"../slugTest.c", line 38: warning #225-D: function "Motor_turnOFF" declared implicitly
"../slugTest.c", line 40: error #66: expected a ";"
1 error detected in the compilation of "../slugTest.c".
gmake: *** [slugTest.obj] Error 1
gmake: Target 'all' not remade because of errors.

**** Build Finished ****

**** Build of configuration Debug for project BSP ****

"C:\\ti\\ccsv7\\utils\\bin\\gmake" -k -j 4 all -O 
'Building file: ../slugTest.c'
'Invoking: ARM Compiler'
"C:/ti/ccsv7/tools/compiler/ti-cgt-arm_17.3.0.STS/bin/armcl" -mv7M4 --code_state=16 --float_support=FPv4SPD16 -me --include_path="C:/ti/ccsv7/tools/compiler/ti-cgt-arm_17.3.0.STS/include" --include_path="C:/ti/TivaWare_C_Series-2.1.4.178" --define=ccs="ccs" --define=PART_TM4C123GH6PM -g --gcc --diag_warning=225 --diag_wrap=off --display_error_number --abi=eabi --preproc_with_compile --preproc_dependency="slugTest.d"  "../slugTest.c"

>> Compilation failure
subdir_rules.mk:16: recipe for target 'slugTest.obj' failed
"../slugTest.c", line 38: warning #225-D: function "Motor_turnOFF" declared implicitly
"../slugTest.c", line 40: error #66: expected a ";"
1 error detected in the compilation of "../slugTest.c".
gmake: *** [slugTest.obj] Error 1
gmake: Target 'all' not remade because of errors.

**** Build Finished ****

**** Build of configuration Debug for project BSP ****

"C:\\ti\\ccsv7\\utils\\bin\\gmake" -k -j 4 all -O 
'Building file: ../slugTest.c'
'Invoking: ARM Compiler'
"C:/ti/ccsv7/tools/compiler/ti-cgt-arm_17.3.0.STS/bin/armcl" -mv7M4 --code_state=16 --float_support=FPv4SPD16 -me --include_path="C:/ti/ccsv7/tools/compiler/ti-cgt-arm_17.3.0.STS/include" --include_path="C:/ti/TivaWare_C_Series-2.1.4.178" --define=ccs="ccs" --define=PART_TM4C123GH6PM -g --gcc --diag_warning=225 --diag_wrap=off --display_error_number --abi=eabi --preproc_with_compile --preproc_dependency="slugTest.d"  "../slugTest.c"
"../slugTest.c", line 38: warning #225-D: function "Motor_turnOFF" declared implicitly
'Finished building: ../slugTest.c'
' '
'Building target: BSP.out'
'Invoking: ARM Linker'
"C:/ti/ccsv7/tools/compiler/ti-cgt-arm_17.3.0.STS/bin/armcl" -mv7M4 --code_state=16 --float_support=FPv4SPD16 -me --define=ccs="ccs" --define=PART_TM4C123GH6PM -g --gcc --diag_warning=225 --diag_wrap=off --display_error_number --abi=eabi -z -m"BSP.map" --heap_size=0 --stack_size=512 -i"C:/ti/ccsv7/tools/compiler/ti-cgt-arm_17.3.0.STS/lib" -i"C:/ti/ccsv7/tools/compiler/ti-cgt-arm_17.3.0.STS/include" --reread_libs --diag_wrap=off --display_error_number --warn_sections --xml_link_info="BSP_linkInfo.xml" --rom_model -o "BSP.out" "./slug.obj" "./slugTest.obj" "./tm4c123gh6pm_startup_ccs.obj" "../tm4c123gh6pm.cmd"  -llibc.a -l"C:/ti/TivaWare_C_Series-2.1.4.178/driverlib/ccs/Debug/driverlib.lib" 
<Linking>
'Finished building target: BSP.out'
' '

**** Build Finished ****

**** Build of configuration Debug for project BSP ****

"C:\\ti\\ccsv7\\utils\\bin\\gmake" -k -j 4 all -O 
gmake[1]: 'BSP.out' is up to date.

**** Build Finished ****

**** Build of configuration Debug for project BSP ****

"C:\\ti\\ccsv7\\utils\\bin\\gmake" -k -j 4 all -O 
gmake[1]: 'BSP.out' is up to date.

**** Build Finished ****

**** Build of configuration Debug for project BSP ****

"C:\\ti\\ccsv7\\utils\\bin\\gmake" -k -j 4 all -O 
'Building file: ../slug.c'
'Invoking: ARM Compiler'
"C:/ti/ccsv7/tools/compiler/ti-cgt-arm_17.3.0.STS/bin/armcl" -mv7M4 --code_state=16 --float_support=FPv4SPD16 -me --include_path="C:/ti/ccsv7/tools/compiler/ti-cgt-arm_17.3.0.STS/include" --include_path="C:/ti/TivaWare_C_Series-2.1.4.178" --define=ccs="ccs" --define=PART_TM4C123GH6PM -g --gcc --diag_warning=225 --diag_wrap=off --display_error_number --abi=eabi --preproc_with_compile --preproc_dependency="slug.d"  "../slug.c"
"../slug.c", line 70: warning #994-D: missing return statement at end of non-void function "Button1_Init"
"../slug.c", line 233: warning #70-D: integer conversion resulted in truncation
"../slug.c", line 57: warning #179-D: variable "ClockFrequency" was declared but never referenced
'Finished building: ../slug.c'
' '
'Building target: BSP.out'
'Invoking: ARM Linker'
"C:/ti/ccsv7/tools/compiler/ti-cgt-arm_17.3.0.STS/bin/armcl" -mv7M4 --code_state=16 --float_support=FPv4SPD16 -me --define=ccs="ccs" --define=PART_TM4C123GH6PM -g --gcc --diag_warning=225 --diag_wrap=off --display_error_number --abi=eabi -z -m"BSP.map" --heap_size=0 --stack_size=512 -i"C:/ti/ccsv7/tools/compiler/ti-cgt-arm_17.3.0.STS/lib" -i"C:/ti/ccsv7/tools/compiler/ti-cgt-arm_17.3.0.STS/include" --reread_libs --diag_wrap=off --display_error_number --warn_sections --xml_link_info="BSP_linkInfo.xml" --rom_model -o "BSP.out" "./slug.obj" "./slugTest.obj" "./tm4c123gh6pm_startup_ccs.obj" "../tm4c123gh6pm.cmd"  -llibc.a -l"C:/ti/TivaWare_C_Series-2.1.4.178/driverlib/ccs/Debug/driverlib.lib" 
<Linking>
'Finished building target: BSP.out'
' '

**** Build Finished ****

**** Build of configuration Debug for project BSP ****

"C:\\ti\\ccsv7\\utils\\bin\\gmake" -k -j 4 all -O 
'Building file: ../slug.c'
'Invoking: ARM Compiler'
"C:/ti/ccsv7/tools/compiler/ti-cgt-arm_17.3.0.STS/bin/armcl" -mv7M4 --code_state=16 --float_support=FPv4SPD16 -me --include_path="C:/ti/ccsv7/tools/compiler/ti-cgt-arm_17.3.0.STS/include" --include_path="C:/ti/TivaWare_C_Series-2.1.4.178" --define=ccs="ccs" --define=PART_TM4C123GH6PM -g --gcc --diag_warning=225 --diag_wrap=off --display_error_number --abi=eabi --preproc_with_compile --preproc_dependency="slug.d"  "../slug.c"
"../slug.c", line 70: warning #994-D: missing return statement at end of non-void function "Button1_Init"
"../slug.c", line 213: warning #225-D: function "setDirection" declared implicitly
"../slug.c", line 234: warning #161-D: declaration is incompatible with previous "setDirection" (declared at line 213)
"../slug.c", line 239: warning #70-D: integer conversion resulted in truncation
"../slug.c", line 57: warning #179-D: variable "ClockFrequency" was declared but never referenced
'Finished building: ../slug.c'
' '
'Building target: BSP.out'
'Invoking: ARM Linker'
"C:/ti/ccsv7/tools/compiler/ti-cgt-arm_17.3.0.STS/bin/armcl" -mv7M4 --code_state=16 --float_support=FPv4SPD16 -me --define=ccs="ccs" --define=PART_TM4C123GH6PM -g --gcc --diag_warning=225 --diag_wrap=off --display_error_number --abi=eabi -z -m"BSP.map" --heap_size=0 --stack_size=512 -i"C:/ti/ccsv7/tools/compiler/ti-cgt-arm_17.3.0.STS/lib" -i"C:/ti/ccsv7/tools/compiler/ti-cgt-arm_17.3.0.STS/include" --reread_libs --diag_wrap=off --display_error_number --warn_sections --xml_link_info="BSP_linkInfo.xml" --rom_model -o "BSP.out" "./slug.obj" "./slugTest.obj" "./tm4c123gh6pm_startup_ccs.obj" "../tm4c123gh6pm.cmd"  -llibc.a -l"C:/ti/TivaWare_C_Series-2.1.4.178/driverlib/ccs/Debug/driverlib.lib" 
<Linking>
'Finished building target: BSP.out'
' '

**** Build Finished ****

**** Build of configuration Debug for project BSP ****

"C:\\ti\\ccsv7\\utils\\bin\\gmake" -k -j 4 all -O 
'Building file: ../slugTest.c'
'Invoking: ARM Compiler'
"C:/ti/ccsv7/tools/compiler/ti-cgt-arm_17.3.0.STS/bin/armcl" -mv7M4 --code_state=16 --float_support=FPv4SPD16 -me --include_path="C:/ti/ccsv7/tools/compiler/ti-cgt-arm_17.3.0.STS/include" --include_path="C:/ti/TivaWare_C_Series-2.1.4.178" --define=ccs="ccs" --define=PART_TM4C123GH6PM -g --gcc --diag_warning=225 --diag_wrap=off --display_error_number --abi=eabi --preproc_with_compile --preproc_dependency="slugTest.d"  "../slugTest.c"
"../slugTest.c", line 36: warning #225-D: function "enableMotor" declared implicitly
"../slugTest.c", line 38: warning #225-D: function "delayMS" declared implicitly
"../slugTest.c", line 39: warning #225-D: function "disableMotor" declared implicitly
'Finished building: ../slugTest.c'
' '
'Building target: BSP.out'
'Invoking: ARM Linker'
"C:/ti/ccsv7/tools/compiler/ti-cgt-arm_17.3.0.STS/bin/armcl" -mv7M4 --code_state=16 --float_support=FPv4SPD16 -me --define=ccs="ccs" --define=PART_TM4C123GH6PM -g --gcc --diag_warning=225 --diag_wrap=off --display_error_number --abi=eabi -z -m"BSP.map" --heap_size=0 --stack_size=512 -i"C:/ti/ccsv7/tools/compiler/ti-cgt-arm_17.3.0.STS/lib" -i"C:/ti/ccsv7/tools/compiler/ti-cgt-arm_17.3.0.STS/include" --reread_libs --diag_wrap=off --display_error_number --warn_sections --xml_link_info="BSP_linkInfo.xml" --rom_model -o "BSP.out" "./slug.obj" "./slugTest.obj" "./tm4c123gh6pm_startup_ccs.obj" "../tm4c123gh6pm.cmd"  -llibc.a -l"C:/ti/TivaWare_C_Series-2.1.4.178/driverlib/ccs/Debug/driverlib.lib" 
<Linking>

 undefined    first referenced
  symbol          in file     
 ---------    ----------------
 disableMotor ./slugTest.obj  

error #10234-D: unresolved symbols remain
error #10010: errors encountered during linking; "BSP.out" not built

>> Compilation failure
makefile:144: recipe for target 'BSP.out' failed
gmake[1]: *** [BSP.out] Error 1
makefile:140: recipe for target 'all' failed
gmake: *** [all] Error 2

**** Build Finished ****

**** Build of configuration Debug for project BSP ****

"C:\\ti\\ccsv7\\utils\\bin\\gmake" -k -j 4 all -O 
'Building file: ../slugTest.c'
'Invoking: ARM Compiler'
"C:/ti/ccsv7/tools/compiler/ti-cgt-arm_17.3.0.STS/bin/armcl" -mv7M4 --code_state=16 --float_support=FPv4SPD16 -me --include_path="C:/ti/ccsv7/tools/compiler/ti-cgt-arm_17.3.0.STS/include" --include_path="C:/ti/TivaWare_C_Series-2.1.4.178" --define=ccs="ccs" --define=PART_TM4C123GH6PM -g --gcc --diag_warning=225 --diag_wrap=off --display_error_number --abi=eabi --preproc_with_compile --preproc_dependency="slugTest.d"  "../slugTest.c"
"../slugTest.c", line 38: warning #225-D: function "delayMS" declared implicitly
'Finished building: ../slugTest.c'
' '
'Building file: ../slug.c'
'Invoking: ARM Compiler'
"C:/ti/ccsv7/tools/compiler/ti-cgt-arm_17.3.0.STS/bin/armcl" -mv7M4 --code_state=16 --float_support=FPv4SPD16 -me --include_path="C:/ti/ccsv7/tools/compiler/ti-cgt-arm_17.3.0.STS/include" --include_path="C:/ti/TivaWare_C_Series-2.1.4.178" --define=ccs="ccs" --define=PART_TM4C123GH6PM -g --gcc --diag_warning=225 --diag_wrap=off --display_error_number --abi=eabi --preproc_with_compile --preproc_dependency="slug.d"  "../slug.c"
"../slug.c", line 70: warning #994-D: missing return statement at end of non-void function "Button1_Init"
"../slug.c", line 213: warning #225-D: function "setDirection" declared implicitly
"../slug.c", line 234: warning #161-D: declaration is incompatible with previous "setDirection" (declared at line 213)
"../slug.c", line 239: warning #70-D: integer conversion resulted in truncation
"../slug.c", line 57: warning #179-D: variable "ClockFrequency" was declared but never referenced
'Finished building: ../slug.c'
' '
'Building target: BSP.out'
'Invoking: ARM Linker'
"C:/ti/ccsv7/tools/compiler/ti-cgt-arm_17.3.0.STS/bin/armcl" -mv7M4 --code_state=16 --float_support=FPv4SPD16 -me --define=ccs="ccs" --define=PART_TM4C123GH6PM -g --gcc --diag_warning=225 --diag_wrap=off --display_error_number --abi=eabi -z -m"BSP.map" --heap_size=0 --stack_size=512 -i"C:/ti/ccsv7/tools/compiler/ti-cgt-arm_17.3.0.STS/lib" -i"C:/ti/ccsv7/tools/compiler/ti-cgt-arm_17.3.0.STS/include" --reread_libs --diag_wrap=off --display_error_number --warn_sections --xml_link_info="BSP_linkInfo.xml" --rom_model -o "BSP.out" "./slug.obj" "./slugTest.obj" "./tm4c123gh6pm_startup_ccs.obj" "../tm4c123gh6pm.cmd"  -llibc.a -l"C:/ti/TivaWare_C_Series-2.1.4.178/driverlib/ccs/Debug/driverlib.lib" 
<Linking>

 undefined    first referenced
  symbol          in file     
 ---------    ----------------
 disableMotor ./slugTest.obj  

error #10234-D: unresolved symbols remain
error #10010: errors encountered during linking; "BSP.out" not built

>> Compilation failure
makefile:144: recipe for target 'BSP.out' failed
gmake[1]: *** [BSP.out] Error 1
makefile:140: recipe for target 'all' failed
gmake: *** [all] Error 2

**** Build Finished ****

**** Build of configuration Debug for project BSP ****

"C:\\ti\\ccsv7\\utils\\bin\\gmake" -k -j 4 all -O 
'Building file: ../slug.c'
'Invoking: ARM Compiler'
"C:/ti/ccsv7/tools/compiler/ti-cgt-arm_17.3.0.STS/bin/armcl" -mv7M4 --code_state=16 --float_support=FPv4SPD16 -me --include_path="C:/ti/ccsv7/tools/compiler/ti-cgt-arm_17.3.0.STS/include" --include_path="C:/ti/TivaWare_C_Series-2.1.4.178" --define=ccs="ccs" --define=PART_TM4C123GH6PM -g --gcc --diag_warning=225 --diag_wrap=off --display_error_number --abi=eabi --preproc_with_compile --preproc_dependency="slug.d"  "../slug.c"
"../slug.c", line 70: warning #994-D: missing return statement at end of non-void function "Button1_Init"
"../slug.c", line 210: warning #225-D: function "setDirection" declared implicitly
"../slug.c", line 217: warning #225-D: function "clearDirection" declared implicitly
"../slug.c", line 236: warning #161-D: declaration is incompatible with previous "setDirection" (declared at line 210)
"../slug.c", line 240: warning #161-D: declaration is incompatible with previous "clearDirection" (declared at line 217)
"../slug.c", line 241: warning #70-D: integer conversion resulted in truncation
"../slug.c", line 57: warning #179-D: variable "ClockFrequency" was declared but never referenced
'Finished building: ../slug.c'
' '
'Building target: BSP.out'
'Invoking: ARM Linker'
"C:/ti/ccsv7/tools/compiler/ti-cgt-arm_17.3.0.STS/bin/armcl" -mv7M4 --code_state=16 --float_support=FPv4SPD16 -me --define=ccs="ccs" --define=PART_TM4C123GH6PM -g --gcc --diag_warning=225 --diag_wrap=off --display_error_number --abi=eabi -z -m"BSP.map" --heap_size=0 --stack_size=512 -i"C:/ti/ccsv7/tools/compiler/ti-cgt-arm_17.3.0.STS/lib" -i"C:/ti/ccsv7/tools/compiler/ti-cgt-arm_17.3.0.STS/include" --reread_libs --diag_wrap=off --display_error_number --warn_sections --xml_link_info="BSP_linkInfo.xml" --rom_model -o "BSP.out" "./slug.obj" "./slugTest.obj" "./tm4c123gh6pm_startup_ccs.obj" "../tm4c123gh6pm.cmd"  -llibc.a -l"C:/ti/TivaWare_C_Series-2.1.4.178/driverlib/ccs/Debug/driverlib.lib" 
<Linking>
'Finished building target: BSP.out'
' '

**** Build Finished ****

**** Build of configuration Debug for project BSP ****

"C:\\ti\\ccsv7\\utils\\bin\\gmake" -k -j 4 all -O 
'Building file: ../slug.c'
'Invoking: ARM Compiler'
"C:/ti/ccsv7/tools/compiler/ti-cgt-arm_17.3.0.STS/bin/armcl" -mv7M4 --code_state=16 --float_support=FPv4SPD16 -me --include_path="C:/ti/ccsv7/tools/compiler/ti-cgt-arm_17.3.0.STS/include" --include_path="C:/ti/TivaWare_C_Series-2.1.4.178" --define=ccs="ccs" --define=PART_TM4C123GH6PM -g --gcc --diag_warning=225 --diag_wrap=off --display_error_number --abi=eabi --preproc_with_compile --preproc_dependency="slug.d"  "../slug.c"
"../slug.c", line 70: warning #994-D: missing return statement at end of non-void function "Button1_Init"
"../slug.c", line 215: warning #70-D: integer conversion resulted in truncation
"../slug.c", line 57: warning #179-D: variable "ClockFrequency" was declared but never referenced
'Finished building: ../slug.c'
' '
'Building target: BSP.out'
'Invoking: ARM Linker'
"C:/ti/ccsv7/tools/compiler/ti-cgt-arm_17.3.0.STS/bin/armcl" -mv7M4 --code_state=16 --float_support=FPv4SPD16 -me --define=ccs="ccs" --define=PART_TM4C123GH6PM -g --gcc --diag_warning=225 --diag_wrap=off --display_error_number --abi=eabi -z -m"BSP.map" --heap_size=0 --stack_size=512 -i"C:/ti/ccsv7/tools/compiler/ti-cgt-arm_17.3.0.STS/lib" -i"C:/ti/ccsv7/tools/compiler/ti-cgt-arm_17.3.0.STS/include" --reread_libs --diag_wrap=off --display_error_number --warn_sections --xml_link_info="BSP_linkInfo.xml" --rom_model -o "BSP.out" "./slug.obj" "./slugTest.obj" "./tm4c123gh6pm_startup_ccs.obj" "../tm4c123gh6pm.cmd"  -llibc.a -l"C:/ti/TivaWare_C_Series-2.1.4.178/driverlib/ccs/Debug/driverlib.lib" 
<Linking>
'Finished building target: BSP.out'
' '

**** Build Finished ****

**** Build of configuration Debug for project BSP ****

"C:\\ti\\ccsv7\\utils\\bin\\gmake" -k -j 4 all -O 
gmake[1]: 'BSP.out' is up to date.

**** Build Finished ****

**** Build of configuration Debug for project BSP ****

"C:\\ti\\ccsv7\\utils\\bin\\gmake" -k -j 4 all -O 
gmake[1]: 'BSP.out' is up to date.

**** Build Finished ****

**** Build of configuration Debug for project BSP ****

"C:\\ti\\ccsv7\\utils\\bin\\gmake" -k -j 4 all -O 
'Building file: ../slugTest.c'
'Invoking: ARM Compiler'
"C:/ti/ccsv7/tools/compiler/ti-cgt-arm_17.3.0.STS/bin/armcl" -mv7M4 --code_state=16 --float_support=FPv4SPD16 -me --include_path="C:/ti/ccsv7/tools/compiler/ti-cgt-arm_17.3.0.STS/include" --include_path="C:/ti/TivaWare_C_Series-2.1.4.178" --define=ccs="ccs" --define=PART_TM4C123GH6PM -g --gcc --diag_warning=225 --diag_wrap=off --display_error_number --abi=eabi --preproc_with_compile --preproc_dependency="slugTest.d"  "../slugTest.c"
"../slugTest.c", line 38: warning #225-D: function "delayMS" declared implicitly
'Finished building: ../slugTest.c'
' '
'Building target: BSP.out'
'Invoking: ARM Linker'
"C:/ti/ccsv7/tools/compiler/ti-cgt-arm_17.3.0.STS/bin/armcl" -mv7M4 --code_state=16 --float_support=FPv4SPD16 -me --define=ccs="ccs" --define=PART_TM4C123GH6PM -g --gcc --diag_warning=225 --diag_wrap=off --display_error_number --abi=eabi -z -m"BSP.map" --heap_size=0 --stack_size=512 -i"C:/ti/ccsv7/tools/compiler/ti-cgt-arm_17.3.0.STS/lib" -i"C:/ti/ccsv7/tools/compiler/ti-cgt-arm_17.3.0.STS/include" --reread_libs --diag_wrap=off --display_error_number --warn_sections --xml_link_info="BSP_linkInfo.xml" --rom_model -o "BSP.out" "./slug.obj" "./slugTest.obj" "./tm4c123gh6pm_startup_ccs.obj" "../tm4c123gh6pm.cmd"  -llibc.a -l"C:/ti/TivaWare_C_Series-2.1.4.178/driverlib/ccs/Debug/driverlib.lib" 
<Linking>
'Finished building target: BSP.out'
' '

**** Build Finished ****

**** Build of configuration Debug for project BSP ****

"C:\\ti\\ccsv7\\utils\\bin\\gmake" -k -j 4 all -O 
gmake[1]: 'BSP.out' is up to date.

**** Build Finished ****

**** Build of configuration Debug for project BSP ****

"C:\\ti\\ccsv7\\utils\\bin\\gmake" -k -j 4 all -O 
gmake[1]: 'BSP.out' is up to date.

**** Build Finished ****

**** Build of configuration Debug for project BSP ****

"C:\\ti\\ccsv7\\utils\\bin\\gmake" -k -j 4 all -O 
'Building file: ../slugTest.c'
'Invoking: ARM Compiler'
"C:/ti/ccsv7/tools/compiler/ti-cgt-arm_17.3.0.STS/bin/armcl" -mv7M4 --code_state=16 --float_support=FPv4SPD16 -me --include_path="C:/ti/ccsv7/tools/compiler/ti-cgt-arm_17.3.0.STS/include" --include_path="C:/ti/TivaWare_C_Series-2.1.4.178" --define=ccs="ccs" --define=PART_TM4C123GH6PM -g --gcc --diag_warning=225 --diag_wrap=off --display_error_number --abi=eabi --preproc_with_compile --preproc_dependency="slugTest.d"  "../slugTest.c"
"../slugTest.c", line 38: warning #225-D: function "delayMS" declared implicitly
'Finished building: ../slugTest.c'
' '
'Building target: BSP.out'
'Invoking: ARM Linker'
"C:/ti/ccsv7/tools/compiler/ti-cgt-arm_17.3.0.STS/bin/armcl" -mv7M4 --code_state=16 --float_support=FPv4SPD16 -me --define=ccs="ccs" --define=PART_TM4C123GH6PM -g --gcc --diag_warning=225 --diag_wrap=off --display_error_number --abi=eabi -z -m"BSP.map" --heap_size=0 --stack_size=512 -i"C:/ti/ccsv7/tools/compiler/ti-cgt-arm_17.3.0.STS/lib" -i"C:/ti/ccsv7/tools/compiler/ti-cgt-arm_17.3.0.STS/include" --reread_libs --diag_wrap=off --display_error_number --warn_sections --xml_link_info="BSP_linkInfo.xml" --rom_model -o "BSP.out" "./slug.obj" "./slugTest.obj" "./tm4c123gh6pm_startup_ccs.obj" "../tm4c123gh6pm.cmd"  -llibc.a -l"C:/ti/TivaWare_C_Series-2.1.4.178/driverlib/ccs/Debug/driverlib.lib" 
<Linking>
'Finished building target: BSP.out'
' '

**** Build Finished ****

**** Build of configuration Debug for project BSP ****

"C:\\ti\\ccsv7\\utils\\bin\\gmake" -k -j 4 all -O 
'Building file: ../slug.c'
'Invoking: ARM Compiler'
"C:/ti/ccsv7/tools/compiler/ti-cgt-arm_17.3.0.STS/bin/armcl" -mv7M4 --code_state=16 --float_support=FPv4SPD16 -me --include_path="C:/ti/ccsv7/tools/compiler/ti-cgt-arm_17.3.0.STS/include" --include_path="C:/ti/TivaWare_C_Series-2.1.4.178" --define=ccs="ccs" --define=PART_TM4C123GH6PM -g --gcc --diag_warning=225 --diag_wrap=off --display_error_number --abi=eabi --preproc_with_compile --preproc_dependency="slug.d"  "../slug.c"
"../slug.c", line 72: warning #994-D: missing return statement at end of non-void function "Button1_Init"
"../slug.c", line 217: warning #70-D: integer conversion resulted in truncation
"../slug.c", line 59: warning #179-D: variable "ClockFrequency" was declared but never referenced
'Finished building: ../slug.c'
' '
'Building target: BSP.out'
'Invoking: ARM Linker'
"C:/ti/ccsv7/tools/compiler/ti-cgt-arm_17.3.0.STS/bin/armcl" -mv7M4 --code_state=16 --float_support=FPv4SPD16 -me --define=ccs="ccs" --define=PART_TM4C123GH6PM -g --gcc --diag_warning=225 --diag_wrap=off --display_error_number --abi=eabi -z -m"BSP.map" --heap_size=0 --stack_size=512 -i"C:/ti/ccsv7/tools/compiler/ti-cgt-arm_17.3.0.STS/lib" -i"C:/ti/ccsv7/tools/compiler/ti-cgt-arm_17.3.0.STS/include" --reread_libs --diag_wrap=off --display_error_number --warn_sections --xml_link_info="BSP_linkInfo.xml" --rom_model -o "BSP.out" "./slug.obj" "./slugTest.obj" "./tm4c123gh6pm_startup_ccs.obj" "../tm4c123gh6pm.cmd"  -llibc.a -l"C:/ti/TivaWare_C_Series-2.1.4.178/driverlib/ccs/Debug/driverlib.lib" 
<Linking>
'Finished building target: BSP.out'
' '

**** Build Finished ****

**** Build of configuration Debug for project BSP ****

"C:\\ti\\ccsv7\\utils\\bin\\gmake" -k -j 4 all -O 
'Building file: ../slugTest.c'
'Invoking: ARM Compiler'
"C:/ti/ccsv7/tools/compiler/ti-cgt-arm_17.3.0.STS/bin/armcl" -mv7M4 --code_state=16 --float_support=FPv4SPD16 -me --include_path="C:/ti/ccsv7/tools/compiler/ti-cgt-arm_17.3.0.STS/include" --include_path="C:/ti/TivaWare_C_Series-2.1.4.178" --define=ccs="ccs" --define=PART_TM4C123GH6PM -g --gcc --diag_warning=225 --diag_wrap=off --display_error_number --abi=eabi --preproc_with_compile --preproc_dependency="slugTest.d"  "../slugTest.c"
"../slugTest.c", line 38: warning #225-D: function "delayMS" declared implicitly
'Finished building: ../slugTest.c'
' '
'Building file: ../slug.c'
'Invoking: ARM Compiler'
"C:/ti/ccsv7/tools/compiler/ti-cgt-arm_17.3.0.STS/bin/armcl" -mv7M4 --code_state=16 --float_support=FPv4SPD16 -me --include_path="C:/ti/ccsv7/tools/compiler/ti-cgt-arm_17.3.0.STS/include" --include_path="C:/ti/TivaWare_C_Series-2.1.4.178" --define=ccs="ccs" --define=PART_TM4C123GH6PM -g --gcc --diag_warning=225 --diag_wrap=off --display_error_number --abi=eabi --preproc_with_compile --preproc_dependency="slug.d"  "../slug.c"
"../slug.c", line 72: warning #994-D: missing return statement at end of non-void function "Button1_Init"
"../slug.c", line 217: warning #70-D: integer conversion resulted in truncation
"../slug.c", line 59: warning #179-D: variable "ClockFrequency" was declared but never referenced
'Finished building: ../slug.c'
' '
'Building target: BSP.out'
'Invoking: ARM Linker'
"C:/ti/ccsv7/tools/compiler/ti-cgt-arm_17.3.0.STS/bin/armcl" -mv7M4 --code_state=16 --float_support=FPv4SPD16 -me --define=ccs="ccs" --define=PART_TM4C123GH6PM -g --gcc --diag_warning=225 --diag_wrap=off --display_error_number --abi=eabi -z -m"BSP.map" --heap_size=0 --stack_size=512 -i"C:/ti/ccsv7/tools/compiler/ti-cgt-arm_17.3.0.STS/lib" -i"C:/ti/ccsv7/tools/compiler/ti-cgt-arm_17.3.0.STS/include" --reread_libs --diag_wrap=off --display_error_number --warn_sections --xml_link_info="BSP_linkInfo.xml" --rom_model -o "BSP.out" "./slug.obj" "./slugTest.obj" "./tm4c123gh6pm_startup_ccs.obj" "../tm4c123gh6pm.cmd"  -llibc.a -l"C:/ti/TivaWare_C_Series-2.1.4.178/driverlib/ccs/Debug/driverlib.lib" 
<Linking>
'Finished building target: BSP.out'
' '

**** Build Finished ****

**** Build of configuration Debug for project BSP ****

"C:\\ti\\ccsv7\\utils\\bin\\gmake" -k -j 4 all -O 
'Building file: ../slug.c'
'Invoking: ARM Compiler'
"C:/ti/ccsv7/tools/compiler/ti-cgt-arm_17.3.0.STS/bin/armcl" -mv7M4 --code_state=16 --float_support=FPv4SPD16 -me --include_path="C:/ti/ccsv7/tools/compiler/ti-cgt-arm_17.3.0.STS/include" --include_path="C:/ti/TivaWare_C_Series-2.1.4.178" --define=ccs="ccs" --define=PART_TM4C123GH6PM -g --gcc --diag_warning=225 --diag_wrap=off --display_error_number --abi=eabi --preproc_with_compile --preproc_dependency="slug.d"  "../slug.c"

>> Compilation failure
subdir_rules.mk:9: recipe for target 'slug.obj' failed
"../slug.c", line 72: warning #994-D: missing return statement at end of non-void function "Button1_Init"
"../slug.c", line 164: error #20: identifier "periods" is undefined
"../slug.c", line 168: error #20: identifier "INT_TIMER0A" is undefined
"../slug.c", line 243: warning #70-D: integer conversion resulted in truncation
"../slug.c", line 59: warning #179-D: variable "ClockFrequency" was declared but never referenced
2 errors detected in the compilation of "../slug.c".
gmake: *** [slug.obj] Error 1
gmake: Target 'all' not remade because of errors.

**** Build Finished ****

**** Build of configuration Debug for project BSP ****

"C:\\ti\\ccsv7\\utils\\bin\\gmake" -k -j 4 all -O 
'Building file: ../slug.c'
'Invoking: ARM Compiler'
"C:/ti/ccsv7/tools/compiler/ti-cgt-arm_17.3.0.STS/bin/armcl" -mv7M4 --code_state=16 --float_support=FPv4SPD16 -me --include_path="C:/ti/ccsv7/tools/compiler/ti-cgt-arm_17.3.0.STS/include" --include_path="C:/ti/TivaWare_C_Series-2.1.4.178" --define=ccs="ccs" --define=PART_TM4C123GH6PM -g --gcc --diag_warning=225 --diag_wrap=off --display_error_number --abi=eabi --preproc_with_compile --preproc_dependency="slug.d"  "../slug.c"

>> Compilation failure
subdir_rules.mk:9: recipe for target 'slug.obj' failed
"../slug.c", line 72: warning #994-D: missing return statement at end of non-void function "Button1_Init"
"../slug.c", line 170: error #20: identifier "INT_TIMER0A" is undefined
"../slug.c", line 245: warning #70-D: integer conversion resulted in truncation
"../slug.c", line 59: warning #179-D: variable "ClockFrequency" was declared but never referenced
1 error detected in the compilation of "../slug.c".
gmake: *** [slug.obj] Error 1
gmake: Target 'all' not remade because of errors.

**** Build Finished ****

**** Build of configuration Debug for project BSP ****

"C:\\ti\\ccsv7\\utils\\bin\\gmake" -k -j 4 all -O 
'Building file: ../slug.c'
'Invoking: ARM Compiler'
"C:/ti/ccsv7/tools/compiler/ti-cgt-arm_17.3.0.STS/bin/armcl" -mv7M4 --code_state=16 --float_support=FPv4SPD16 -me --include_path="C:/ti/ccsv7/tools/compiler/ti-cgt-arm_17.3.0.STS/include" --include_path="C:/ti/TivaWare_C_Series-2.1.4.178" --define=ccs="ccs" --define=PART_TM4C123GH6PM -g --gcc --diag_warning=225 --diag_wrap=off --display_error_number --abi=eabi --preproc_with_compile --preproc_dependency="slug.d"  "../slug.c"

>> Compilation failure
subdir_rules.mk:9: recipe for target 'slug.obj' failed
"../slug.c", line 72: warning #994-D: missing return statement at end of non-void function "Button1_Init"
"../slug.c", line 170: error #20: identifier "INT_TIMER0A" is undefined
"../slug.c", line 254: warning #70-D: integer conversion resulted in truncation
"../slug.c", line 59: warning #179-D: variable "ClockFrequency" was declared but never referenced
1 error detected in the compilation of "../slug.c".
gmake: *** [slug.obj] Error 1
gmake: Target 'all' not remade because of errors.

**** Build Finished ****

**** Build of configuration Debug for project BSP ****

"C:\\ti\\ccsv7\\utils\\bin\\gmake" -k -j 4 all -O 
'Building file: ../slug.c'
'Invoking: ARM Compiler'
"C:/ti/ccsv7/tools/compiler/ti-cgt-arm_17.3.0.STS/bin/armcl" -mv7M4 --code_state=16 --float_support=FPv4SPD16 -me --include_path="C:/ti/ccsv7/tools/compiler/ti-cgt-arm_17.3.0.STS/include" --include_path="C:/ti/TivaWare_C_Series-2.1.4.178" --define=ccs="ccs" --define=PART_TM4C123GH6PM -g --gcc --diag_warning=225 --diag_wrap=off --display_error_number --abi=eabi --preproc_with_compile --preproc_dependency="slug.d"  "../slug.c"

>> Compilation failure
subdir_rules.mk:9: recipe for target 'slug.obj' failed
"../slug.c", line 72: warning #994-D: missing return statement at end of non-void function "Button1_Init"
"../slug.c", line 170: error #20: identifier "INT_TIMER0A" is undefined
"../slug.c", line 254: warning #70-D: integer conversion resulted in truncation
"../slug.c", line 59: warning #179-D: variable "ClockFrequency" was declared but never referenced
1 error detected in the compilation of "../slug.c".
gmake: *** [slug.obj] Error 1
'Building file: ../tm4c123gh6pm_startup_ccs.c'
'Invoking: ARM Compiler'
"C:/ti/ccsv7/tools/compiler/ti-cgt-arm_17.3.0.STS/bin/armcl" -mv7M4 --code_state=16 --float_support=FPv4SPD16 -me --include_path="C:/ti/ccsv7/tools/compiler/ti-cgt-arm_17.3.0.STS/include" --include_path="C:/ti/TivaWare_C_Series-2.1.4.178" --define=ccs="ccs" --define=PART_TM4C123GH6PM -g --gcc --diag_warning=225 --diag_wrap=off --display_error_number --abi=eabi --preproc_with_compile --preproc_dependency="tm4c123gh6pm_startup_ccs.d"  "../tm4c123gh6pm_startup_ccs.c"
'Finished building: ../tm4c123gh6pm_startup_ccs.c'
' '
gmake: Target 'all' not remade because of errors.

**** Build Finished ****

**** Build of configuration Debug for project BSP ****

"C:\\ti\\ccsv7\\utils\\bin\\gmake" -k -j 4 all -O 
'Building file: ../slug.c'
'Invoking: ARM Compiler'
"C:/ti/ccsv7/tools/compiler/ti-cgt-arm_17.3.0.STS/bin/armcl" -mv7M4 --code_state=16 --float_support=FPv4SPD16 -me --include_path="C:/ti/ccsv7/tools/compiler/ti-cgt-arm_17.3.0.STS/include" --include_path="C:/ti/TivaWare_C_Series-2.1.4.178" --define=ccs="ccs" --define=PART_TM4C123GH6PM -g --gcc --diag_warning=225 --diag_wrap=off --display_error_number --abi=eabi --preproc_with_compile --preproc_dependency="slug.d"  "../slug.c"

>> Compilation failure
subdir_rules.mk:9: recipe for target 'slug.obj' failed
"../slug.c", line 72: warning #994-D: missing return statement at end of non-void function "Button1_Init"
"../slug.c", line 170: error #20: identifier "INT_TIMER0A" is undefined
"../slug.c", line 254: warning #70-D: integer conversion resulted in truncation
"../slug.c", line 59: warning #179-D: variable "ClockFrequency" was declared but never referenced
1 error detected in the compilation of "../slug.c".
gmake: *** [slug.obj] Error 1
'Building file: ../tm4c123gh6pm_startup_ccs.c'
'Invoking: ARM Compiler'
"C:/ti/ccsv7/tools/compiler/ti-cgt-arm_17.3.0.STS/bin/armcl" -mv7M4 --code_state=16 --float_support=FPv4SPD16 -me --include_path="C:/ti/ccsv7/tools/compiler/ti-cgt-arm_17.3.0.STS/include" --include_path="C:/ti/TivaWare_C_Series-2.1.4.178" --define=ccs="ccs" --define=PART_TM4C123GH6PM -g --gcc --diag_warning=225 --diag_wrap=off --display_error_number --abi=eabi --preproc_with_compile --preproc_dependency="tm4c123gh6pm_startup_ccs.d"  "../tm4c123gh6pm_startup_ccs.c"
'Finished building: ../tm4c123gh6pm_startup_ccs.c'
' '
gmake: Target 'all' not remade because of errors.

**** Build Finished ****

**** Build of configuration Debug for project BSP ****

"C:\\ti\\ccsv7\\utils\\bin\\gmake" -k -j 4 all -O 
'Building file: ../slug.c'
'Invoking: ARM Compiler'
"C:/ti/ccsv7/tools/compiler/ti-cgt-arm_17.3.0.STS/bin/armcl" -mv7M4 --code_state=16 --float_support=FPv4SPD16 -me --include_path="C:/ti/ccsv7/tools/compiler/ti-cgt-arm_17.3.0.STS/include" --include_path="C:/ti/TivaWare_C_Series-2.1.4.178" --define=ccs="ccs" --define=PART_TM4C123GH6PM -g --gcc --diag_warning=225 --diag_wrap=off --display_error_number --abi=eabi --preproc_with_compile --preproc_dependency="slug.d"  "../slug.c"
"../slug.c", line 73: warning #994-D: missing return statement at end of non-void function "Button1_Init"
"../slug.c", line 255: warning #70-D: integer conversion resulted in truncation
"../slug.c", line 60: warning #179-D: variable "ClockFrequency" was declared but never referenced
'Finished building: ../slug.c'
' '
'Building target: BSP.out'
'Invoking: ARM Linker'
"C:/ti/ccsv7/tools/compiler/ti-cgt-arm_17.3.0.STS/bin/armcl" -mv7M4 --code_state=16 --float_support=FPv4SPD16 -me --define=ccs="ccs" --define=PART_TM4C123GH6PM -g --gcc --diag_warning=225 --diag_wrap=off --display_error_number --abi=eabi -z -m"BSP.map" --heap_size=0 --stack_size=512 -i"C:/ti/ccsv7/tools/compiler/ti-cgt-arm_17.3.0.STS/lib" -i"C:/ti/ccsv7/tools/compiler/ti-cgt-arm_17.3.0.STS/include" --reread_libs --diag_wrap=off --display_error_number --warn_sections --xml_link_info="BSP_linkInfo.xml" --rom_model -o "BSP.out" "./slug.obj" "./slugTest.obj" "./tm4c123gh6pm_startup_ccs.obj" "../tm4c123gh6pm.cmd"  -llibc.a -l"C:/ti/TivaWare_C_Series-2.1.4.178/driverlib/ccs/Debug/driverlib.lib" 
<Linking>
'Finished building target: BSP.out'
' '

**** Build Finished ****

**** Build of configuration Debug for project BSP ****

"C:\\ti\\ccsv7\\utils\\bin\\gmake" -k -j 4 all -O 
'Building file: ../slugTest.c'
'Invoking: ARM Compiler'
"C:/ti/ccsv7/tools/compiler/ti-cgt-arm_17.3.0.STS/bin/armcl" -mv7M4 --code_state=16 --float_support=FPv4SPD16 -me --include_path="C:/ti/ccsv7/tools/compiler/ti-cgt-arm_17.3.0.STS/include" --include_path="C:/ti/TivaWare_C_Series-2.1.4.178" --define=ccs="ccs" --define=PART_TM4C123GH6PM -g --gcc --diag_warning=225 --diag_wrap=off --display_error_number --abi=eabi --preproc_with_compile --preproc_dependency="slugTest.d"  "../slugTest.c"
"../slugTest.c", line 7: warning #179-D: variable "period" was declared but never referenced
'Finished building: ../slugTest.c'
' '
'Building target: BSP.out'
'Invoking: ARM Linker'
"C:/ti/ccsv7/tools/compiler/ti-cgt-arm_17.3.0.STS/bin/armcl" -mv7M4 --code_state=16 --float_support=FPv4SPD16 -me --define=ccs="ccs" --define=PART_TM4C123GH6PM -g --gcc --diag_warning=225 --diag_wrap=off --display_error_number --abi=eabi -z -m"BSP.map" --heap_size=0 --stack_size=512 -i"C:/ti/ccsv7/tools/compiler/ti-cgt-arm_17.3.0.STS/lib" -i"C:/ti/ccsv7/tools/compiler/ti-cgt-arm_17.3.0.STS/include" --reread_libs --diag_wrap=off --display_error_number --warn_sections --xml_link_info="BSP_linkInfo.xml" --rom_model -o "BSP.out" "./slug.obj" "./slugTest.obj" "./tm4c123gh6pm_startup_ccs.obj" "../tm4c123gh6pm.cmd"  -llibc.a -l"C:/ti/TivaWare_C_Series-2.1.4.178/driverlib/ccs/Debug/driverlib.lib" 
<Linking>
'Finished building target: BSP.out'
' '

**** Build Finished ****

**** Build of configuration Debug for project BSP ****

"C:\\ti\\ccsv7\\utils\\bin\\gmake" -k -j 4 all -O 
gmake[1]: 'BSP.out' is up to date.

**** Build Finished ****

**** Build of configuration Debug for project BSP ****

"C:\\ti\\ccsv7\\utils\\bin\\gmake" -k -j 4 all -O 
'Building file: ../slug.c'
'Invoking: ARM Compiler'
"C:/ti/ccsv7/tools/compiler/ti-cgt-arm_17.3.0.STS/bin/armcl" -mv7M4 --code_state=16 --float_support=FPv4SPD16 -me --include_path="C:/ti/ccsv7/tools/compiler/ti-cgt-arm_17.3.0.STS/include" --include_path="C:/ti/TivaWare_C_Series-2.1.4.178" --define=ccs="ccs" --define=PART_TM4C123GH6PM -g --gcc --diag_warning=225 --diag_wrap=off --display_error_number --abi=eabi --preproc_with_compile --preproc_dependency="slug.d"  "../slug.c"
"../slug.c", line 74: warning #994-D: missing return statement at end of non-void function "Button1_Init"
"../slug.c", line 261: warning #70-D: integer conversion resulted in truncation
"../slug.c", line 61: warning #179-D: variable "ClockFrequency" was declared but never referenced
'Finished building: ../slug.c'
' '
'Building target: BSP.out'
'Invoking: ARM Linker'
"C:/ti/ccsv7/tools/compiler/ti-cgt-arm_17.3.0.STS/bin/armcl" -mv7M4 --code_state=16 --float_support=FPv4SPD16 -me --define=ccs="ccs" --define=PART_TM4C123GH6PM -g --gcc --diag_warning=225 --diag_wrap=off --display_error_number --abi=eabi -z -m"BSP.map" --heap_size=0 --stack_size=512 -i"C:/ti/ccsv7/tools/compiler/ti-cgt-arm_17.3.0.STS/lib" -i"C:/ti/ccsv7/tools/compiler/ti-cgt-arm_17.3.0.STS/include" --reread_libs --diag_wrap=off --display_error_number --warn_sections --xml_link_info="BSP_linkInfo.xml" --rom_model -o "BSP.out" "./slug.obj" "./slugTest.obj" "./tm4c123gh6pm_startup_ccs.obj" "../tm4c123gh6pm.cmd"  -llibc.a -l"C:/ti/TivaWare_C_Series-2.1.4.178/driverlib/ccs/Debug/driverlib.lib" 
<Linking>
'Finished building target: BSP.out'
' '

**** Build Finished ****

**** Build of configuration Debug for project BSP ****

"C:\\ti\\ccsv7\\utils\\bin\\gmake" -k -j 4 all -O 
'Building file: ../slug.c'
'Invoking: ARM Compiler'
"C:/ti/ccsv7/tools/compiler/ti-cgt-arm_17.3.0.STS/bin/armcl" -mv7M4 --code_state=16 --float_support=FPv4SPD16 -me --include_path="C:/ti/ccsv7/tools/compiler/ti-cgt-arm_17.3.0.STS/include" --include_path="C:/ti/TivaWare_C_Series-2.1.4.178" --define=ccs="ccs" --define=PART_TM4C123GH6PM -g --gcc --diag_warning=225 --diag_wrap=off --display_error_number --abi=eabi --preproc_with_compile --preproc_dependency="slug.d"  "../slug.c"
"../slug.c", line 74: warning #994-D: missing return statement at end of non-void function "Button1_Init"
"../slug.c", line 261: warning #70-D: integer conversion resulted in truncation
"../slug.c", line 61: warning #179-D: variable "ClockFrequency" was declared but never referenced
'Finished building: ../slug.c'
' '
'Building target: BSP.out'
'Invoking: ARM Linker'
"C:/ti/ccsv7/tools/compiler/ti-cgt-arm_17.3.0.STS/bin/armcl" -mv7M4 --code_state=16 --float_support=FPv4SPD16 -me --define=ccs="ccs" --define=PART_TM4C123GH6PM -g --gcc --diag_warning=225 --diag_wrap=off --display_error_number --abi=eabi -z -m"BSP.map" --heap_size=0 --stack_size=512 -i"C:/ti/ccsv7/tools/compiler/ti-cgt-arm_17.3.0.STS/lib" -i"C:/ti/ccsv7/tools/compiler/ti-cgt-arm_17.3.0.STS/include" --reread_libs --diag_wrap=off --display_error_number --warn_sections --xml_link_info="BSP_linkInfo.xml" --rom_model -o "BSP.out" "./slug.obj" "./slugTest.obj" "./tm4c123gh6pm_startup_ccs.obj" "../tm4c123gh6pm.cmd"  -llibc.a -l"C:/ti/TivaWare_C_Series-2.1.4.178/driverlib/ccs/Debug/driverlib.lib" 
<Linking>
'Finished building target: BSP.out'
' '

**** Build Finished ****

**** Build of configuration Debug for project BSP ****

"C:\\ti\\ccsv7\\utils\\bin\\gmake" -k -j 4 all -O 
'Building file: ../slugTest.c'
'Invoking: ARM Compiler'
"C:/ti/ccsv7/tools/compiler/ti-cgt-arm_17.3.0.STS/bin/armcl" -mv7M4 --code_state=16 --float_support=FPv4SPD16 -me --include_path="C:/ti/ccsv7/tools/compiler/ti-cgt-arm_17.3.0.STS/include" --include_path="C:/ti/TivaWare_C_Series-2.1.4.178" --define=ccs="ccs" --define=PART_TM4C123GH6PM -g --gcc --diag_warning=225 --diag_wrap=off --display_error_number --abi=eabi --preproc_with_compile --preproc_dependency="slugTest.d"  "../slugTest.c"
"../slugTest.c", line 7: warning #179-D: variable "period" was declared but never referenced
'Finished building: ../slugTest.c'
' '
'Building file: ../slug.c'
'Invoking: ARM Compiler'
"C:/ti/ccsv7/tools/compiler/ti-cgt-arm_17.3.0.STS/bin/armcl" -mv7M4 --code_state=16 --float_support=FPv4SPD16 -me --include_path="C:/ti/ccsv7/tools/compiler/ti-cgt-arm_17.3.0.STS/include" --include_path="C:/ti/TivaWare_C_Series-2.1.4.178" --define=ccs="ccs" --define=PART_TM4C123GH6PM -g --gcc --diag_warning=225 --diag_wrap=off --display_error_number --abi=eabi --preproc_with_compile --preproc_dependency="slug.d"  "../slug.c"
"../slug.c", line 74: warning #994-D: missing return statement at end of non-void function "Button1_Init"
"../slug.c", line 261: warning #70-D: integer conversion resulted in truncation
"../slug.c", line 61: warning #179-D: variable "ClockFrequency" was declared but never referenced
'Finished building: ../slug.c'
' '
'Building target: BSP.out'
'Invoking: ARM Linker'
"C:/ti/ccsv7/tools/compiler/ti-cgt-arm_17.3.0.STS/bin/armcl" -mv7M4 --code_state=16 --float_support=FPv4SPD16 -me --define=ccs="ccs" --define=PART_TM4C123GH6PM -g --gcc --diag_warning=225 --diag_wrap=off --display_error_number --abi=eabi -z -m"BSP.map" --heap_size=0 --stack_size=512 -i"C:/ti/ccsv7/tools/compiler/ti-cgt-arm_17.3.0.STS/lib" -i"C:/ti/ccsv7/tools/compiler/ti-cgt-arm_17.3.0.STS/include" --reread_libs --diag_wrap=off --display_error_number --warn_sections --xml_link_info="BSP_linkInfo.xml" --rom_model -o "BSP.out" "./slug.obj" "./slugTest.obj" "./tm4c123gh6pm_startup_ccs.obj" "../tm4c123gh6pm.cmd"  -llibc.a -l"C:/ti/TivaWare_C_Series-2.1.4.178/driverlib/ccs/Debug/driverlib.lib" 
<Linking>
'Finished building target: BSP.out'
' '

**** Build Finished ****

**** Build of configuration Debug for project BSP ****

"C:\\ti\\ccsv7\\utils\\bin\\gmake" -k -j 4 all -O 
'Building file: ../slug.c'
'Invoking: ARM Compiler'
"C:/ti/ccsv7/tools/compiler/ti-cgt-arm_17.3.0.STS/bin/armcl" -mv7M4 --code_state=16 --float_support=FPv4SPD16 -me --include_path="C:/ti/ccsv7/tools/compiler/ti-cgt-arm_17.3.0.STS/include" --include_path="C:/ti/TivaWare_C_Series-2.1.4.178" --define=ccs="ccs" --define=PART_TM4C123GH6PM -g --gcc --diag_warning=225 --diag_wrap=off --display_error_number --abi=eabi --preproc_with_compile --preproc_dependency="slug.d"  "../slug.c"
"../slug.c", line 74: warning #994-D: missing return statement at end of non-void function "Button1_Init"
"../slug.c", line 261: warning #70-D: integer conversion resulted in truncation
"../slug.c", line 61: warning #179-D: variable "ClockFrequency" was declared but never referenced
'Finished building: ../slug.c'
' '
'Building target: BSP.out'
'Invoking: ARM Linker'
"C:/ti/ccsv7/tools/compiler/ti-cgt-arm_17.3.0.STS/bin/armcl" -mv7M4 --code_state=16 --float_support=FPv4SPD16 -me --define=ccs="ccs" --define=PART_TM4C123GH6PM -g --gcc --diag_warning=225 --diag_wrap=off --display_error_number --abi=eabi -z -m"BSP.map" --heap_size=0 --stack_size=512 -i"C:/ti/ccsv7/tools/compiler/ti-cgt-arm_17.3.0.STS/lib" -i"C:/ti/ccsv7/tools/compiler/ti-cgt-arm_17.3.0.STS/include" --reread_libs --diag_wrap=off --display_error_number --warn_sections --xml_link_info="BSP_linkInfo.xml" --rom_model -o "BSP.out" "./slug.obj" "./slugTest.obj" "./tm4c123gh6pm_startup_ccs.obj" "../tm4c123gh6pm.cmd"  -llibc.a -l"C:/ti/TivaWare_C_Series-2.1.4.178/driverlib/ccs/Debug/driverlib.lib" 
<Linking>
'Finished building target: BSP.out'
' '

**** Build Finished ****

**** Build of configuration Debug for project BSP ****

"C:\\ti\\ccsv7\\utils\\bin\\gmake" -k -j 4 all -O 
'Building file: ../slugTest.c'
'Invoking: ARM Compiler'
"C:/ti/ccsv7/tools/compiler/ti-cgt-arm_17.3.0.STS/bin/armcl" -mv7M4 --code_state=16 --float_support=FPv4SPD16 -me --include_path="C:/ti/ccsv7/tools/compiler/ti-cgt-arm_17.3.0.STS/include" --include_path="C:/ti/TivaWare_C_Series-2.1.4.178" --define=ccs="ccs" --define=PART_TM4C123GH6PM -g --gcc --diag_warning=225 --diag_wrap=off --display_error_number --abi=eabi --preproc_with_compile --preproc_dependency="slugTest.d"  "../slugTest.c"
"../slugTest.c", line 7: warning #179-D: variable "period" was declared but never referenced
'Finished building: ../slugTest.c'
' '
'Building file: ../slug.c'
'Invoking: ARM Compiler'
"C:/ti/ccsv7/tools/compiler/ti-cgt-arm_17.3.0.STS/bin/armcl" -mv7M4 --code_state=16 --float_support=FPv4SPD16 -me --include_path="C:/ti/ccsv7/tools/compiler/ti-cgt-arm_17.3.0.STS/include" --include_path="C:/ti/TivaWare_C_Series-2.1.4.178" --define=ccs="ccs" --define=PART_TM4C123GH6PM -g --gcc --diag_warning=225 --diag_wrap=off --display_error_number --abi=eabi --preproc_with_compile --preproc_dependency="slug.d"  "../slug.c"
"../slug.c", line 74: warning #994-D: missing return statement at end of non-void function "Button1_Init"
"../slug.c", line 261: warning #70-D: integer conversion resulted in truncation
"../slug.c", line 61: warning #179-D: variable "ClockFrequency" was declared but never referenced
'Finished building: ../slug.c'
' '
'Building target: BSP.out'
'Invoking: ARM Linker'
"C:/ti/ccsv7/tools/compiler/ti-cgt-arm_17.3.0.STS/bin/armcl" -mv7M4 --code_state=16 --float_support=FPv4SPD16 -me --define=ccs="ccs" --define=PART_TM4C123GH6PM -g --gcc --diag_warning=225 --diag_wrap=off --display_error_number --abi=eabi -z -m"BSP.map" --heap_size=0 --stack_size=512 -i"C:/ti/ccsv7/tools/compiler/ti-cgt-arm_17.3.0.STS/lib" -i"C:/ti/ccsv7/tools/compiler/ti-cgt-arm_17.3.0.STS/include" --reread_libs --diag_wrap=off --display_error_number --warn_sections --xml_link_info="BSP_linkInfo.xml" --rom_model -o "BSP.out" "./slug.obj" "./slugTest.obj" "./tm4c123gh6pm_startup_ccs.obj" "../tm4c123gh6pm.cmd"  -llibc.a -l"C:/ti/TivaWare_C_Series-2.1.4.178/driverlib/ccs/Debug/driverlib.lib" 
<Linking>
'Finished building target: BSP.out'
' '

**** Build Finished ****

**** Build of configuration Debug for project BSP ****

"C:\\ti\\ccsv7\\utils\\bin\\gmake" -k -j 4 all -O 
'Building file: ../slug.c'
'Invoking: ARM Compiler'
"C:/ti/ccsv7/tools/compiler/ti-cgt-arm_17.3.0.STS/bin/armcl" -mv7M4 --code_state=16 --float_support=FPv4SPD16 -me --include_path="C:/ti/ccsv7/tools/compiler/ti-cgt-arm_17.3.0.STS/include" --include_path="C:/ti/TivaWare_C_Series-2.1.4.178" --define=ccs="ccs" --define=PART_TM4C123GH6PM -g --gcc --diag_warning=225 --diag_wrap=off --display_error_number --abi=eabi --preproc_with_compile --preproc_dependency="slug.d"  "../slug.c"
"../slug.c", line 74: warning #994-D: missing return statement at end of non-void function "Button1_Init"
"../slug.c", line 261: warning #70-D: integer conversion resulted in truncation
"../slug.c", line 61: warning #179-D: variable "ClockFrequency" was declared but never referenced
'Finished building: ../slug.c'
' '
'Building target: BSP.out'
'Invoking: ARM Linker'
"C:/ti/ccsv7/tools/compiler/ti-cgt-arm_17.3.0.STS/bin/armcl" -mv7M4 --code_state=16 --float_support=FPv4SPD16 -me --define=ccs="ccs" --define=PART_TM4C123GH6PM -g --gcc --diag_warning=225 --diag_wrap=off --display_error_number --abi=eabi -z -m"BSP.map" --heap_size=0 --stack_size=512 -i"C:/ti/ccsv7/tools/compiler/ti-cgt-arm_17.3.0.STS/lib" -i"C:/ti/ccsv7/tools/compiler/ti-cgt-arm_17.3.0.STS/include" --reread_libs --diag_wrap=off --display_error_number --warn_sections --xml_link_info="BSP_linkInfo.xml" --rom_model -o "BSP.out" "./slug.obj" "./slugTest.obj" "./tm4c123gh6pm_startup_ccs.obj" "../tm4c123gh6pm.cmd"  -llibc.a -l"C:/ti/TivaWare_C_Series-2.1.4.178/driverlib/ccs/Debug/driverlib.lib" 
<Linking>
'Finished building target: BSP.out'
' '

**** Build Finished ****

**** Build of configuration Debug for project BSP ****

"C:\\ti\\ccsv7\\utils\\bin\\gmake" -k -j 4 all -O 
'Building file: ../slugTest.c'
'Invoking: ARM Compiler'
"C:/ti/ccsv7/tools/compiler/ti-cgt-arm_17.3.0.STS/bin/armcl" -mv7M4 --code_state=16 --float_support=FPv4SPD16 -me --include_path="C:/ti/ccsv7/tools/compiler/ti-cgt-arm_17.3.0.STS/include" --include_path="C:/ti/TivaWare_C_Series-2.1.4.178" --define=ccs="ccs" --define=PART_TM4C123GH6PM -g --gcc --diag_warning=225 --diag_wrap=off --display_error_number --abi=eabi --preproc_with_compile --preproc_dependency="slugTest.d"  "../slugTest.c"

>> Compilation failure
subdir_rules.mk:16: recipe for target 'slugTest.obj' failed
"..\slug.h", line 128: error #91: function returning function is not allowed
"../slugTest.c", line 7: warning #179-D: variable "period" was declared but never referenced
1 error detected in the compilation of "../slugTest.c".
gmake: *** [slugTest.obj] Error 1
'Building file: ../slug.c'
'Invoking: ARM Compiler'
"C:/ti/ccsv7/tools/compiler/ti-cgt-arm_17.3.0.STS/bin/armcl" -mv7M4 --code_state=16 --float_support=FPv4SPD16 -me --include_path="C:/ti/ccsv7/tools/compiler/ti-cgt-arm_17.3.0.STS/include" --include_path="C:/ti/TivaWare_C_Series-2.1.4.178" --define=ccs="ccs" --define=PART_TM4C123GH6PM -g --gcc --diag_warning=225 --diag_wrap=off --display_error_number --abi=eabi --preproc_with_compile --preproc_dependency="slug.d"  "../slug.c"

>> Compilation failure
subdir_rules.mk:9: recipe for target 'slug.obj' failed
"..\slug.h", line 128: error #91: function returning function is not allowed
"../slug.c", line 74: warning #994-D: missing return statement at end of non-void function "Button1_Init"
"../slug.c", line 261: warning #70-D: integer conversion resulted in truncation
"../slug.c", line 61: warning #179-D: variable "ClockFrequency" was declared but never referenced
1 error detected in the compilation of "../slug.c".
gmake: *** [slug.obj] Error 1
gmake: Target 'all' not remade because of errors.

**** Build Finished ****

**** Build of configuration Debug for project BSP ****

"C:\\ti\\ccsv7\\utils\\bin\\gmake" -k -j 4 all -O 
'Building file: ../slugTest.c'
'Invoking: ARM Compiler'
"C:/ti/ccsv7/tools/compiler/ti-cgt-arm_17.3.0.STS/bin/armcl" -mv7M4 --code_state=16 --float_support=FPv4SPD16 -me --include_path="C:/ti/ccsv7/tools/compiler/ti-cgt-arm_17.3.0.STS/include" --include_path="C:/ti/TivaWare_C_Series-2.1.4.178" --define=ccs="ccs" --define=PART_TM4C123GH6PM -g --gcc --diag_warning=225 --diag_wrap=off --display_error_number --abi=eabi --preproc_with_compile --preproc_dependency="slugTest.d"  "../slugTest.c"
"../slugTest.c", line 7: warning #179-D: variable "period" was declared but never referenced
'Finished building: ../slugTest.c'
' '
'Building file: ../slug.c'
'Invoking: ARM Compiler'
"C:/ti/ccsv7/tools/compiler/ti-cgt-arm_17.3.0.STS/bin/armcl" -mv7M4 --code_state=16 --float_support=FPv4SPD16 -me --include_path="C:/ti/ccsv7/tools/compiler/ti-cgt-arm_17.3.0.STS/include" --include_path="C:/ti/TivaWare_C_Series-2.1.4.178" --define=ccs="ccs" --define=PART_TM4C123GH6PM -g --gcc --diag_warning=225 --diag_wrap=off --display_error_number --abi=eabi --preproc_with_compile --preproc_dependency="slug.d"  "../slug.c"
"../slug.c", line 74: warning #994-D: missing return statement at end of non-void function "Button1_Init"
"../slug.c", line 261: warning #70-D: integer conversion resulted in truncation
"../slug.c", line 61: warning #179-D: variable "ClockFrequency" was declared but never referenced
'Finished building: ../slug.c'
' '
'Building target: BSP.out'
'Invoking: ARM Linker'
"C:/ti/ccsv7/tools/compiler/ti-cgt-arm_17.3.0.STS/bin/armcl" -mv7M4 --code_state=16 --float_support=FPv4SPD16 -me --define=ccs="ccs" --define=PART_TM4C123GH6PM -g --gcc --diag_warning=225 --diag_wrap=off --display_error_number --abi=eabi -z -m"BSP.map" --heap_size=0 --stack_size=512 -i"C:/ti/ccsv7/tools/compiler/ti-cgt-arm_17.3.0.STS/lib" -i"C:/ti/ccsv7/tools/compiler/ti-cgt-arm_17.3.0.STS/include" --reread_libs --diag_wrap=off --display_error_number --warn_sections --xml_link_info="BSP_linkInfo.xml" --rom_model -o "BSP.out" "./slug.obj" "./slugTest.obj" "./tm4c123gh6pm_startup_ccs.obj" "../tm4c123gh6pm.cmd"  -llibc.a -l"C:/ti/TivaWare_C_Series-2.1.4.178/driverlib/ccs/Debug/driverlib.lib" 
<Linking>
'Finished building target: BSP.out'
' '

**** Build Finished ****

**** Build of configuration Debug for project BSP ****

"C:\\ti\\ccsv7\\utils\\bin\\gmake" -k -j 4 all -O 
'Building file: ../slugTest.c'
'Invoking: ARM Compiler'
"C:/ti/ccsv7/tools/compiler/ti-cgt-arm_17.3.0.STS/bin/armcl" -mv7M4 --code_state=16 --float_support=FPv4SPD16 -me --include_path="C:/ti/ccsv7/tools/compiler/ti-cgt-arm_17.3.0.STS/include" --include_path="C:/ti/TivaWare_C_Series-2.1.4.178" --define=ccs="ccs" --define=PART_TM4C123GH6PM -g --gcc --diag_warning=225 --diag_wrap=off --display_error_number --abi=eabi --preproc_with_compile --preproc_dependency="slugTest.d"  "../slugTest.c"
'Finished building: ../slugTest.c'
' '
'Building target: BSP.out'
'Invoking: ARM Linker'
"C:/ti/ccsv7/tools/compiler/ti-cgt-arm_17.3.0.STS/bin/armcl" -mv7M4 --code_state=16 --float_support=FPv4SPD16 -me --define=ccs="ccs" --define=PART_TM4C123GH6PM -g --gcc --diag_warning=225 --diag_wrap=off --display_error_number --abi=eabi -z -m"BSP.map" --heap_size=0 --stack_size=512 -i"C:/ti/ccsv7/tools/compiler/ti-cgt-arm_17.3.0.STS/lib" -i"C:/ti/ccsv7/tools/compiler/ti-cgt-arm_17.3.0.STS/include" --reread_libs --diag_wrap=off --display_error_number --warn_sections --xml_link_info="BSP_linkInfo.xml" --rom_model -o "BSP.out" "./slug.obj" "./slugTest.obj" "./tm4c123gh6pm_startup_ccs.obj" "../tm4c123gh6pm.cmd"  -llibc.a -l"C:/ti/TivaWare_C_Series-2.1.4.178/driverlib/ccs/Debug/driverlib.lib" 
<Linking>
'Finished building target: BSP.out'
' '

**** Build Finished ****

**** Build of configuration Debug for project BSP ****

"C:\\ti\\ccsv7\\utils\\bin\\gmake" -k -j 4 all -O 
gmake[1]: 'BSP.out' is up to date.

**** Build Finished ****

**** Build of configuration Debug for project BSP ****

"C:\\ti\\ccsv7\\utils\\bin\\gmake" -k -j 4 all -O 
gmake[1]: 'BSP.out' is up to date.

**** Build Finished ****

**** Build of configuration Debug for project BSP ****

"C:\\ti\\ccsv7\\utils\\bin\\gmake" -k -j 4 all -O 
'Building file: ../slug.c'
'Invoking: ARM Compiler'
"C:/ti/ccsv7/tools/compiler/ti-cgt-arm_17.3.0.STS/bin/armcl" -mv7M4 --code_state=16 --float_support=FPv4SPD16 -me --include_path="C:/ti/ccsv7/tools/compiler/ti-cgt-arm_17.3.0.STS/include" --include_path="C:/ti/TivaWare_C_Series-2.1.4.178" --define=ccs="ccs" --define=PART_TM4C123GH6PM -g --gcc --diag_warning=225 --diag_wrap=off --display_error_number --abi=eabi --preproc_with_compile --preproc_dependency="slug.d"  "../slug.c"
"C:/ti/TivaWare_C_Series-2.1.4.178/inc/hw_ints.h", line 352: warning #48-D: incompatible redefinition of macro "INT_ADC0SS0" (declared at line 62 of "C:/ti/TivaWare_C_Series-2.1.4.178/inc/tm4c123gh6pm.h")
"C:/ti/TivaWare_C_Series-2.1.4.178/inc/hw_ints.h", line 353: warning #48-D: incompatible redefinition of macro "INT_ADC0SS1" (declared at line 63 of "C:/ti/TivaWare_C_Series-2.1.4.178/inc/tm4c123gh6pm.h")
"C:/ti/TivaWare_C_Series-2.1.4.178/inc/hw_ints.h", line 354: warning #48-D: incompatible redefinition of macro "INT_ADC0SS2" (declared at line 64 of "C:/ti/TivaWare_C_Series-2.1.4.178/inc/tm4c123gh6pm.h")
"C:/ti/TivaWare_C_Series-2.1.4.178/inc/hw_ints.h", line 355: warning #48-D: incompatible redefinition of macro "INT_ADC0SS3" (declared at line 65 of "C:/ti/TivaWare_C_Series-2.1.4.178/inc/tm4c123gh6pm.h")
"C:/ti/TivaWare_C_Series-2.1.4.178/inc/hw_ints.h", line 356: warning #48-D: incompatible redefinition of macro "INT_ADC1SS0" (declared at line 92 of "C:/ti/TivaWare_C_Series-2.1.4.178/inc/tm4c123gh6pm.h")
"C:/ti/TivaWare_C_Series-2.1.4.178/inc/hw_ints.h", line 357: warning #48-D: incompatible redefinition of macro "INT_ADC1SS1" (declared at line 93 of "C:/ti/TivaWare_C_Series-2.1.4.178/inc/tm4c123gh6pm.h")
"C:/ti/TivaWare_C_Series-2.1.4.178/inc/hw_ints.h", line 358: warning #48-D: incompatible redefinition of macro "INT_ADC1SS2" (declared at line 94 of "C:/ti/TivaWare_C_Series-2.1.4.178/inc/tm4c123gh6pm.h")
"C:/ti/TivaWare_C_Series-2.1.4.178/inc/hw_ints.h", line 359: warning #48-D: incompatible redefinition of macro "INT_ADC1SS3" (declared at line 95 of "C:/ti/TivaWare_C_Series-2.1.4.178/inc/tm4c123gh6pm.h")
"C:/ti/TivaWare_C_Series-2.1.4.178/inc/hw_ints.h", line 361: warning #48-D: incompatible redefinition of macro "INT_CAN0" (declared at line 85 of "C:/ti/TivaWare_C_Series-2.1.4.178/inc/tm4c123gh6pm.h")
"C:/ti/TivaWare_C_Series-2.1.4.178/inc/hw_ints.h", line 362: warning #48-D: incompatible redefinition of macro "INT_CAN1" (declared at line 86 of "C:/ti/TivaWare_C_Series-2.1.4.178/inc/tm4c123gh6pm.h")
"C:/ti/TivaWare_C_Series-2.1.4.178/inc/hw_ints.h", line 363: warning #48-D: incompatible redefinition of macro "INT_COMP0" (declared at line 73 of "C:/ti/TivaWare_C_Series-2.1.4.178/inc/tm4c123gh6pm.h")
"C:/ti/TivaWare_C_Series-2.1.4.178/inc/hw_ints.h", line 364: warning #48-D: incompatible redefinition of macro "INT_COMP1" (declared at line 74 of "C:/ti/TivaWare_C_Series-2.1.4.178/inc/tm4c123gh6pm.h")
"C:/ti/TivaWare_C_Series-2.1.4.178/inc/hw_ints.h", line 369: warning #48-D: incompatible redefinition of macro "INT_FLASH" (declared at line 76 of "C:/ti/TivaWare_C_Series-2.1.4.178/inc/tm4c123gh6pm.h")
"C:/ti/TivaWare_C_Series-2.1.4.178/inc/hw_ints.h", line 370: warning #48-D: incompatible redefinition of macro "INT_GPIOA" (declared at line 48 of "C:/ti/TivaWare_C_Series-2.1.4.178/inc/tm4c123gh6pm.h")
"C:/ti/TivaWare_C_Series-2.1.4.178/inc/hw_ints.h", line 371: warning #48-D: incompatible redefinition of macro "INT_GPIOB" (declared at line 49 of "C:/ti/TivaWare_C_Series-2.1.4.178/inc/tm4c123gh6pm.h")
"C:/ti/TivaWare_C_Series-2.1.4.178/inc/hw_ints.h", line 372: warning #48-D: incompatible redefinition of macro "INT_GPIOC" (declared at line 50 of "C:/ti/TivaWare_C_Series-2.1.4.178/inc/tm4c123gh6pm.h")
"C:/ti/TivaWare_C_Series-2.1.4.178/inc/hw_ints.h", line 373: warning #48-D: incompatible redefinition of macro "INT_GPIOD" (declared at line 51 of "C:/ti/TivaWare_C_Series-2.1.4.178/inc/tm4c123gh6pm.h")
"C:/ti/TivaWare_C_Series-2.1.4.178/inc/hw_ints.h", line 374: warning #48-D: incompatible redefinition of macro "INT_GPIOE" (declared at line 52 of "C:/ti/TivaWare_C_Series-2.1.4.178/inc/tm4c123gh6pm.h")
"C:/ti/TivaWare_C_Series-2.1.4.178/inc/hw_ints.h", line 375: warning #48-D: incompatible redefinition of macro "INT_GPIOF" (declared at line 78 of "C:/ti/TivaWare_C_Series-2.1.4.178/inc/tm4c123gh6pm.h")
"C:/ti/TivaWare_C_Series-2.1.4.178/inc/hw_ints.h", line 402: warning #48-D: incompatible redefinition of macro "INT_HIBERNATE" (declared at line 87 of "C:/ti/TivaWare_C_Series-2.1.4.178/inc/tm4c123gh6pm.h")
"C:/ti/TivaWare_C_Series-2.1.4.178/inc/hw_ints.h", line 403: warning #48-D: incompatible redefinition of macro "INT_I2C0" (declared at line 56 of "C:/ti/TivaWare_C_Series-2.1.4.178/inc/tm4c123gh6pm.h")
"C:/ti/TivaWare_C_Series-2.1.4.178/inc/hw_ints.h", line 404: warning #48-D: incompatible redefinition of macro "INT_I2C1" (declared at line 83 of "C:/ti/TivaWare_C_Series-2.1.4.178/inc/tm4c123gh6pm.h")
"C:/ti/TivaWare_C_Series-2.1.4.178/inc/hw_ints.h", line 405: warning #48-D: incompatible redefinition of macro "INT_I2C2" (declared at line 103 of "C:/ti/TivaWare_C_Series-2.1.4.178/inc/tm4c123gh6pm.h")
"C:/ti/TivaWare_C_Series-2.1.4.178/inc/hw_ints.h", line 406: warning #48-D: incompatible redefinition of macro "INT_I2C3" (declared at line 104 of "C:/ti/TivaWare_C_Series-2.1.4.178/inc/tm4c123gh6pm.h")
"C:/ti/TivaWare_C_Series-2.1.4.178/inc/hw_ints.h", line 415: warning #48-D: incompatible redefinition of macro "INT_PWM0_0" (declared at line 58 of "C:/ti/TivaWare_C_Series-2.1.4.178/inc/tm4c123gh6pm.h")
"C:/ti/TivaWare_C_Series-2.1.4.178/inc/hw_ints.h", line 416: warning #48-D: incompatible redefinition of macro "INT_PWM0_1" (declared at line 59 of "C:/ti/TivaWare_C_Series-2.1.4.178/inc/tm4c123gh6pm.h")
"C:/ti/TivaWare_C_Series-2.1.4.178/inc/hw_ints.h", line 417: warning #48-D: incompatible redefinition of macro "INT_PWM0_2" (declared at line 60 of "C:/ti/TivaWare_C_Series-2.1.4.178/inc/tm4c123gh6pm.h")
"C:/ti/TivaWare_C_Series-2.1.4.178/inc/hw_ints.h", line 418: warning #48-D: incompatible redefinition of macro "INT_PWM0_3" (declared at line 89 of "C:/ti/TivaWare_C_Series-2.1.4.178/inc/tm4c123gh6pm.h")
"C:/ti/TivaWare_C_Series-2.1.4.178/inc/hw_ints.h", line 419: warning #48-D: incompatible redefinition of macro "INT_PWM0_FAULT" (declared at line 57 of "C:/ti/TivaWare_C_Series-2.1.4.178/inc/tm4c123gh6pm.h")
"C:/ti/TivaWare_C_Series-2.1.4.178/inc/hw_ints.h", line 420: warning #48-D: incompatible redefinition of macro "INT_PWM1_0" (declared at line 122 of "C:/ti/TivaWare_C_Series-2.1.4.178/inc/tm4c123gh6pm.h")
"C:/ti/TivaWare_C_Series-2.1.4.178/inc/hw_ints.h", line 421: warning #48-D: incompatible redefinition of macro "INT_PWM1_1" (declared at line 123 of "C:/ti/TivaWare_C_Series-2.1.4.178/inc/tm4c123gh6pm.h")
"C:/ti/TivaWare_C_Series-2.1.4.178/inc/hw_ints.h", line 422: warning #48-D: incompatible redefinition of macro "INT_PWM1_2" (declared at line 124 of "C:/ti/TivaWare_C_Series-2.1.4.178/inc/tm4c123gh6pm.h")
"C:/ti/TivaWare_C_Series-2.1.4.178/inc/hw_ints.h", line 423: warning #48-D: incompatible redefinition of macro "INT_PWM1_3" (declared at line 125 of "C:/ti/TivaWare_C_Series-2.1.4.178/inc/tm4c123gh6pm.h")
"C:/ti/TivaWare_C_Series-2.1.4.178/inc/hw_ints.h", line 424: warning #48-D: incompatible redefinition of macro "INT_PWM1_FAULT" (declared at line 126 of "C:/ti/TivaWare_C_Series-2.1.4.178/inc/tm4c123gh6pm.h")
"C:/ti/TivaWare_C_Series-2.1.4.178/inc/hw_ints.h", line 425: warning #48-D: incompatible redefinition of macro "INT_QEI0" (declared at line 61 of "C:/ti/TivaWare_C_Series-2.1.4.178/inc/tm4c123gh6pm.h")
"C:/ti/TivaWare_C_Series-2.1.4.178/inc/hw_ints.h", line 426: warning #48-D: incompatible redefinition of macro "INT_QEI1" (declared at line 84 of "C:/ti/TivaWare_C_Series-2.1.4.178/inc/tm4c123gh6pm.h")
"C:/ti/TivaWare_C_Series-2.1.4.178/inc/hw_ints.h", line 428: warning #48-D: incompatible redefinition of macro "INT_SSI0" (declared at line 55 of "C:/ti/TivaWare_C_Series-2.1.4.178/inc/tm4c123gh6pm.h")
"C:/ti/TivaWare_C_Series-2.1.4.178/inc/hw_ints.h", line 429: warning #48-D: incompatible redefinition of macro "INT_SSI1" (declared at line 80 of "C:/ti/TivaWare_C_Series-2.1.4.178/inc/tm4c123gh6pm.h")
"C:/ti/TivaWare_C_Series-2.1.4.178/inc/hw_ints.h", line 430: warning #48-D: incompatible redefinition of macro "INT_SSI2" (declared at line 96 of "C:/ti/TivaWare_C_Series-2.1.4.178/inc/tm4c123gh6pm.h")
"C:/ti/TivaWare_C_Series-2.1.4.178/inc/hw_ints.h", line 431: warning #48-D: incompatible redefinition of macro "INT_SSI3" (declared at line 97 of "C:/ti/TivaWare_C_Series-2.1.4.178/inc/tm4c123gh6pm.h")
"C:/ti/TivaWare_C_Series-2.1.4.178/inc/hw_ints.h", line 432: warning #48-D: incompatible redefinition of macro "INT_SYSCTL" (declared at line 75 of "C:/ti/TivaWare_C_Series-2.1.4.178/inc/tm4c123gh6pm.h")
"C:/ti/TivaWare_C_Series-2.1.4.178/inc/hw_ints.h", line 433: warning #48-D: incompatible redefinition of macro "INT_SYSEXC" (declared at line 121 of "C:/ti/TivaWare_C_Series-2.1.4.178/inc/tm4c123gh6pm.h")
"C:/ti/TivaWare_C_Series-2.1.4.178/inc/hw_ints.h", line 435: warning #48-D: incompatible redefinition of macro "INT_TIMER0A" (declared at line 67 of "C:/ti/TivaWare_C_Series-2.1.4.178/inc/tm4c123gh6pm.h")
"C:/ti/TivaWare_C_Series-2.1.4.178/inc/hw_ints.h", line 436: warning #48-D: incompatible redefinition of macro "INT_TIMER0B" (declared at line 68 of "C:/ti/TivaWare_C_Series-2.1.4.178/inc/tm4c123gh6pm.h")
"C:/ti/TivaWare_C_Series-2.1.4.178/inc/hw_ints.h", line 437: warning #48-D: incompatible redefinition of macro "INT_TIMER1A" (declared at line 69 of "C:/ti/TivaWare_C_Series-2.1.4.178/inc/tm4c123gh6pm.h")
"C:/ti/TivaWare_C_Series-2.1.4.178/inc/hw_ints.h", line 438: warning #48-D: incompatible redefinition of macro "INT_TIMER1B" (declared at line 70 of "C:/ti/TivaWare_C_Series-2.1.4.178/inc/tm4c123gh6pm.h")
"C:/ti/TivaWare_C_Series-2.1.4.178/inc/hw_ints.h", line 439: warning #48-D: incompatible redefinition of macro "INT_TIMER2A" (declared at line 71 of "C:/ti/TivaWare_C_Series-2.1.4.178/inc/tm4c123gh6pm.h")
"C:/ti/TivaWare_C_Series-2.1.4.178/inc/hw_ints.h", line 440: warning #48-D: incompatible redefinition of macro "INT_TIMER2B" (declared at line 72 of "C:/ti/TivaWare_C_Series-2.1.4.178/inc/tm4c123gh6pm.h")
"C:/ti/TivaWare_C_Series-2.1.4.178/inc/hw_ints.h", line 441: warning #48-D: incompatible redefinition of macro "INT_TIMER3A" (declared at line 81 of "C:/ti/TivaWare_C_Series-2.1.4.178/inc/tm4c123gh6pm.h")
"C:/ti/TivaWare_C_Series-2.1.4.178/inc/hw_ints.h", line 442: warning #48-D: incompatible redefinition of macro "INT_TIMER3B" (declared at line 82 of "C:/ti/TivaWare_C_Series-2.1.4.178/inc/tm4c123gh6pm.h")
"C:/ti/TivaWare_C_Series-2.1.4.178/inc/hw_ints.h", line 443: warning #48-D: incompatible redefinition of macro "INT_TIMER4A" (declared at line 105 of "C:/ti/TivaWare_C_Series-2.1.4.178/inc/tm4c123gh6pm.h")
"C:/ti/TivaWare_C_Series-2.1.4.178/inc/hw_ints.h", line 444: warning #48-D: incompatible redefinition of macro "INT_TIMER4B" (declared at line 106 of "C:/ti/TivaWare_C_Series-2.1.4.178/inc/tm4c123gh6pm.h")
"C:/ti/TivaWare_C_Series-2.1.4.178/inc/hw_ints.h", line 445: warning #48-D: incompatible redefinition of macro "INT_TIMER5A" (declared at line 107 of "C:/ti/TivaWare_C_Series-2.1.4.178/inc/tm4c123gh6pm.h")
"C:/ti/TivaWare_C_Series-2.1.4.178/inc/hw_ints.h", line 446: warning #48-D: incompatible redefinition of macro "INT_TIMER5B" (declared at line 108 of "C:/ti/TivaWare_C_Series-2.1.4.178/inc/tm4c123gh6pm.h")
"C:/ti/TivaWare_C_Series-2.1.4.178/inc/hw_ints.h", line 451: warning #48-D: incompatible redefinition of macro "INT_UART0" (declared at line 53 of "C:/ti/TivaWare_C_Series-2.1.4.178/inc/tm4c123gh6pm.h")
"C:/ti/TivaWare_C_Series-2.1.4.178/inc/hw_ints.h", line 452: warning #48-D: incompatible redefinition of macro "INT_UART1" (declared at line 54 of "C:/ti/TivaWare_C_Series-2.1.4.178/inc/tm4c123gh6pm.h")
"C:/ti/TivaWare_C_Series-2.1.4.178/inc/hw_ints.h", line 453: warning #48-D: incompatible redefinition of macro "INT_UART2" (declared at line 79 of "C:/ti/TivaWare_C_Series-2.1.4.178/inc/tm4c123gh6pm.h")
"C:/ti/TivaWare_C_Series-2.1.4.178/inc/hw_ints.h", line 454: warning #48-D: incompatible redefinition of macro "INT_UART3" (declared at line 98 of "C:/ti/TivaWare_C_Series-2.1.4.178/inc/tm4c123gh6pm.h")
"C:/ti/TivaWare_C_Series-2.1.4.178/inc/hw_ints.h", line 455: warning #48-D: incompatible redefinition of macro "INT_UART4" (declared at line 99 of "C:/ti/TivaWare_C_Series-2.1.4.178/inc/tm4c123gh6pm.h")
"C:/ti/TivaWare_C_Series-2.1.4.178/inc/hw_ints.h", line 456: warning #48-D: incompatible redefinition of macro "INT_UART5" (declared at line 100 of "C:/ti/TivaWare_C_Series-2.1.4.178/inc/tm4c123gh6pm.h")
"C:/ti/TivaWare_C_Series-2.1.4.178/inc/hw_ints.h", line 457: warning #48-D: incompatible redefinition of macro "INT_UART6" (declared at line 101 of "C:/ti/TivaWare_C_Series-2.1.4.178/inc/tm4c123gh6pm.h")
"C:/ti/TivaWare_C_Series-2.1.4.178/inc/hw_ints.h", line 458: warning #48-D: incompatible redefinition of macro "INT_UART7" (declared at line 102 of "C:/ti/TivaWare_C_Series-2.1.4.178/inc/tm4c123gh6pm.h")
"C:/ti/TivaWare_C_Series-2.1.4.178/inc/hw_ints.h", line 459: warning #48-D: incompatible redefinition of macro "INT_UDMA" (declared at line 90 of "C:/ti/TivaWare_C_Series-2.1.4.178/inc/tm4c123gh6pm.h")
"C:/ti/TivaWare_C_Series-2.1.4.178/inc/hw_ints.h", line 460: warning #48-D: incompatible redefinition of macro "INT_UDMAERR" (declared at line 91 of "C:/ti/TivaWare_C_Series-2.1.4.178/inc/tm4c123gh6pm.h")
"C:/ti/TivaWare_C_Series-2.1.4.178/inc/hw_ints.h", line 461: warning #48-D: incompatible redefinition of macro "INT_USB0" (declared at line 88 of "C:/ti/TivaWare_C_Series-2.1.4.178/inc/tm4c123gh6pm.h")
"C:/ti/TivaWare_C_Series-2.1.4.178/inc/hw_ints.h", line 462: warning #48-D: incompatible redefinition of macro "INT_WATCHDOG" (declared at line 66 of "C:/ti/TivaWare_C_Series-2.1.4.178/inc/tm4c123gh6pm.h")
"C:/ti/TivaWare_C_Series-2.1.4.178/inc/hw_ints.h", line 463: warning #48-D: incompatible redefinition of macro "INT_WTIMER0A" (declared at line 109 of "C:/ti/TivaWare_C_Series-2.1.4.178/inc/tm4c123gh6pm.h")
"C:/ti/TivaWare_C_Series-2.1.4.178/inc/hw_ints.h", line 464: warning #48-D: incompatible redefinition of macro "INT_WTIMER0B" (declared at line 110 of "C:/ti/TivaWare_C_Series-2.1.4.178/inc/tm4c123gh6pm.h")
"C:/ti/TivaWare_C_Series-2.1.4.178/inc/hw_ints.h", line 465: warning #48-D: incompatible redefinition of macro "INT_WTIMER1A" (declared at line 111 of "C:/ti/TivaWare_C_Series-2.1.4.178/inc/tm4c123gh6pm.h")
"C:/ti/TivaWare_C_Series-2.1.4.178/inc/hw_ints.h", line 466: warning #48-D: incompatible redefinition of macro "INT_WTIMER1B" (declared at line 112 of "C:/ti/TivaWare_C_Series-2.1.4.178/inc/tm4c123gh6pm.h")
"C:/ti/TivaWare_C_Series-2.1.4.178/inc/hw_ints.h", line 467: warning #48-D: incompatible redefinition of macro "INT_WTIMER2A" (declared at line 113 of "C:/ti/TivaWare_C_Series-2.1.4.178/inc/tm4c123gh6pm.h")
"C:/ti/TivaWare_C_Series-2.1.4.178/inc/hw_ints.h", line 468: warning #48-D: incompatible redefinition of macro "INT_WTIMER2B" (declared at line 114 of "C:/ti/TivaWare_C_Series-2.1.4.178/inc/tm4c123gh6pm.h")
"C:/ti/TivaWare_C_Series-2.1.4.178/inc/hw_ints.h", line 469: warning #48-D: incompatible redefinition of macro "INT_WTIMER3A" (declared at line 115 of "C:/ti/TivaWare_C_Series-2.1.4.178/inc/tm4c123gh6pm.h")
"C:/ti/TivaWare_C_Series-2.1.4.178/inc/hw_ints.h", line 470: warning #48-D: incompatible redefinition of macro "INT_WTIMER3B" (declared at line 116 of "C:/ti/TivaWare_C_Series-2.1.4.178/inc/tm4c123gh6pm.h")
"C:/ti/TivaWare_C_Series-2.1.4.178/inc/hw_ints.h", line 471: warning #48-D: incompatible redefinition of macro "INT_WTIMER4A" (declared at line 117 of "C:/ti/TivaWare_C_Series-2.1.4.178/inc/tm4c123gh6pm.h")
"C:/ti/TivaWare_C_Series-2.1.4.178/inc/hw_ints.h", line 472: warning #48-D: incompatible redefinition of macro "INT_WTIMER4B" (declared at line 118 of "C:/ti/TivaWare_C_Series-2.1.4.178/inc/tm4c123gh6pm.h")
"C:/ti/TivaWare_C_Series-2.1.4.178/inc/hw_ints.h", line 473: warning #48-D: incompatible redefinition of macro "INT_WTIMER5A" (declared at line 119 of "C:/ti/TivaWare_C_Series-2.1.4.178/inc/tm4c123gh6pm.h")
"C:/ti/TivaWare_C_Series-2.1.4.178/inc/hw_ints.h", line 474: warning #48-D: incompatible redefinition of macro "INT_WTIMER5B" (declared at line 120 of "C:/ti/TivaWare_C_Series-2.1.4.178/inc/tm4c123gh6pm.h")
"../slug.c", line 75: warning #994-D: missing return statement at end of non-void function "Button1_Init"
"../slug.c", line 262: warning #70-D: integer conversion resulted in truncation
"../slug.c", line 62: warning #179-D: variable "ClockFrequency" was declared but never referenced
'Finished building: ../slug.c'
' '
'Building target: BSP.out'
'Invoking: ARM Linker'
"C:/ti/ccsv7/tools/compiler/ti-cgt-arm_17.3.0.STS/bin/armcl" -mv7M4 --code_state=16 --float_support=FPv4SPD16 -me --define=ccs="ccs" --define=PART_TM4C123GH6PM -g --gcc --diag_warning=225 --diag_wrap=off --display_error_number --abi=eabi -z -m"BSP.map" --heap_size=0 --stack_size=512 -i"C:/ti/ccsv7/tools/compiler/ti-cgt-arm_17.3.0.STS/lib" -i"C:/ti/ccsv7/tools/compiler/ti-cgt-arm_17.3.0.STS/include" --reread_libs --diag_wrap=off --display_error_number --warn_sections --xml_link_info="BSP_linkInfo.xml" --rom_model -o "BSP.out" "./slug.obj" "./slugTest.obj" "./tm4c123gh6pm_startup_ccs.obj" "../tm4c123gh6pm.cmd"  -llibc.a -l"C:/ti/TivaWare_C_Series-2.1.4.178/driverlib/ccs/Debug/driverlib.lib" 
<Linking>
'Finished building target: BSP.out'
' '

**** Build Finished ****

**** Build of configuration Debug for project BSP ****

"C:\\ti\\ccsv7\\utils\\bin\\gmake" -k -j 4 all -O 
'Building file: ../tm4c123gh6pm_startup_ccs.c'
'Invoking: ARM Compiler'
"C:/ti/ccsv7/tools/compiler/ti-cgt-arm_17.3.0.STS/bin/armcl" -mv7M4 --code_state=16 --float_support=FPv4SPD16 -me --include_path="C:/ti/ccsv7/tools/compiler/ti-cgt-arm_17.3.0.STS/include" --include_path="C:/ti/TivaWare_C_Series-2.1.4.178" --define=ccs="ccs" --define=PART_TM4C123GH6PM -g --gcc --diag_warning=225 --diag_wrap=off --display_error_number --abi=eabi --preproc_with_compile --preproc_dependency="tm4c123gh6pm_startup_ccs.d"  "../tm4c123gh6pm_startup_ccs.c"
'Finished building: ../tm4c123gh6pm_startup_ccs.c'
' '
'Building target: BSP.out'
'Invoking: ARM Linker'
"C:/ti/ccsv7/tools/compiler/ti-cgt-arm_17.3.0.STS/bin/armcl" -mv7M4 --code_state=16 --float_support=FPv4SPD16 -me --define=ccs="ccs" --define=PART_TM4C123GH6PM -g --gcc --diag_warning=225 --diag_wrap=off --display_error_number --abi=eabi -z -m"BSP.map" --heap_size=0 --stack_size=512 -i"C:/ti/ccsv7/tools/compiler/ti-cgt-arm_17.3.0.STS/lib" -i"C:/ti/ccsv7/tools/compiler/ti-cgt-arm_17.3.0.STS/include" --reread_libs --diag_wrap=off --display_error_number --warn_sections --xml_link_info="BSP_linkInfo.xml" --rom_model -o "BSP.out" "./slug.obj" "./slugTest.obj" "./tm4c123gh6pm_startup_ccs.obj" "../tm4c123gh6pm.cmd"  -llibc.a -l"C:/ti/TivaWare_C_Series-2.1.4.178/driverlib/ccs/Debug/driverlib.lib" 
<Linking>
'Finished building target: BSP.out'
' '

**** Build Finished ****

**** Build of configuration Debug for project BSP ****

"C:\\ti\\ccsv7\\utils\\bin\\gmake" -k -j 4 all -O 
gmake[1]: 'BSP.out' is up to date.

**** Build Finished ****

**** Build of configuration Debug for project BSP ****

"C:\\ti\\ccsv7\\utils\\bin\\gmake" -k -j 4 all -O 
'Building file: ../slug.c'
'Invoking: ARM Compiler'
"C:/ti/ccsv7/tools/compiler/ti-cgt-arm_17.3.0.STS/bin/armcl" -mv7M4 --code_state=16 --float_support=FPv4SPD16 -me --include_path="C:/ti/ccsv7/tools/compiler/ti-cgt-arm_17.3.0.STS/include" --include_path="C:/ti/TivaWare_C_Series-2.1.4.178" --define=ccs="ccs" --define=PART_TM4C123GH6PM -g --gcc --diag_warning=225 --diag_wrap=off --display_error_number --abi=eabi --preproc_with_compile --preproc_dependency="slug.d"  "../slug.c"
"C:/ti/TivaWare_C_Series-2.1.4.178/inc/hw_ints.h", line 352: warning #48-D: incompatible redefinition of macro "INT_ADC0SS0" (declared at line 62 of "C:/ti/TivaWare_C_Series-2.1.4.178/inc/tm4c123gh6pm.h")
"C:/ti/TivaWare_C_Series-2.1.4.178/inc/hw_ints.h", line 353: warning #48-D: incompatible redefinition of macro "INT_ADC0SS1" (declared at line 63 of "C:/ti/TivaWare_C_Series-2.1.4.178/inc/tm4c123gh6pm.h")
"C:/ti/TivaWare_C_Series-2.1.4.178/inc/hw_ints.h", line 354: warning #48-D: incompatible redefinition of macro "INT_ADC0SS2" (declared at line 64 of "C:/ti/TivaWare_C_Series-2.1.4.178/inc/tm4c123gh6pm.h")
"C:/ti/TivaWare_C_Series-2.1.4.178/inc/hw_ints.h", line 355: warning #48-D: incompatible redefinition of macro "INT_ADC0SS3" (declared at line 65 of "C:/ti/TivaWare_C_Series-2.1.4.178/inc/tm4c123gh6pm.h")
"C:/ti/TivaWare_C_Series-2.1.4.178/inc/hw_ints.h", line 356: warning #48-D: incompatible redefinition of macro "INT_ADC1SS0" (declared at line 92 of "C:/ti/TivaWare_C_Series-2.1.4.178/inc/tm4c123gh6pm.h")
"C:/ti/TivaWare_C_Series-2.1.4.178/inc/hw_ints.h", line 357: warning #48-D: incompatible redefinition of macro "INT_ADC1SS1" (declared at line 93 of "C:/ti/TivaWare_C_Series-2.1.4.178/inc/tm4c123gh6pm.h")
"C:/ti/TivaWare_C_Series-2.1.4.178/inc/hw_ints.h", line 358: warning #48-D: incompatible redefinition of macro "INT_ADC1SS2" (declared at line 94 of "C:/ti/TivaWare_C_Series-2.1.4.178/inc/tm4c123gh6pm.h")
"C:/ti/TivaWare_C_Series-2.1.4.178/inc/hw_ints.h", line 359: warning #48-D: incompatible redefinition of macro "INT_ADC1SS3" (declared at line 95 of "C:/ti/TivaWare_C_Series-2.1.4.178/inc/tm4c123gh6pm.h")
"C:/ti/TivaWare_C_Series-2.1.4.178/inc/hw_ints.h", line 361: warning #48-D: incompatible redefinition of macro "INT_CAN0" (declared at line 85 of "C:/ti/TivaWare_C_Series-2.1.4.178/inc/tm4c123gh6pm.h")
"C:/ti/TivaWare_C_Series-2.1.4.178/inc/hw_ints.h", line 362: warning #48-D: incompatible redefinition of macro "INT_CAN1" (declared at line 86 of "C:/ti/TivaWare_C_Series-2.1.4.178/inc/tm4c123gh6pm.h")
"C:/ti/TivaWare_C_Series-2.1.4.178/inc/hw_ints.h", line 363: warning #48-D: incompatible redefinition of macro "INT_COMP0" (declared at line 73 of "C:/ti/TivaWare_C_Series-2.1.4.178/inc/tm4c123gh6pm.h")
"C:/ti/TivaWare_C_Series-2.1.4.178/inc/hw_ints.h", line 364: warning #48-D: incompatible redefinition of macro "INT_COMP1" (declared at line 74 of "C:/ti/TivaWare_C_Series-2.1.4.178/inc/tm4c123gh6pm.h")
"C:/ti/TivaWare_C_Series-2.1.4.178/inc/hw_ints.h", line 369: warning #48-D: incompatible redefinition of macro "INT_FLASH" (declared at line 76 of "C:/ti/TivaWare_C_Series-2.1.4.178/inc/tm4c123gh6pm.h")
"C:/ti/TivaWare_C_Series-2.1.4.178/inc/hw_ints.h", line 370: warning #48-D: incompatible redefinition of macro "INT_GPIOA" (declared at line 48 of "C:/ti/TivaWare_C_Series-2.1.4.178/inc/tm4c123gh6pm.h")
"C:/ti/TivaWare_C_Series-2.1.4.178/inc/hw_ints.h", line 371: warning #48-D: incompatible redefinition of macro "INT_GPIOB" (declared at line 49 of "C:/ti/TivaWare_C_Series-2.1.4.178/inc/tm4c123gh6pm.h")
"C:/ti/TivaWare_C_Series-2.1.4.178/inc/hw_ints.h", line 372: warning #48-D: incompatible redefinition of macro "INT_GPIOC" (declared at line 50 of "C:/ti/TivaWare_C_Series-2.1.4.178/inc/tm4c123gh6pm.h")
"C:/ti/TivaWare_C_Series-2.1.4.178/inc/hw_ints.h", line 373: warning #48-D: incompatible redefinition of macro "INT_GPIOD" (declared at line 51 of "C:/ti/TivaWare_C_Series-2.1.4.178/inc/tm4c123gh6pm.h")
"C:/ti/TivaWare_C_Series-2.1.4.178/inc/hw_ints.h", line 374: warning #48-D: incompatible redefinition of macro "INT_GPIOE" (declared at line 52 of "C:/ti/TivaWare_C_Series-2.1.4.178/inc/tm4c123gh6pm.h")
"C:/ti/TivaWare_C_Series-2.1.4.178/inc/hw_ints.h", line 375: warning #48-D: incompatible redefinition of macro "INT_GPIOF" (declared at line 78 of "C:/ti/TivaWare_C_Series-2.1.4.178/inc/tm4c123gh6pm.h")
"C:/ti/TivaWare_C_Series-2.1.4.178/inc/hw_ints.h", line 402: warning #48-D: incompatible redefinition of macro "INT_HIBERNATE" (declared at line 87 of "C:/ti/TivaWare_C_Series-2.1.4.178/inc/tm4c123gh6pm.h")
"C:/ti/TivaWare_C_Series-2.1.4.178/inc/hw_ints.h", line 403: warning #48-D: incompatible redefinition of macro "INT_I2C0" (declared at line 56 of "C:/ti/TivaWare_C_Series-2.1.4.178/inc/tm4c123gh6pm.h")
"C:/ti/TivaWare_C_Series-2.1.4.178/inc/hw_ints.h", line 404: warning #48-D: incompatible redefinition of macro "INT_I2C1" (declared at line 83 of "C:/ti/TivaWare_C_Series-2.1.4.178/inc/tm4c123gh6pm.h")
"C:/ti/TivaWare_C_Series-2.1.4.178/inc/hw_ints.h", line 405: warning #48-D: incompatible redefinition of macro "INT_I2C2" (declared at line 103 of "C:/ti/TivaWare_C_Series-2.1.4.178/inc/tm4c123gh6pm.h")
"C:/ti/TivaWare_C_Series-2.1.4.178/inc/hw_ints.h", line 406: warning #48-D: incompatible redefinition of macro "INT_I2C3" (declared at line 104 of "C:/ti/TivaWare_C_Series-2.1.4.178/inc/tm4c123gh6pm.h")
"C:/ti/TivaWare_C_Series-2.1.4.178/inc/hw_ints.h", line 415: warning #48-D: incompatible redefinition of macro "INT_PWM0_0" (declared at line 58 of "C:/ti/TivaWare_C_Series-2.1.4.178/inc/tm4c123gh6pm.h")
"C:/ti/TivaWare_C_Series-2.1.4.178/inc/hw_ints.h", line 416: warning #48-D: incompatible redefinition of macro "INT_PWM0_1" (declared at line 59 of "C:/ti/TivaWare_C_Series-2.1.4.178/inc/tm4c123gh6pm.h")
"C:/ti/TivaWare_C_Series-2.1.4.178/inc/hw_ints.h", line 417: warning #48-D: incompatible redefinition of macro "INT_PWM0_2" (declared at line 60 of "C:/ti/TivaWare_C_Series-2.1.4.178/inc/tm4c123gh6pm.h")
"C:/ti/TivaWare_C_Series-2.1.4.178/inc/hw_ints.h", line 418: warning #48-D: incompatible redefinition of macro "INT_PWM0_3" (declared at line 89 of "C:/ti/TivaWare_C_Series-2.1.4.178/inc/tm4c123gh6pm.h")
"C:/ti/TivaWare_C_Series-2.1.4.178/inc/hw_ints.h", line 419: warning #48-D: incompatible redefinition of macro "INT_PWM0_FAULT" (declared at line 57 of "C:/ti/TivaWare_C_Series-2.1.4.178/inc/tm4c123gh6pm.h")
"C:/ti/TivaWare_C_Series-2.1.4.178/inc/hw_ints.h", line 420: warning #48-D: incompatible redefinition of macro "INT_PWM1_0" (declared at line 122 of "C:/ti/TivaWare_C_Series-2.1.4.178/inc/tm4c123gh6pm.h")
"C:/ti/TivaWare_C_Series-2.1.4.178/inc/hw_ints.h", line 421: warning #48-D: incompatible redefinition of macro "INT_PWM1_1" (declared at line 123 of "C:/ti/TivaWare_C_Series-2.1.4.178/inc/tm4c123gh6pm.h")
"C:/ti/TivaWare_C_Series-2.1.4.178/inc/hw_ints.h", line 422: warning #48-D: incompatible redefinition of macro "INT_PWM1_2" (declared at line 124 of "C:/ti/TivaWare_C_Series-2.1.4.178/inc/tm4c123gh6pm.h")
"C:/ti/TivaWare_C_Series-2.1.4.178/inc/hw_ints.h", line 423: warning #48-D: incompatible redefinition of macro "INT_PWM1_3" (declared at line 125 of "C:/ti/TivaWare_C_Series-2.1.4.178/inc/tm4c123gh6pm.h")
"C:/ti/TivaWare_C_Series-2.1.4.178/inc/hw_ints.h", line 424: warning #48-D: incompatible redefinition of macro "INT_PWM1_FAULT" (declared at line 126 of "C:/ti/TivaWare_C_Series-2.1.4.178/inc/tm4c123gh6pm.h")
"C:/ti/TivaWare_C_Series-2.1.4.178/inc/hw_ints.h", line 425: warning #48-D: incompatible redefinition of macro "INT_QEI0" (declared at line 61 of "C:/ti/TivaWare_C_Series-2.1.4.178/inc/tm4c123gh6pm.h")
"C:/ti/TivaWare_C_Series-2.1.4.178/inc/hw_ints.h", line 426: warning #48-D: incompatible redefinition of macro "INT_QEI1" (declared at line 84 of "C:/ti/TivaWare_C_Series-2.1.4.178/inc/tm4c123gh6pm.h")
"C:/ti/TivaWare_C_Series-2.1.4.178/inc/hw_ints.h", line 428: warning #48-D: incompatible redefinition of macro "INT_SSI0" (declared at line 55 of "C:/ti/TivaWare_C_Series-2.1.4.178/inc/tm4c123gh6pm.h")
"C:/ti/TivaWare_C_Series-2.1.4.178/inc/hw_ints.h", line 429: warning #48-D: incompatible redefinition of macro "INT_SSI1" (declared at line 80 of "C:/ti/TivaWare_C_Series-2.1.4.178/inc/tm4c123gh6pm.h")
"C:/ti/TivaWare_C_Series-2.1.4.178/inc/hw_ints.h", line 430: warning #48-D: incompatible redefinition of macro "INT_SSI2" (declared at line 96 of "C:/ti/TivaWare_C_Series-2.1.4.178/inc/tm4c123gh6pm.h")
"C:/ti/TivaWare_C_Series-2.1.4.178/inc/hw_ints.h", line 431: warning #48-D: incompatible redefinition of macro "INT_SSI3" (declared at line 97 of "C:/ti/TivaWare_C_Series-2.1.4.178/inc/tm4c123gh6pm.h")
"C:/ti/TivaWare_C_Series-2.1.4.178/inc/hw_ints.h", line 432: warning #48-D: incompatible redefinition of macro "INT_SYSCTL" (declared at line 75 of "C:/ti/TivaWare_C_Series-2.1.4.178/inc/tm4c123gh6pm.h")
"C:/ti/TivaWare_C_Series-2.1.4.178/inc/hw_ints.h", line 433: warning #48-D: incompatible redefinition of macro "INT_SYSEXC" (declared at line 121 of "C:/ti/TivaWare_C_Series-2.1.4.178/inc/tm4c123gh6pm.h")
"C:/ti/TivaWare_C_Series-2.1.4.178/inc/hw_ints.h", line 435: warning #48-D: incompatible redefinition of macro "INT_TIMER0A" (declared at line 67 of "C:/ti/TivaWare_C_Series-2.1.4.178/inc/tm4c123gh6pm.h")
"C:/ti/TivaWare_C_Series-2.1.4.178/inc/hw_ints.h", line 436: warning #48-D: incompatible redefinition of macro "INT_TIMER0B" (declared at line 68 of "C:/ti/TivaWare_C_Series-2.1.4.178/inc/tm4c123gh6pm.h")
"C:/ti/TivaWare_C_Series-2.1.4.178/inc/hw_ints.h", line 437: warning #48-D: incompatible redefinition of macro "INT_TIMER1A" (declared at line 69 of "C:/ti/TivaWare_C_Series-2.1.4.178/inc/tm4c123gh6pm.h")
"C:/ti/TivaWare_C_Series-2.1.4.178/inc/hw_ints.h", line 438: warning #48-D: incompatible redefinition of macro "INT_TIMER1B" (declared at line 70 of "C:/ti/TivaWare_C_Series-2.1.4.178/inc/tm4c123gh6pm.h")
"C:/ti/TivaWare_C_Series-2.1.4.178/inc/hw_ints.h", line 439: warning #48-D: incompatible redefinition of macro "INT_TIMER2A" (declared at line 71 of "C:/ti/TivaWare_C_Series-2.1.4.178/inc/tm4c123gh6pm.h")
"C:/ti/TivaWare_C_Series-2.1.4.178/inc/hw_ints.h", line 440: warning #48-D: incompatible redefinition of macro "INT_TIMER2B" (declared at line 72 of "C:/ti/TivaWare_C_Series-2.1.4.178/inc/tm4c123gh6pm.h")
"C:/ti/TivaWare_C_Series-2.1.4.178/inc/hw_ints.h", line 441: warning #48-D: incompatible redefinition of macro "INT_TIMER3A" (declared at line 81 of "C:/ti/TivaWare_C_Series-2.1.4.178/inc/tm4c123gh6pm.h")
"C:/ti/TivaWare_C_Series-2.1.4.178/inc/hw_ints.h", line 442: warning #48-D: incompatible redefinition of macro "INT_TIMER3B" (declared at line 82 of "C:/ti/TivaWare_C_Series-2.1.4.178/inc/tm4c123gh6pm.h")
"C:/ti/TivaWare_C_Series-2.1.4.178/inc/hw_ints.h", line 443: warning #48-D: incompatible redefinition of macro "INT_TIMER4A" (declared at line 105 of "C:/ti/TivaWare_C_Series-2.1.4.178/inc/tm4c123gh6pm.h")
"C:/ti/TivaWare_C_Series-2.1.4.178/inc/hw_ints.h", line 444: warning #48-D: incompatible redefinition of macro "INT_TIMER4B" (declared at line 106 of "C:/ti/TivaWare_C_Series-2.1.4.178/inc/tm4c123gh6pm.h")
"C:/ti/TivaWare_C_Series-2.1.4.178/inc/hw_ints.h", line 445: warning #48-D: incompatible redefinition of macro "INT_TIMER5A" (declared at line 107 of "C:/ti/TivaWare_C_Series-2.1.4.178/inc/tm4c123gh6pm.h")
"C:/ti/TivaWare_C_Series-2.1.4.178/inc/hw_ints.h", line 446: warning #48-D: incompatible redefinition of macro "INT_TIMER5B" (declared at line 108 of "C:/ti/TivaWare_C_Series-2.1.4.178/inc/tm4c123gh6pm.h")
"C:/ti/TivaWare_C_Series-2.1.4.178/inc/hw_ints.h", line 451: warning #48-D: incompatible redefinition of macro "INT_UART0" (declared at line 53 of "C:/ti/TivaWare_C_Series-2.1.4.178/inc/tm4c123gh6pm.h")
"C:/ti/TivaWare_C_Series-2.1.4.178/inc/hw_ints.h", line 452: warning #48-D: incompatible redefinition of macro "INT_UART1" (declared at line 54 of "C:/ti/TivaWare_C_Series-2.1.4.178/inc/tm4c123gh6pm.h")
"C:/ti/TivaWare_C_Series-2.1.4.178/inc/hw_ints.h", line 453: warning #48-D: incompatible redefinition of macro "INT_UART2" (declared at line 79 of "C:/ti/TivaWare_C_Series-2.1.4.178/inc/tm4c123gh6pm.h")
"C:/ti/TivaWare_C_Series-2.1.4.178/inc/hw_ints.h", line 454: warning #48-D: incompatible redefinition of macro "INT_UART3" (declared at line 98 of "C:/ti/TivaWare_C_Series-2.1.4.178/inc/tm4c123gh6pm.h")
"C:/ti/TivaWare_C_Series-2.1.4.178/inc/hw_ints.h", line 455: warning #48-D: incompatible redefinition of macro "INT_UART4" (declared at line 99 of "C:/ti/TivaWare_C_Series-2.1.4.178/inc/tm4c123gh6pm.h")
"C:/ti/TivaWare_C_Series-2.1.4.178/inc/hw_ints.h", line 456: warning #48-D: incompatible redefinition of macro "INT_UART5" (declared at line 100 of "C:/ti/TivaWare_C_Series-2.1.4.178/inc/tm4c123gh6pm.h")
"C:/ti/TivaWare_C_Series-2.1.4.178/inc/hw_ints.h", line 457: warning #48-D: incompatible redefinition of macro "INT_UART6" (declared at line 101 of "C:/ti/TivaWare_C_Series-2.1.4.178/inc/tm4c123gh6pm.h")
"C:/ti/TivaWare_C_Series-2.1.4.178/inc/hw_ints.h", line 458: warning #48-D: incompatible redefinition of macro "INT_UART7" (declared at line 102 of "C:/ti/TivaWare_C_Series-2.1.4.178/inc/tm4c123gh6pm.h")
"C:/ti/TivaWare_C_Series-2.1.4.178/inc/hw_ints.h", line 459: warning #48-D: incompatible redefinition of macro "INT_UDMA" (declared at line 90 of "C:/ti/TivaWare_C_Series-2.1.4.178/inc/tm4c123gh6pm.h")
"C:/ti/TivaWare_C_Series-2.1.4.178/inc/hw_ints.h", line 460: warning #48-D: incompatible redefinition of macro "INT_UDMAERR" (declared at line 91 of "C:/ti/TivaWare_C_Series-2.1.4.178/inc/tm4c123gh6pm.h")
"C:/ti/TivaWare_C_Series-2.1.4.178/inc/hw_ints.h", line 461: warning #48-D: incompatible redefinition of macro "INT_USB0" (declared at line 88 of "C:/ti/TivaWare_C_Series-2.1.4.178/inc/tm4c123gh6pm.h")
"C:/ti/TivaWare_C_Series-2.1.4.178/inc/hw_ints.h", line 462: warning #48-D: incompatible redefinition of macro "INT_WATCHDOG" (declared at line 66 of "C:/ti/TivaWare_C_Series-2.1.4.178/inc/tm4c123gh6pm.h")
"C:/ti/TivaWare_C_Series-2.1.4.178/inc/hw_ints.h", line 463: warning #48-D: incompatible redefinition of macro "INT_WTIMER0A" (declared at line 109 of "C:/ti/TivaWare_C_Series-2.1.4.178/inc/tm4c123gh6pm.h")
"C:/ti/TivaWare_C_Series-2.1.4.178/inc/hw_ints.h", line 464: warning #48-D: incompatible redefinition of macro "INT_WTIMER0B" (declared at line 110 of "C:/ti/TivaWare_C_Series-2.1.4.178/inc/tm4c123gh6pm.h")
"C:/ti/TivaWare_C_Series-2.1.4.178/inc/hw_ints.h", line 465: warning #48-D: incompatible redefinition of macro "INT_WTIMER1A" (declared at line 111 of "C:/ti/TivaWare_C_Series-2.1.4.178/inc/tm4c123gh6pm.h")
"C:/ti/TivaWare_C_Series-2.1.4.178/inc/hw_ints.h", line 466: warning #48-D: incompatible redefinition of macro "INT_WTIMER1B" (declared at line 112 of "C:/ti/TivaWare_C_Series-2.1.4.178/inc/tm4c123gh6pm.h")
"C:/ti/TivaWare_C_Series-2.1.4.178/inc/hw_ints.h", line 467: warning #48-D: incompatible redefinition of macro "INT_WTIMER2A" (declared at line 113 of "C:/ti/TivaWare_C_Series-2.1.4.178/inc/tm4c123gh6pm.h")
"C:/ti/TivaWare_C_Series-2.1.4.178/inc/hw_ints.h", line 468: warning #48-D: incompatible redefinition of macro "INT_WTIMER2B" (declared at line 114 of "C:/ti/TivaWare_C_Series-2.1.4.178/inc/tm4c123gh6pm.h")
"C:/ti/TivaWare_C_Series-2.1.4.178/inc/hw_ints.h", line 469: warning #48-D: incompatible redefinition of macro "INT_WTIMER3A" (declared at line 115 of "C:/ti/TivaWare_C_Series-2.1.4.178/inc/tm4c123gh6pm.h")
"C:/ti/TivaWare_C_Series-2.1.4.178/inc/hw_ints.h", line 470: warning #48-D: incompatible redefinition of macro "INT_WTIMER3B" (declared at line 116 of "C:/ti/TivaWare_C_Series-2.1.4.178/inc/tm4c123gh6pm.h")
"C:/ti/TivaWare_C_Series-2.1.4.178/inc/hw_ints.h", line 471: warning #48-D: incompatible redefinition of macro "INT_WTIMER4A" (declared at line 117 of "C:/ti/TivaWare_C_Series-2.1.4.178/inc/tm4c123gh6pm.h")
"C:/ti/TivaWare_C_Series-2.1.4.178/inc/hw_ints.h", line 472: warning #48-D: incompatible redefinition of macro "INT_WTIMER4B" (declared at line 118 of "C:/ti/TivaWare_C_Series-2.1.4.178/inc/tm4c123gh6pm.h")
"C:/ti/TivaWare_C_Series-2.1.4.178/inc/hw_ints.h", line 473: warning #48-D: incompatible redefinition of macro "INT_WTIMER5A" (declared at line 119 of "C:/ti/TivaWare_C_Series-2.1.4.178/inc/tm4c123gh6pm.h")
"C:/ti/TivaWare_C_Series-2.1.4.178/inc/hw_ints.h", line 474: warning #48-D: incompatible redefinition of macro "INT_WTIMER5B" (declared at line 120 of "C:/ti/TivaWare_C_Series-2.1.4.178/inc/tm4c123gh6pm.h")
"../slug.c", line 75: warning #994-D: missing return statement at end of non-void function "Button1_Init"
"../slug.c", line 262: warning #70-D: integer conversion resulted in truncation
"../slug.c", line 62: warning #179-D: variable "ClockFrequency" was declared but never referenced
'Finished building: ../slug.c'
' '
'Building target: BSP.out'
'Invoking: ARM Linker'
"C:/ti/ccsv7/tools/compiler/ti-cgt-arm_17.3.0.STS/bin/armcl" -mv7M4 --code_state=16 --float_support=FPv4SPD16 -me --define=ccs="ccs" --define=PART_TM4C123GH6PM -g --gcc --diag_warning=225 --diag_wrap=off --display_error_number --abi=eabi -z -m"BSP.map" --heap_size=0 --stack_size=512 -i"C:/ti/ccsv7/tools/compiler/ti-cgt-arm_17.3.0.STS/lib" -i"C:/ti/ccsv7/tools/compiler/ti-cgt-arm_17.3.0.STS/include" --reread_libs --diag_wrap=off --display_error_number --warn_sections --xml_link_info="BSP_linkInfo.xml" --rom_model -o "BSP.out" "./slug.obj" "./slugTest.obj" "./tm4c123gh6pm_startup_ccs.obj" "../tm4c123gh6pm.cmd"  -llibc.a -l"C:/ti/TivaWare_C_Series-2.1.4.178/driverlib/ccs/Debug/driverlib.lib" 
<Linking>
'Finished building target: BSP.out'
' '

**** Build Finished ****

**** Build of configuration Debug for project BSP ****

"C:\\ti\\ccsv7\\utils\\bin\\gmake" -k -j 4 all -O 
'Building file: ../slugTest.c'
'Invoking: ARM Compiler'
"C:/ti/ccsv7/tools/compiler/ti-cgt-arm_17.3.0.STS/bin/armcl" -mv7M4 --code_state=16 --float_support=FPv4SPD16 -me --include_path="C:/ti/ccsv7/tools/compiler/ti-cgt-arm_17.3.0.STS/include" --include_path="C:/ti/TivaWare_C_Series-2.1.4.178" --define=ccs="ccs" --define=PART_TM4C123GH6PM -g --gcc --diag_warning=225 --diag_wrap=off --display_error_number --abi=eabi --preproc_with_compile --preproc_dependency="slugTest.d"  "../slugTest.c"
'Finished building: ../slugTest.c'
' '
'Building target: BSP.out'
'Invoking: ARM Linker'
"C:/ti/ccsv7/tools/compiler/ti-cgt-arm_17.3.0.STS/bin/armcl" -mv7M4 --code_state=16 --float_support=FPv4SPD16 -me --define=ccs="ccs" --define=PART_TM4C123GH6PM -g --gcc --diag_warning=225 --diag_wrap=off --display_error_number --abi=eabi -z -m"BSP.map" --heap_size=0 --stack_size=512 -i"C:/ti/ccsv7/tools/compiler/ti-cgt-arm_17.3.0.STS/lib" -i"C:/ti/ccsv7/tools/compiler/ti-cgt-arm_17.3.0.STS/include" --reread_libs --diag_wrap=off --display_error_number --warn_sections --xml_link_info="BSP_linkInfo.xml" --rom_model -o "BSP.out" "./slug.obj" "./slugTest.obj" "./tm4c123gh6pm_startup_ccs.obj" "../tm4c123gh6pm.cmd"  -llibc.a -l"C:/ti/TivaWare_C_Series-2.1.4.178/driverlib/ccs/Debug/driverlib.lib" 
<Linking>
'Finished building target: BSP.out'
' '

**** Build Finished ****

**** Build of configuration Debug for project BSP ****

"C:\\ti\\ccsv7\\utils\\bin\\gmake" -k -j 4 all -O 
gmake[1]: 'BSP.out' is up to date.

**** Build Finished ****

**** Build of configuration Debug for project BSP ****

"C:\\ti\\ccsv7\\utils\\bin\\gmake" -k -j 4 all -O 
gmake[1]: 'BSP.out' is up to date.

**** Build Finished ****

**** Build of configuration Debug for project BSP ****

"C:\\ti\\ccsv7\\utils\\bin\\gmake" -k -j 4 all -O 
'Building file: ../slug.c'
'Invoking: ARM Compiler'
"C:/ti/ccsv7/tools/compiler/ti-cgt-arm_17.3.0.STS/bin/armcl" -mv7M4 --code_state=16 --float_support=FPv4SPD16 -me --include_path="C:/ti/ccsv7/tools/compiler/ti-cgt-arm_17.3.0.STS/include" --include_path="C:/ti/TivaWare_C_Series-2.1.4.178" --define=ccs="ccs" --define=PART_TM4C123GH6PM -g --gcc --diag_warning=225 --diag_wrap=off --display_error_number --abi=eabi --preproc_with_compile --preproc_dependency="slug.d"  "../slug.c"
"C:/ti/TivaWare_C_Series-2.1.4.178/inc/hw_ints.h", line 352: warning #48-D: incompatible redefinition of macro "INT_ADC0SS0" (declared at line 62 of "C:/ti/TivaWare_C_Series-2.1.4.178/inc/tm4c123gh6pm.h")
"C:/ti/TivaWare_C_Series-2.1.4.178/inc/hw_ints.h", line 353: warning #48-D: incompatible redefinition of macro "INT_ADC0SS1" (declared at line 63 of "C:/ti/TivaWare_C_Series-2.1.4.178/inc/tm4c123gh6pm.h")
"C:/ti/TivaWare_C_Series-2.1.4.178/inc/hw_ints.h", line 354: warning #48-D: incompatible redefinition of macro "INT_ADC0SS2" (declared at line 64 of "C:/ti/TivaWare_C_Series-2.1.4.178/inc/tm4c123gh6pm.h")
"C:/ti/TivaWare_C_Series-2.1.4.178/inc/hw_ints.h", line 355: warning #48-D: incompatible redefinition of macro "INT_ADC0SS3" (declared at line 65 of "C:/ti/TivaWare_C_Series-2.1.4.178/inc/tm4c123gh6pm.h")
"C:/ti/TivaWare_C_Series-2.1.4.178/inc/hw_ints.h", line 356: warning #48-D: incompatible redefinition of macro "INT_ADC1SS0" (declared at line 92 of "C:/ti/TivaWare_C_Series-2.1.4.178/inc/tm4c123gh6pm.h")
"C:/ti/TivaWare_C_Series-2.1.4.178/inc/hw_ints.h", line 357: warning #48-D: incompatible redefinition of macro "INT_ADC1SS1" (declared at line 93 of "C:/ti/TivaWare_C_Series-2.1.4.178/inc/tm4c123gh6pm.h")
"C:/ti/TivaWare_C_Series-2.1.4.178/inc/hw_ints.h", line 358: warning #48-D: incompatible redefinition of macro "INT_ADC1SS2" (declared at line 94 of "C:/ti/TivaWare_C_Series-2.1.4.178/inc/tm4c123gh6pm.h")
"C:/ti/TivaWare_C_Series-2.1.4.178/inc/hw_ints.h", line 359: warning #48-D: incompatible redefinition of macro "INT_ADC1SS3" (declared at line 95 of "C:/ti/TivaWare_C_Series-2.1.4.178/inc/tm4c123gh6pm.h")
"C:/ti/TivaWare_C_Series-2.1.4.178/inc/hw_ints.h", line 361: warning #48-D: incompatible redefinition of macro "INT_CAN0" (declared at line 85 of "C:/ti/TivaWare_C_Series-2.1.4.178/inc/tm4c123gh6pm.h")
"C:/ti/TivaWare_C_Series-2.1.4.178/inc/hw_ints.h", line 362: warning #48-D: incompatible redefinition of macro "INT_CAN1" (declared at line 86 of "C:/ti/TivaWare_C_Series-2.1.4.178/inc/tm4c123gh6pm.h")
"C:/ti/TivaWare_C_Series-2.1.4.178/inc/hw_ints.h", line 363: warning #48-D: incompatible redefinition of macro "INT_COMP0" (declared at line 73 of "C:/ti/TivaWare_C_Series-2.1.4.178/inc/tm4c123gh6pm.h")
"C:/ti/TivaWare_C_Series-2.1.4.178/inc/hw_ints.h", line 364: warning #48-D: incompatible redefinition of macro "INT_COMP1" (declared at line 74 of "C:/ti/TivaWare_C_Series-2.1.4.178/inc/tm4c123gh6pm.h")
"C:/ti/TivaWare_C_Series-2.1.4.178/inc/hw_ints.h", line 369: warning #48-D: incompatible redefinition of macro "INT_FLASH" (declared at line 76 of "C:/ti/TivaWare_C_Series-2.1.4.178/inc/tm4c123gh6pm.h")
"C:/ti/TivaWare_C_Series-2.1.4.178/inc/hw_ints.h", line 370: warning #48-D: incompatible redefinition of macro "INT_GPIOA" (declared at line 48 of "C:/ti/TivaWare_C_Series-2.1.4.178/inc/tm4c123gh6pm.h")
"C:/ti/TivaWare_C_Series-2.1.4.178/inc/hw_ints.h", line 371: warning #48-D: incompatible redefinition of macro "INT_GPIOB" (declared at line 49 of "C:/ti/TivaWare_C_Series-2.1.4.178/inc/tm4c123gh6pm.h")
"C:/ti/TivaWare_C_Series-2.1.4.178/inc/hw_ints.h", line 372: warning #48-D: incompatible redefinition of macro "INT_GPIOC" (declared at line 50 of "C:/ti/TivaWare_C_Series-2.1.4.178/inc/tm4c123gh6pm.h")
"C:/ti/TivaWare_C_Series-2.1.4.178/inc/hw_ints.h", line 373: warning #48-D: incompatible redefinition of macro "INT_GPIOD" (declared at line 51 of "C:/ti/TivaWare_C_Series-2.1.4.178/inc/tm4c123gh6pm.h")
"C:/ti/TivaWare_C_Series-2.1.4.178/inc/hw_ints.h", line 374: warning #48-D: incompatible redefinition of macro "INT_GPIOE" (declared at line 52 of "C:/ti/TivaWare_C_Series-2.1.4.178/inc/tm4c123gh6pm.h")
"C:/ti/TivaWare_C_Series-2.1.4.178/inc/hw_ints.h", line 375: warning #48-D: incompatible redefinition of macro "INT_GPIOF" (declared at line 78 of "C:/ti/TivaWare_C_Series-2.1.4.178/inc/tm4c123gh6pm.h")
"C:/ti/TivaWare_C_Series-2.1.4.178/inc/hw_ints.h", line 402: warning #48-D: incompatible redefinition of macro "INT_HIBERNATE" (declared at line 87 of "C:/ti/TivaWare_C_Series-2.1.4.178/inc/tm4c123gh6pm.h")
"C:/ti/TivaWare_C_Series-2.1.4.178/inc/hw_ints.h", line 403: warning #48-D: incompatible redefinition of macro "INT_I2C0" (declared at line 56 of "C:/ti/TivaWare_C_Series-2.1.4.178/inc/tm4c123gh6pm.h")
"C:/ti/TivaWare_C_Series-2.1.4.178/inc/hw_ints.h", line 404: warning #48-D: incompatible redefinition of macro "INT_I2C1" (declared at line 83 of "C:/ti/TivaWare_C_Series-2.1.4.178/inc/tm4c123gh6pm.h")
"C:/ti/TivaWare_C_Series-2.1.4.178/inc/hw_ints.h", line 405: warning #48-D: incompatible redefinition of macro "INT_I2C2" (declared at line 103 of "C:/ti/TivaWare_C_Series-2.1.4.178/inc/tm4c123gh6pm.h")
"C:/ti/TivaWare_C_Series-2.1.4.178/inc/hw_ints.h", line 406: warning #48-D: incompatible redefinition of macro "INT_I2C3" (declared at line 104 of "C:/ti/TivaWare_C_Series-2.1.4.178/inc/tm4c123gh6pm.h")
"C:/ti/TivaWare_C_Series-2.1.4.178/inc/hw_ints.h", line 415: warning #48-D: incompatible redefinition of macro "INT_PWM0_0" (declared at line 58 of "C:/ti/TivaWare_C_Series-2.1.4.178/inc/tm4c123gh6pm.h")
"C:/ti/TivaWare_C_Series-2.1.4.178/inc/hw_ints.h", line 416: warning #48-D: incompatible redefinition of macro "INT_PWM0_1" (declared at line 59 of "C:/ti/TivaWare_C_Series-2.1.4.178/inc/tm4c123gh6pm.h")
"C:/ti/TivaWare_C_Series-2.1.4.178/inc/hw_ints.h", line 417: warning #48-D: incompatible redefinition of macro "INT_PWM0_2" (declared at line 60 of "C:/ti/TivaWare_C_Series-2.1.4.178/inc/tm4c123gh6pm.h")
"C:/ti/TivaWare_C_Series-2.1.4.178/inc/hw_ints.h", line 418: warning #48-D: incompatible redefinition of macro "INT_PWM0_3" (declared at line 89 of "C:/ti/TivaWare_C_Series-2.1.4.178/inc/tm4c123gh6pm.h")
"C:/ti/TivaWare_C_Series-2.1.4.178/inc/hw_ints.h", line 419: warning #48-D: incompatible redefinition of macro "INT_PWM0_FAULT" (declared at line 57 of "C:/ti/TivaWare_C_Series-2.1.4.178/inc/tm4c123gh6pm.h")
"C:/ti/TivaWare_C_Series-2.1.4.178/inc/hw_ints.h", line 420: warning #48-D: incompatible redefinition of macro "INT_PWM1_0" (declared at line 122 of "C:/ti/TivaWare_C_Series-2.1.4.178/inc/tm4c123gh6pm.h")
"C:/ti/TivaWare_C_Series-2.1.4.178/inc/hw_ints.h", line 421: warning #48-D: incompatible redefinition of macro "INT_PWM1_1" (declared at line 123 of "C:/ti/TivaWare_C_Series-2.1.4.178/inc/tm4c123gh6pm.h")
"C:/ti/TivaWare_C_Series-2.1.4.178/inc/hw_ints.h", line 422: warning #48-D: incompatible redefinition of macro "INT_PWM1_2" (declared at line 124 of "C:/ti/TivaWare_C_Series-2.1.4.178/inc/tm4c123gh6pm.h")
"C:/ti/TivaWare_C_Series-2.1.4.178/inc/hw_ints.h", line 423: warning #48-D: incompatible redefinition of macro "INT_PWM1_3" (declared at line 125 of "C:/ti/TivaWare_C_Series-2.1.4.178/inc/tm4c123gh6pm.h")
"C:/ti/TivaWare_C_Series-2.1.4.178/inc/hw_ints.h", line 424: warning #48-D: incompatible redefinition of macro "INT_PWM1_FAULT" (declared at line 126 of "C:/ti/TivaWare_C_Series-2.1.4.178/inc/tm4c123gh6pm.h")
"C:/ti/TivaWare_C_Series-2.1.4.178/inc/hw_ints.h", line 425: warning #48-D: incompatible redefinition of macro "INT_QEI0" (declared at line 61 of "C:/ti/TivaWare_C_Series-2.1.4.178/inc/tm4c123gh6pm.h")
"C:/ti/TivaWare_C_Series-2.1.4.178/inc/hw_ints.h", line 426: warning #48-D: incompatible redefinition of macro "INT_QEI1" (declared at line 84 of "C:/ti/TivaWare_C_Series-2.1.4.178/inc/tm4c123gh6pm.h")
"C:/ti/TivaWare_C_Series-2.1.4.178/inc/hw_ints.h", line 428: warning #48-D: incompatible redefinition of macro "INT_SSI0" (declared at line 55 of "C:/ti/TivaWare_C_Series-2.1.4.178/inc/tm4c123gh6pm.h")
"C:/ti/TivaWare_C_Series-2.1.4.178/inc/hw_ints.h", line 429: warning #48-D: incompatible redefinition of macro "INT_SSI1" (declared at line 80 of "C:/ti/TivaWare_C_Series-2.1.4.178/inc/tm4c123gh6pm.h")
"C:/ti/TivaWare_C_Series-2.1.4.178/inc/hw_ints.h", line 430: warning #48-D: incompatible redefinition of macro "INT_SSI2" (declared at line 96 of "C:/ti/TivaWare_C_Series-2.1.4.178/inc/tm4c123gh6pm.h")
"C:/ti/TivaWare_C_Series-2.1.4.178/inc/hw_ints.h", line 431: warning #48-D: incompatible redefinition of macro "INT_SSI3" (declared at line 97 of "C:/ti/TivaWare_C_Series-2.1.4.178/inc/tm4c123gh6pm.h")
"C:/ti/TivaWare_C_Series-2.1.4.178/inc/hw_ints.h", line 432: warning #48-D: incompatible redefinition of macro "INT_SYSCTL" (declared at line 75 of "C:/ti/TivaWare_C_Series-2.1.4.178/inc/tm4c123gh6pm.h")
"C:/ti/TivaWare_C_Series-2.1.4.178/inc/hw_ints.h", line 433: warning #48-D: incompatible redefinition of macro "INT_SYSEXC" (declared at line 121 of "C:/ti/TivaWare_C_Series-2.1.4.178/inc/tm4c123gh6pm.h")
"C:/ti/TivaWare_C_Series-2.1.4.178/inc/hw_ints.h", line 435: warning #48-D: incompatible redefinition of macro "INT_TIMER0A" (declared at line 67 of "C:/ti/TivaWare_C_Series-2.1.4.178/inc/tm4c123gh6pm.h")
"C:/ti/TivaWare_C_Series-2.1.4.178/inc/hw_ints.h", line 436: warning #48-D: incompatible redefinition of macro "INT_TIMER0B" (declared at line 68 of "C:/ti/TivaWare_C_Series-2.1.4.178/inc/tm4c123gh6pm.h")
"C:/ti/TivaWare_C_Series-2.1.4.178/inc/hw_ints.h", line 437: warning #48-D: incompatible redefinition of macro "INT_TIMER1A" (declared at line 69 of "C:/ti/TivaWare_C_Series-2.1.4.178/inc/tm4c123gh6pm.h")
"C:/ti/TivaWare_C_Series-2.1.4.178/inc/hw_ints.h", line 438: warning #48-D: incompatible redefinition of macro "INT_TIMER1B" (declared at line 70 of "C:/ti/TivaWare_C_Series-2.1.4.178/inc/tm4c123gh6pm.h")
"C:/ti/TivaWare_C_Series-2.1.4.178/inc/hw_ints.h", line 439: warning #48-D: incompatible redefinition of macro "INT_TIMER2A" (declared at line 71 of "C:/ti/TivaWare_C_Series-2.1.4.178/inc/tm4c123gh6pm.h")
"C:/ti/TivaWare_C_Series-2.1.4.178/inc/hw_ints.h", line 440: warning #48-D: incompatible redefinition of macro "INT_TIMER2B" (declared at line 72 of "C:/ti/TivaWare_C_Series-2.1.4.178/inc/tm4c123gh6pm.h")
"C:/ti/TivaWare_C_Series-2.1.4.178/inc/hw_ints.h", line 441: warning #48-D: incompatible redefinition of macro "INT_TIMER3A" (declared at line 81 of "C:/ti/TivaWare_C_Series-2.1.4.178/inc/tm4c123gh6pm.h")
"C:/ti/TivaWare_C_Series-2.1.4.178/inc/hw_ints.h", line 442: warning #48-D: incompatible redefinition of macro "INT_TIMER3B" (declared at line 82 of "C:/ti/TivaWare_C_Series-2.1.4.178/inc/tm4c123gh6pm.h")
"C:/ti/TivaWare_C_Series-2.1.4.178/inc/hw_ints.h", line 443: warning #48-D: incompatible redefinition of macro "INT_TIMER4A" (declared at line 105 of "C:/ti/TivaWare_C_Series-2.1.4.178/inc/tm4c123gh6pm.h")
"C:/ti/TivaWare_C_Series-2.1.4.178/inc/hw_ints.h", line 444: warning #48-D: incompatible redefinition of macro "INT_TIMER4B" (declared at line 106 of "C:/ti/TivaWare_C_Series-2.1.4.178/inc/tm4c123gh6pm.h")
"C:/ti/TivaWare_C_Series-2.1.4.178/inc/hw_ints.h", line 445: warning #48-D: incompatible redefinition of macro "INT_TIMER5A" (declared at line 107 of "C:/ti/TivaWare_C_Series-2.1.4.178/inc/tm4c123gh6pm.h")
"C:/ti/TivaWare_C_Series-2.1.4.178/inc/hw_ints.h", line 446: warning #48-D: incompatible redefinition of macro "INT_TIMER5B" (declared at line 108 of "C:/ti/TivaWare_C_Series-2.1.4.178/inc/tm4c123gh6pm.h")
"C:/ti/TivaWare_C_Series-2.1.4.178/inc/hw_ints.h", line 451: warning #48-D: incompatible redefinition of macro "INT_UART0" (declared at line 53 of "C:/ti/TivaWare_C_Series-2.1.4.178/inc/tm4c123gh6pm.h")
"C:/ti/TivaWare_C_Series-2.1.4.178/inc/hw_ints.h", line 452: warning #48-D: incompatible redefinition of macro "INT_UART1" (declared at line 54 of "C:/ti/TivaWare_C_Series-2.1.4.178/inc/tm4c123gh6pm.h")
"C:/ti/TivaWare_C_Series-2.1.4.178/inc/hw_ints.h", line 453: warning #48-D: incompatible redefinition of macro "INT_UART2" (declared at line 79 of "C:/ti/TivaWare_C_Series-2.1.4.178/inc/tm4c123gh6pm.h")
"C:/ti/TivaWare_C_Series-2.1.4.178/inc/hw_ints.h", line 454: warning #48-D: incompatible redefinition of macro "INT_UART3" (declared at line 98 of "C:/ti/TivaWare_C_Series-2.1.4.178/inc/tm4c123gh6pm.h")
"C:/ti/TivaWare_C_Series-2.1.4.178/inc/hw_ints.h", line 455: warning #48-D: incompatible redefinition of macro "INT_UART4" (declared at line 99 of "C:/ti/TivaWare_C_Series-2.1.4.178/inc/tm4c123gh6pm.h")
"C:/ti/TivaWare_C_Series-2.1.4.178/inc/hw_ints.h", line 456: warning #48-D: incompatible redefinition of macro "INT_UART5" (declared at line 100 of "C:/ti/TivaWare_C_Series-2.1.4.178/inc/tm4c123gh6pm.h")
"C:/ti/TivaWare_C_Series-2.1.4.178/inc/hw_ints.h", line 457: warning #48-D: incompatible redefinition of macro "INT_UART6" (declared at line 101 of "C:/ti/TivaWare_C_Series-2.1.4.178/inc/tm4c123gh6pm.h")
"C:/ti/TivaWare_C_Series-2.1.4.178/inc/hw_ints.h", line 458: warning #48-D: incompatible redefinition of macro "INT_UART7" (declared at line 102 of "C:/ti/TivaWare_C_Series-2.1.4.178/inc/tm4c123gh6pm.h")
"C:/ti/TivaWare_C_Series-2.1.4.178/inc/hw_ints.h", line 459: warning #48-D: incompatible redefinition of macro "INT_UDMA" (declared at line 90 of "C:/ti/TivaWare_C_Series-2.1.4.178/inc/tm4c123gh6pm.h")
"C:/ti/TivaWare_C_Series-2.1.4.178/inc/hw_ints.h", line 460: warning #48-D: incompatible redefinition of macro "INT_UDMAERR" (declared at line 91 of "C:/ti/TivaWare_C_Series-2.1.4.178/inc/tm4c123gh6pm.h")
"C:/ti/TivaWare_C_Series-2.1.4.178/inc/hw_ints.h", line 461: warning #48-D: incompatible redefinition of macro "INT_USB0" (declared at line 88 of "C:/ti/TivaWare_C_Series-2.1.4.178/inc/tm4c123gh6pm.h")
"C:/ti/TivaWare_C_Series-2.1.4.178/inc/hw_ints.h", line 462: warning #48-D: incompatible redefinition of macro "INT_WATCHDOG" (declared at line 66 of "C:/ti/TivaWare_C_Series-2.1.4.178/inc/tm4c123gh6pm.h")
"C:/ti/TivaWare_C_Series-2.1.4.178/inc/hw_ints.h", line 463: warning #48-D: incompatible redefinition of macro "INT_WTIMER0A" (declared at line 109 of "C:/ti/TivaWare_C_Series-2.1.4.178/inc/tm4c123gh6pm.h")
"C:/ti/TivaWare_C_Series-2.1.4.178/inc/hw_ints.h", line 464: warning #48-D: incompatible redefinition of macro "INT_WTIMER0B" (declared at line 110 of "C:/ti/TivaWare_C_Series-2.1.4.178/inc/tm4c123gh6pm.h")
"C:/ti/TivaWare_C_Series-2.1.4.178/inc/hw_ints.h", line 465: warning #48-D: incompatible redefinition of macro "INT_WTIMER1A" (declared at line 111 of "C:/ti/TivaWare_C_Series-2.1.4.178/inc/tm4c123gh6pm.h")
"C:/ti/TivaWare_C_Series-2.1.4.178/inc/hw_ints.h", line 466: warning #48-D: incompatible redefinition of macro "INT_WTIMER1B" (declared at line 112 of "C:/ti/TivaWare_C_Series-2.1.4.178/inc/tm4c123gh6pm.h")
"C:/ti/TivaWare_C_Series-2.1.4.178/inc/hw_ints.h", line 467: warning #48-D: incompatible redefinition of macro "INT_WTIMER2A" (declared at line 113 of "C:/ti/TivaWare_C_Series-2.1.4.178/inc/tm4c123gh6pm.h")
"C:/ti/TivaWare_C_Series-2.1.4.178/inc/hw_ints.h", line 468: warning #48-D: incompatible redefinition of macro "INT_WTIMER2B" (declared at line 114 of "C:/ti/TivaWare_C_Series-2.1.4.178/inc/tm4c123gh6pm.h")
"C:/ti/TivaWare_C_Series-2.1.4.178/inc/hw_ints.h", line 469: warning #48-D: incompatible redefinition of macro "INT_WTIMER3A" (declared at line 115 of "C:/ti/TivaWare_C_Series-2.1.4.178/inc/tm4c123gh6pm.h")
"C:/ti/TivaWare_C_Series-2.1.4.178/inc/hw_ints.h", line 470: warning #48-D: incompatible redefinition of macro "INT_WTIMER3B" (declared at line 116 of "C:/ti/TivaWare_C_Series-2.1.4.178/inc/tm4c123gh6pm.h")
"C:/ti/TivaWare_C_Series-2.1.4.178/inc/hw_ints.h", line 471: warning #48-D: incompatible redefinition of macro "INT_WTIMER4A" (declared at line 117 of "C:/ti/TivaWare_C_Series-2.1.4.178/inc/tm4c123gh6pm.h")
"C:/ti/TivaWare_C_Series-2.1.4.178/inc/hw_ints.h", line 472: warning #48-D: incompatible redefinition of macro "INT_WTIMER4B" (declared at line 118 of "C:/ti/TivaWare_C_Series-2.1.4.178/inc/tm4c123gh6pm.h")
"C:/ti/TivaWare_C_Series-2.1.4.178/inc/hw_ints.h", line 473: warning #48-D: incompatible redefinition of macro "INT_WTIMER5A" (declared at line 119 of "C:/ti/TivaWare_C_Series-2.1.4.178/inc/tm4c123gh6pm.h")
"C:/ti/TivaWare_C_Series-2.1.4.178/inc/hw_ints.h", line 474: warning #48-D: incompatible redefinition of macro "INT_WTIMER5B" (declared at line 120 of "C:/ti/TivaWare_C_Series-2.1.4.178/inc/tm4c123gh6pm.h")
"../slug.c", line 75: warning #994-D: missing return statement at end of non-void function "Button1_Init"
"../slug.c", line 262: warning #70-D: integer conversion resulted in truncation
"../slug.c", line 62: warning #179-D: variable "ClockFrequency" was declared but never referenced
'Finished building: ../slug.c'
' '
'Building target: BSP.out'
'Invoking: ARM Linker'
"C:/ti/ccsv7/tools/compiler/ti-cgt-arm_17.3.0.STS/bin/armcl" -mv7M4 --code_state=16 --float_support=FPv4SPD16 -me --define=ccs="ccs" --define=PART_TM4C123GH6PM -g --gcc --diag_warning=225 --diag_wrap=off --display_error_number --abi=eabi -z -m"BSP.map" --heap_size=0 --stack_size=512 -i"C:/ti/ccsv7/tools/compiler/ti-cgt-arm_17.3.0.STS/lib" -i"C:/ti/ccsv7/tools/compiler/ti-cgt-arm_17.3.0.STS/include" --reread_libs --diag_wrap=off --display_error_number --warn_sections --xml_link_info="BSP_linkInfo.xml" --rom_model -o "BSP.out" "./slug.obj" "./slugTest.obj" "./tm4c123gh6pm_startup_ccs.obj" "../tm4c123gh6pm.cmd"  -llibc.a -l"C:/ti/TivaWare_C_Series-2.1.4.178/driverlib/ccs/Debug/driverlib.lib" 
<Linking>
'Finished building target: BSP.out'
' '

**** Build Finished ****

**** Build of configuration Debug for project BSP ****

"C:\\ti\\ccsv7\\utils\\bin\\gmake" -k -j 4 all -O 
gmake[1]: 'BSP.out' is up to date.

**** Build Finished ****
